<?xml version="1.0" encoding="UTF-8"?>
<coverage generated="1612035423833" clover="3.2.0">
  <project timestamp="1612035423833" name="All files">
    <metrics statements="245" coveredstatements="245" conditionals="152" coveredconditionals="130" methods="105" coveredmethods="104" elements="502" coveredelements="479" complexity="0" loc="245" ncloc="245" packages="2" files="13" classes="13"/>
    <package name="src">
      <metrics statements="73" coveredstatements="73" conditionals="43" coveredconditionals="38" methods="38" coveredmethods="38"/>
      <file name="index.ts" path="T:\create-redux-pack\src\index.ts">
        <metrics statements="73" coveredstatements="73" conditionals="43" coveredconditionals="38" methods="38" coveredmethods="38"/>
        <line num="37" count="3" type="stmt"/>
        <line num="39" count="1" type="stmt"/>
        <line num="41" count="9" type="stmt"/>
        <line num="42" count="8" type="stmt"/>
        <line num="44" count="8" type="stmt"/>
        <line num="49" count="8" type="stmt"/>
        <line num="55" count="8" type="stmt"/>
        <line num="57" count="8" type="stmt"/>
        <line num="69" count="8" type="stmt"/>
        <line num="74" count="1" type="stmt"/>
        <line num="85" count="13" type="cond" truecount="2" falsecount="0"/>
        <line num="87" count="2" type="stmt"/>
        <line num="93" count="13" type="stmt"/>
        <line num="94" count="13" type="stmt"/>
        <line num="97" count="71" type="cond" truecount="4" falsecount="0"/>
        <line num="100" count="71" type="stmt"/>
        <line num="101" count="71" type="stmt"/>
        <line num="112" count="3" type="stmt"/>
        <line num="113" count="3" type="stmt"/>
        <line num="120" count="13" type="stmt"/>
        <line num="121" count="22" type="cond" truecount="2" falsecount="0"/>
        <line num="122" count="21" type="stmt"/>
        <line num="138" count="1" type="stmt"/>
        <line num="139" count="1" type="stmt"/>
        <line num="140" count="1" type="stmt"/>
        <line num="141" count="1" type="stmt"/>
        <line num="143" count="7" type="stmt"/>
        <line num="156" count="1" type="stmt"/>
        <line num="157" count="1" type="stmt"/>
        <line num="160" count="16" type="cond" truecount="4" falsecount="0"/>
        <line num="161" count="8" type="stmt"/>
        <line num="169" count="11" type="stmt"/>
        <line num="181" count="11" type="stmt"/>
        <line num="192" count="11" type="stmt"/>
        <line num="196" count="1" type="stmt"/>
        <line num="199" count="1" type="stmt"/>
        <line num="200" count="1" type="stmt"/>
        <line num="204" count="9" type="stmt"/>
        <line num="209" count="9" type="stmt"/>
        <line num="219" count="61" type="stmt"/>
        <line num="220" count="9" type="stmt"/>
        <line num="223" count="14" type="stmt"/>
        <line num="225" count="14" type="stmt"/>
        <line num="228" count="13" type="stmt"/>
        <line num="239" count="9" type="stmt"/>
        <line num="248" count="9" type="stmt"/>
        <line num="259" count="9" type="stmt"/>
        <line num="260" count="5" type="stmt"/>
        <line num="265" count="5" type="stmt"/>
        <line num="270" count="5" type="stmt"/>
        <line num="271" count="5" type="stmt"/>
        <line num="273" count="2" type="stmt"/>
        <line num="279" count="30" type="stmt"/>
        <line num="280" count="31" type="stmt"/>
        <line num="281" count="31" type="stmt"/>
        <line num="282" count="50" type="stmt"/>
        <line num="283" count="40" type="stmt"/>
        <line num="284" count="46" type="stmt"/>
        <line num="285" count="60" type="cond" truecount="2" falsecount="0"/>
        <line num="289" count="1" type="stmt"/>
        <line num="290" count="4" type="cond" truecount="2" falsecount="0"/>
        <line num="291" count="2" type="stmt"/>
        <line num="292" count="2" type="stmt"/>
        <line num="296" count="1" type="stmt"/>
        <line num="297" count="5" type="cond" truecount="2" falsecount="0"/>
        <line num="298" count="2" type="stmt"/>
        <line num="299" count="2" type="stmt"/>
        <line num="305" count="1" type="stmt"/>
        <line num="306" count="1" type="stmt"/>
        <line num="310" count="1" type="stmt"/>
        <line num="311" count="1" type="stmt"/>
        <line num="314" count="1" type="stmt"/>
        <line num="319" count="2" type="cond" truecount="3" falsecount="3"/>
      </file>
    </package>
    <package name="src.utils">
      <metrics statements="172" coveredstatements="172" conditionals="109" coveredconditionals="92" methods="67" coveredmethods="66"/>
      <file name="createAction.ts" path="T:\create-redux-pack\src\utils\createAction.ts">
        <metrics statements="2" coveredstatements="2" conditionals="2" coveredconditionals="2" methods="2" coveredmethods="2"/>
        <line num="4" count="1" type="stmt"/>
        <line num="8" count="30" type="stmt"/>
      </file>
      <file name="createReducerCase.ts" path="T:\create-redux-pack\src\utils\createReducerCase.ts">
        <metrics statements="2" coveredstatements="2" conditionals="2" coveredconditionals="2" methods="2" coveredmethods="2"/>
        <line num="3" count="1" type="stmt"/>
        <line num="6" count="29" type="stmt"/>
      </file>
      <file name="createSelector.ts" path="T:\create-redux-pack\src\utils\createSelector.ts">
        <metrics statements="4" coveredstatements="4" conditionals="4" coveredconditionals="2" methods="3" coveredmethods="3"/>
        <line num="3" count="1" type="stmt"/>
        <line num="7" count="6" type="cond" truecount="1" falsecount="1"/>
        <line num="8" count="6" type="cond" truecount="1" falsecount="1"/>
        <line num="9" count="6" type="stmt"/>
      </file>
      <file name="formatParams.ts" path="T:\create-redux-pack\src\utils\formatParams.ts">
        <metrics statements="8" coveredstatements="8" conditionals="4" coveredconditionals="4" methods="1" coveredmethods="1"/>
        <line num="3" count="1" type="stmt"/>
        <line num="5" count="1" type="stmt"/>
        <line num="8" count="10" type="stmt"/>
        <line num="9" count="10" type="cond" truecount="2" falsecount="0"/>
        <line num="10" count="9" type="cond" truecount="2" falsecount="0"/>
        <line num="11" count="8" type="stmt"/>
        <line num="12" count="8" type="stmt"/>
        <line num="14" count="1" type="stmt"/>
      </file>
      <file name="getReadableKey.ts" path="T:\create-redux-pack\src\utils\getReadableKey.ts">
        <metrics statements="1" coveredstatements="1" conditionals="2" coveredconditionals="2" methods="1" coveredmethods="1"/>
        <line num="3" count="22" type="cond" truecount="2" falsecount="0"/>
      </file>
      <file name="hasCRPackName.ts" path="T:\create-redux-pack\src\utils\hasCRPackName.ts">
        <metrics statements="1" coveredstatements="1" conditionals="0" coveredconditionals="0" methods="1" coveredmethods="1"/>
        <line num="1" count="110" type="stmt"/>
      </file>
      <file name="index.ts" path="T:\create-redux-pack\src\utils\index.ts">
        <metrics statements="0" coveredstatements="0" conditionals="0" coveredconditionals="0" methods="0" coveredmethods="0"/>
      </file>
      <file name="makeKeysReadable.ts" path="T:\create-redux-pack\src\utils\makeKeysReadable.ts">
        <metrics statements="15" coveredstatements="15" conditionals="12" coveredconditionals="10" methods="3" coveredmethods="3"/>
        <line num="3" count="1" type="stmt"/>
        <line num="4" count="4" type="cond" truecount="4" falsecount="0"/>
        <line num="5" count="3" type="stmt"/>
        <line num="6" count="3" type="stmt"/>
        <line num="7" count="10" type="cond" truecount="2" falsecount="0"/>
        <line num="8" count="10" type="cond" truecount="2" falsecount="0"/>
        <line num="9" count="4" type="stmt"/>
        <line num="11" count="4" type="stmt"/>
        <line num="12" count="7" type="cond" truecount="1" falsecount="1"/>
        <line num="13" count="7" type="cond" truecount="1" falsecount="1"/>
        <line num="14" count="7" type="stmt"/>
        <line num="15" count="7" type="stmt"/>
        <line num="16" count="7" type="stmt"/>
        <line num="19" count="4" type="stmt"/>
        <line num="22" count="3" type="stmt"/>
      </file>
      <file name="mergeGenerators.ts" path="T:\create-redux-pack\src\utils\mergeGenerators.ts">
        <metrics statements="30" coveredstatements="30" conditionals="12" coveredconditionals="10" methods="17" coveredmethods="16"/>
        <line num="3" count="1" type="stmt"/>
        <line num="6" count="3" type="stmt"/>
        <line num="7" count="6" type="stmt"/>
        <line num="8" count="2" type="stmt"/>
        <line num="9" count="2" type="cond" truecount="1" falsecount="1"/>
        <line num="10" count="2" type="stmt"/>
        <line num="11" count="2" type="stmt"/>
        <line num="12" count="4" type="stmt"/>
        <line num="13" count="4" type="stmt"/>
        <line num="14" count="4" type="cond" truecount="3" falsecount="0"/>
        <line num="15" count="2" type="stmt"/>
        <line num="16" count="4" type="stmt"/>
        <line num="18" count="2" type="stmt"/>
        <line num="19" count="6" type="stmt"/>
        <line num="22" count="4" type="stmt"/>
        <line num="23" count="2" type="stmt"/>
        <line num="25" count="4" type="stmt"/>
        <line num="26" count="4" type="stmt"/>
        <line num="27" count="4" type="cond" truecount="2" falsecount="0"/>
        <line num="28" count="1" type="stmt"/>
        <line num="32" count="1" type="stmt"/>
        <line num="33" count="6" type="stmt"/>
        <line num="40" count="4" type="stmt"/>
        <line num="53" count="2" type="stmt"/>
        <line num="54" count="14" type="stmt"/>
        <line num="57" count="12" type="stmt"/>
        <line num="58" count="24" type="stmt"/>
        <line num="59" count="18" type="stmt"/>
        <line num="64" count="2" type="stmt"/>
        <line num="69" count="1" type="stmt"/>
      </file>
      <file name="mergeObjects.ts" path="T:\create-redux-pack\src\utils\mergeObjects.ts">
        <metrics statements="9" coveredstatements="9" conditionals="6" coveredconditionals="5" methods="3" coveredmethods="3"/>
        <line num="1" count="1" type="stmt"/>
        <line num="2" count="4" type="stmt"/>
        <line num="3" count="4" type="stmt"/>
        <line num="4" count="6" type="stmt"/>
        <line num="5" count="18" type="cond" truecount="4" falsecount="0"/>
        <line num="7" count="6" type="cond" truecount="1" falsecount="1"/>
        <line num="8" count="6" type="stmt"/>
        <line num="10" count="4" type="stmt"/>
        <line num="11" count="4" type="stmt"/>
      </file>
      <file name="payloadMappers.ts" path="T:\create-redux-pack\src\utils\payloadMappers.ts">
        <metrics statements="98" coveredstatements="98" conditionals="65" coveredconditionals="55" methods="34" coveredmethods="34"/>
        <line num="7" count="60" type="stmt"/>
        <line num="9" count="1" type="cond" truecount="2" falsecount="0"/>
        <line num="10" count="17" type="cond" truecount="1" falsecount="1"/>
        <line num="11" count="17" type="stmt"/>
        <line num="12" count="27" type="cond" truecount="1" falsecount="1"/>
        <line num="15" count="30" type="cond" truecount="4" falsecount="0"/>
        <line num="16" count="17" type="cond" truecount="2" falsecount="0"/>
        <line num="17" count="17" type="cond" truecount="4" falsecount="0"/>
        <line num="20" count="1" type="stmt"/>
        <line num="29" count="17" type="stmt"/>
        <line num="30" count="17" type="cond" truecount="2" falsecount="0"/>
        <line num="31" count="17" type="stmt"/>
        <line num="32" count="17" type="cond" truecount="1" falsecount="1"/>
        <line num="33" count="17" type="stmt"/>
        <line num="34" count="17" type="cond" truecount="2" falsecount="0"/>
        <line num="37" count="1" type="stmt"/>
        <line num="45" count="27" type="stmt"/>
        <line num="46" count="15" type="stmt"/>
        <line num="47" count="27" type="stmt"/>
        <line num="48" count="27" type="cond" truecount="2" falsecount="0"/>
        <line num="49" count="17" type="stmt"/>
        <line num="51" count="10" type="stmt"/>
        <line num="52" count="10" type="stmt"/>
        <line num="53" count="10" type="cond" truecount="2" falsecount="0"/>
        <line num="54" count="10" type="cond" truecount="1" falsecount="1"/>
        <line num="55" count="10" type="stmt"/>
        <line num="56" count="10" type="stmt"/>
        <line num="60" count="1" type="stmt"/>
        <line num="61" count="9" type="stmt"/>
        <line num="62" count="9" type="stmt"/>
        <line num="63" count="9" type="stmt"/>
        <line num="66" count="1" type="stmt"/>
        <line num="72" count="13" type="stmt"/>
        <line num="73" count="13" type="stmt"/>
        <line num="74" count="11" type="stmt"/>
        <line num="75" count="11" type="stmt"/>
        <line num="76" count="11" type="cond" truecount="2" falsecount="0"/>
        <line num="77" count="7" type="stmt"/>
        <line num="78" count="7" type="stmt"/>
        <line num="80" count="4" type="stmt"/>
        <line num="81" count="4" type="cond" truecount="2" falsecount="0"/>
        <line num="82" count="4" type="stmt"/>
        <line num="86" count="1" type="stmt"/>
        <line num="87" count="9" type="stmt"/>
        <line num="88" count="9" type="stmt"/>
        <line num="89" count="9" type="stmt"/>
        <line num="92" count="1" type="stmt"/>
        <line num="93" count="7" type="stmt"/>
        <line num="95" count="24" type="cond" truecount="3" falsecount="4"/>
        <line num="98" count="1" type="stmt"/>
        <line num="104" count="13" type="stmt"/>
        <line num="105" count="13" type="stmt"/>
        <line num="106" count="11" type="stmt"/>
        <line num="107" count="11" type="cond" truecount="2" falsecount="0"/>
        <line num="108" count="7" type="stmt"/>
        <line num="109" count="7" type="stmt"/>
        <line num="111" count="4" type="stmt"/>
        <line num="112" count="4" type="stmt"/>
        <line num="113" count="4" type="stmt"/>
        <line num="114" count="4" type="stmt"/>
        <line num="118" count="1" type="stmt"/>
        <line num="123" count="9" type="stmt"/>
        <line num="124" count="9" type="stmt"/>
        <line num="125" count="9" type="stmt"/>
        <line num="128" count="1" type="stmt"/>
        <line num="130" count="3" type="cond" truecount="1" falsecount="0"/>
        <line num="131" count="10" type="stmt"/>
        <line num="132" count="22" type="cond" truecount="2" falsecount="0"/>
        <line num="135" count="10" type="cond" truecount="2" falsecount="0"/>
        <line num="136" count="2" type="stmt"/>
        <line num="140" count="8" type="cond" truecount="2" falsecount="0"/>
        <line num="141" count="1" type="stmt"/>
        <line num="144" count="10" type="stmt"/>
        <line num="149" count="1" type="stmt"/>
        <line num="156" count="13" type="stmt"/>
        <line num="157" count="13" type="stmt"/>
        <line num="158" count="11" type="stmt"/>
        <line num="159" count="11" type="stmt"/>
        <line num="160" count="11" type="cond" truecount="2" falsecount="0"/>
        <line num="161" count="19" type="stmt"/>
        <line num="162" count="7" type="stmt"/>
        <line num="163" count="7" type="stmt"/>
        <line num="165" count="4" type="stmt"/>
        <line num="166" count="4" type="stmt"/>
        <line num="167" count="6" type="stmt"/>
        <line num="168" count="6" type="stmt"/>
        <line num="169" count="6" type="stmt"/>
        <line num="170" count="29" type="cond" truecount="2" falsecount="0"/>
        <line num="171" count="3" type="stmt"/>
        <line num="172" count="3" type="stmt"/>
        <line num="175" count="6" type="cond" truecount="3" falsecount="1"/>
        <line num="179" count="24" type="cond" truecount="2" falsecount="0"/>
        <line num="180" count="2" type="cond" truecount="2" falsecount="0"/>
        <line num="181" count="4" type="stmt"/>
        <line num="182" count="8" type="stmt"/>
        <line num="187" count="4" type="stmt"/>
        <line num="188" count="4" type="stmt"/>
        <line num="189" count="4" type="stmt"/>
      </file>
      <file name="resetAction.ts" path="T:\create-redux-pack\src\utils\resetAction.ts">
        <metrics statements="2" coveredstatements="2" conditionals="0" coveredconditionals="0" methods="0" coveredmethods="0"/>
        <line num="3" count="1" type="stmt"/>
        <line num="5" count="1" type="stmt"/>
      </file>
    </package>
  </project>
</coverage>
