<?xml version="1.0" encoding="UTF-8"?>
<coverage generated="1606675861396" clover="3.2.0">
  <project timestamp="1606675861396" name="All files">
    <metrics statements="120" coveredstatements="120" conditionals="75" coveredconditionals="65" methods="68" coveredmethods="67" elements="263" coveredelements="252" complexity="0" loc="120" ncloc="120" packages="1" files="1" classes="1"/>
    <file name="index.ts" path="T:\create-redux-pack\src\index.ts">
      <metrics statements="120" coveredstatements="120" conditionals="75" coveredconditionals="65" methods="68" coveredmethods="67"/>
      <line num="27" count="1" type="stmt"/>
      <line num="29" count="3" type="stmt"/>
      <line num="31" count="1" type="stmt"/>
      <line num="35" count="7" type="stmt"/>
      <line num="36" count="7" type="stmt"/>
      <line num="39" count="1" type="stmt"/>
      <line num="43" count="6" type="stmt"/>
      <line num="44" count="6" type="stmt"/>
      <line num="46" count="6" type="stmt"/>
      <line num="47" count="6" type="stmt"/>
      <line num="49" count="6" type="stmt"/>
      <line num="56" count="6" type="stmt"/>
      <line num="78" count="12" type="cond" truecount="2" falsecount="0"/>
      <line num="80" count="2" type="stmt"/>
      <line num="86" count="12" type="stmt"/>
      <line num="87" count="12" type="stmt"/>
      <line num="90" count="63" type="cond" truecount="4" falsecount="0"/>
      <line num="93" count="63" type="stmt"/>
      <line num="94" count="63" type="stmt"/>
      <line num="105" count="3" type="stmt"/>
      <line num="106" count="3" type="stmt"/>
      <line num="113" count="12" type="stmt"/>
      <line num="114" count="21" type="cond" truecount="2" falsecount="0"/>
      <line num="115" count="20" type="stmt"/>
      <line num="132" count="1" type="stmt"/>
      <line num="133" count="1" type="stmt"/>
      <line num="134" count="1" type="stmt"/>
      <line num="135" count="1" type="stmt"/>
      <line num="137" count="7" type="stmt"/>
      <line num="150" count="1" type="stmt"/>
      <line num="151" count="1" type="stmt"/>
      <line num="154" count="14" type="cond" truecount="4" falsecount="0"/>
      <line num="155" count="7" type="stmt"/>
      <line num="163" count="9" type="stmt"/>
      <line num="175" count="9" type="stmt"/>
      <line num="187" count="9" type="stmt"/>
      <line num="191" count="1" type="stmt"/>
      <line num="194" count="1" type="stmt"/>
      <line num="195" count="1" type="stmt"/>
      <line num="199" count="7" type="stmt"/>
      <line num="204" count="7" type="stmt"/>
      <line num="214" count="56" type="stmt"/>
      <line num="215" count="7" type="stmt"/>
      <line num="218" count="14" type="stmt"/>
      <line num="220" count="14" type="stmt"/>
      <line num="223" count="13" type="stmt"/>
      <line num="226" count="8" type="cond" truecount="2" falsecount="0"/>
      <line num="227" count="3" type="stmt"/>
      <line num="230" count="15" type="stmt"/>
      <line num="242" count="13" type="stmt"/>
      <line num="247" count="6" type="stmt"/>
      <line num="258" count="7" type="stmt"/>
      <line num="263" count="3" type="stmt"/>
      <line num="275" count="13" type="stmt"/>
      <line num="276" count="5" type="stmt"/>
      <line num="280" count="5" type="stmt"/>
      <line num="283" count="7" type="stmt"/>
      <line num="284" count="7" type="stmt"/>
      <line num="286" count="7" type="cond" truecount="5" falsecount="1"/>
      <line num="287" count="7" type="stmt"/>
      <line num="305" count="2" type="stmt"/>
      <line num="311" count="30" type="stmt"/>
      <line num="312" count="31" type="stmt"/>
      <line num="313" count="31" type="stmt"/>
      <line num="314" count="52" type="stmt"/>
      <line num="315" count="42" type="stmt"/>
      <line num="316" count="48" type="stmt"/>
      <line num="317" count="28" type="stmt"/>
      <line num="321" count="1" type="stmt"/>
      <line num="322" count="3" type="cond" truecount="2" falsecount="0"/>
      <line num="323" count="2" type="stmt"/>
      <line num="324" count="2" type="stmt"/>
      <line num="328" count="1" type="stmt"/>
      <line num="329" count="2" type="cond" truecount="1" falsecount="1"/>
      <line num="330" count="2" type="stmt"/>
      <line num="331" count="2" type="stmt"/>
      <line num="335" count="1" type="stmt"/>
      <line num="336" count="6" type="stmt"/>
      <line num="337" count="5" type="stmt"/>
      <line num="338" count="5" type="stmt"/>
      <line num="341" count="1" type="stmt"/>
      <line num="345" count="24" type="stmt"/>
      <line num="349" count="1" type="stmt"/>
      <line num="352" count="41" type="stmt"/>
      <line num="360" count="1" type="stmt"/>
      <line num="361" count="1" type="stmt"/>
      <line num="365" count="1" type="stmt"/>
      <line num="366" count="1" type="stmt"/>
      <line num="369" count="1" type="stmt"/>
      <line num="388" count="2" type="cond" truecount="3" falsecount="3"/>
      <line num="391" count="1" type="stmt"/>
      <line num="392" count="3" type="stmt"/>
      <line num="393" count="6" type="stmt"/>
      <line num="394" count="2" type="stmt"/>
      <line num="395" count="2" type="cond" truecount="1" falsecount="1"/>
      <line num="396" count="2" type="stmt"/>
      <line num="397" count="2" type="stmt"/>
      <line num="398" count="4" type="stmt"/>
      <line num="399" count="4" type="stmt"/>
      <line num="400" count="4" type="cond" truecount="3" falsecount="0"/>
      <line num="401" count="2" type="stmt"/>
      <line num="402" count="4" type="stmt"/>
      <line num="404" count="2" type="stmt"/>
      <line num="405" count="6" type="stmt"/>
      <line num="408" count="4" type="stmt"/>
      <line num="409" count="2" type="stmt"/>
      <line num="411" count="4" type="stmt"/>
      <line num="412" count="4" type="stmt"/>
      <line num="413" count="4" type="cond" truecount="2" falsecount="0"/>
      <line num="414" count="1" type="stmt"/>
      <line num="418" count="1" type="stmt"/>
      <line num="419" count="6" type="stmt"/>
      <line num="426" count="4" type="stmt"/>
      <line num="439" count="2" type="stmt"/>
      <line num="440" count="14" type="stmt"/>
      <line num="443" count="12" type="stmt"/>
      <line num="444" count="24" type="stmt"/>
      <line num="445" count="18" type="stmt"/>
      <line num="450" count="2" type="stmt"/>
      <line num="455" count="1" type="stmt"/>
    </file>
  </project>
</coverage>
