{"T:\\create-redux-pack\\src\\index.ts": {"path":"T:\\create-redux-pack\\src\\index.ts","statementMap":{"0":{"start":{"line":36,"column":27},"end":{"line":36,"column":37}},"1":{"start":{"line":36,"column":33},"end":{"line":36,"column":37}},"2":{"start":{"line":38,"column":65},"end":{"line":288,"column":1}},"3":{"start":{"line":42,"column":17},"end":{"line":42,"column":38}},"4":{"start":{"line":43,"column":28},"end":{"line":43,"column":32}},"5":{"start":{"line":45,"column":33},"end":{"line":49,"column":11}},"6":{"start":{"line":50,"column":38},"end":{"line":54,"column":11}},"7":{"start":{"line":56,"column":4},"end":{"line":56,"column":100}},"8":{"start":{"line":58,"column":17},"end":{"line":68,"column":5}},"9":{"start":{"line":70,"column":4},"end":{"line":76,"column":7}},"10":{"start":{"line":75,"column":11},"end":{"line":75,"column":90}},"11":{"start":{"line":86,"column":30},"end":{"line":93,"column":7}},"12":{"start":{"line":88,"column":11},"end":{"line":91,"column":18}},"13":{"start":{"line":94,"column":6},"end":{"line":94,"column":50}},"14":{"start":{"line":95,"column":31},"end":{"line":120,"column":7}},"15":{"start":{"line":98,"column":12},"end":{"line":100,"column":50}},"16":{"start":{"line":101,"column":10},"end":{"line":101,"column":55}},"17":{"start":{"line":102,"column":10},"end":{"line":105,"column":12}},"18":{"start":{"line":113,"column":20},"end":{"line":113,"column":94}},"19":{"start":{"line":114,"column":20},"end":{"line":114,"column":40}},"20":{"start":{"line":121,"column":6},"end":{"line":124,"column":8}},"21":{"start":{"line":122,"column":8},"end":{"line":122,"column":83}},"22":{"start":{"line":122,"column":46},"end":{"line":122,"column":83}},"23":{"start":{"line":123,"column":8},"end":{"line":123,"column":64}},"24":{"start":{"line":139,"column":19},"end":{"line":139,"column":40}},"25":{"start":{"line":140,"column":30},"end":{"line":140,"column":34}},"26":{"start":{"line":141,"column":24},"end":{"line":141,"column":78}},"27":{"start":{"line":142,"column":19},"end":{"line":155,"column":7}},"28":{"start":{"line":144,"column":27},"end":{"line":144,"column":68}},"29":{"start":{"line":157,"column":6},"end":{"line":157,"column":86}},"30":{"start":{"line":158,"column":6},"end":{"line":158,"column":18}},"31":{"start":{"line":161,"column":6},"end":{"line":163,"column":7}},"32":{"start":{"line":162,"column":8},"end":{"line":162,"column":80}},"33":{"start":{"line":170,"column":6},"end":{"line":180,"column":50}},"34":{"start":{"line":182,"column":6},"end":{"line":191,"column":8}},"35":{"start":{"line":193,"column":6},"end":{"line":193,"column":38}},"36":{"start":{"line":197,"column":6},"end":{"line":197,"column":51}},"37":{"start":{"line":200,"column":6},"end":{"line":200,"column":52}},"38":{"start":{"line":201,"column":6},"end":{"line":201,"column":38}},"39":{"start":{"line":205,"column":112},"end":{"line":209,"column":7}},"40":{"start":{"line":210,"column":34},"end":{"line":214,"column":7}},"41":{"start":{"line":220,"column":32},"end":{"line":220,"column":66}},"42":{"start":{"line":220,"column":48},"end":{"line":220,"column":66}},"43":{"start":{"line":221,"column":8},"end":{"line":234,"column":10}},"44":{"start":{"line":224,"column":23},"end":{"line":224,"column":66}},"45":{"start":{"line":226,"column":76},"end":{"line":226,"column":118}},"46":{"start":{"line":229,"column":23},"end":{"line":229,"column":64}},"47":{"start":{"line":240,"column":52},"end":{"line":245,"column":7}},"48":{"start":{"line":249,"column":52},"end":{"line":256,"column":7}},"49":{"start":{"line":260,"column":101},"end":{"line":278,"column":7}},"50":{"start":{"line":261,"column":69},"end":{"line":264,"column":9}},"51":{"start":{"line":266,"column":27},"end":{"line":270,"column":11}},"52":{"start":{"line":271,"column":10},"end":{"line":271,"column":78}},"53":{"start":{"line":272,"column":10},"end":{"line":272,"column":26}},"54":{"start":{"line":274,"column":84},"end":{"line":277,"column":9}},"55":{"start":{"line":280,"column":34},"end":{"line":280,"column":47}},"56":{"start":{"line":281,"column":38},"end":{"line":281,"column":55}},"57":{"start":{"line":282,"column":35},"end":{"line":282,"column":49}},"58":{"start":{"line":283,"column":38},"end":{"line":283,"column":57}},"59":{"start":{"line":284,"column":37},"end":{"line":284,"column":53}},"60":{"start":{"line":285,"column":36},"end":{"line":285,"column":51}},"61":{"start":{"line":286,"column":48},"end":{"line":286,"column":94}},"62":{"start":{"line":290,"column":21},"end":{"line":295,"column":1}},"63":{"start":{"line":291,"column":2},"end":{"line":294,"column":3}},"64":{"start":{"line":292,"column":4},"end":{"line":292,"column":38}},"65":{"start":{"line":293,"column":4},"end":{"line":293,"column":36}},"66":{"start":{"line":297,"column":22},"end":{"line":302,"column":1}},"67":{"start":{"line":298,"column":2},"end":{"line":301,"column":3}},"68":{"start":{"line":299,"column":4},"end":{"line":299,"column":39}},"69":{"start":{"line":300,"column":4},"end":{"line":300,"column":36}},"70":{"start":{"line":306,"column":48},"end":{"line":313,"column":1}},"71":{"start":{"line":307,"column":16},"end":{"line":310,"column":4}},"72":{"start":{"line":311,"column":2},"end":{"line":311,"column":33}},"73":{"start":{"line":312,"column":2},"end":{"line":312,"column":15}},"74":{"start":{"line":315,"column":24},"end":{"line":321,"column":1}},"75":{"start":{"line":320,"column":2},"end":{"line":320,"column":110}}},"fnMap":{"0":{"name":"(anonymous_0)","decl":{"start":{"line":36,"column":27},"end":{"line":36,"column":28}},"loc":{"start":{"line":36,"column":33},"end":{"line":36,"column":37}},"line":36},"1":{"name":"(anonymous_1)","decl":{"start":{"line":39,"column":2},"end":{"line":39,"column":3}},"loc":{"start":{"line":41,"column":7},"end":{"line":77,"column":3}},"line":41},"2":{"name":"(anonymous_2)","decl":{"start":{"line":71,"column":21},"end":{"line":71,"column":22}},"loc":{"start":{"line":75,"column":11},"end":{"line":75,"column":90}},"line":75},"3":{"name":"(anonymous_3)","decl":{"start":{"line":82,"column":20},"end":{"line":82,"column":21}},"loc":{"start":{"line":85,"column":9},"end":{"line":125,"column":5}},"line":85},"4":{"name":"(anonymous_4)","decl":{"start":{"line":87,"column":8},"end":{"line":87,"column":9}},"loc":{"start":{"line":88,"column":11},"end":{"line":91,"column":18}},"line":88},"5":{"name":"(anonymous_5)","decl":{"start":{"line":96,"column":8},"end":{"line":96,"column":9}},"loc":{"start":{"line":96,"column":24},"end":{"line":106,"column":9}},"line":96},"6":{"name":"(anonymous_6)","decl":{"start":{"line":112,"column":27},"end":{"line":112,"column":28}},"loc":{"start":{"line":112,"column":46},"end":{"line":115,"column":19}},"line":112},"7":{"name":"(anonymous_7)","decl":{"start":{"line":121,"column":13},"end":{"line":121,"column":14}},"loc":{"start":{"line":121,"column":48},"end":{"line":124,"column":7}},"line":121},"8":{"name":"(anonymous_8)","decl":{"start":{"line":126,"column":19},"end":{"line":126,"column":20}},"loc":{"start":{"line":138,"column":9},"end":{"line":159,"column":5}},"line":138},"9":{"name":"(anonymous_9)","decl":{"start":{"line":144,"column":10},"end":{"line":144,"column":11}},"loc":{"start":{"line":144,"column":27},"end":{"line":144,"column":68}},"line":144},"10":{"name":"(anonymous_10)","decl":{"start":{"line":160,"column":19},"end":{"line":160,"column":20}},"loc":{"start":{"line":160,"column":25},"end":{"line":164,"column":5}},"line":160},"11":{"name":"(anonymous_11)","decl":{"start":{"line":165,"column":23},"end":{"line":165,"column":24}},"loc":{"start":{"line":169,"column":9},"end":{"line":194,"column":5}},"line":169},"12":{"name":"(anonymous_12)","decl":{"start":{"line":196,"column":26},"end":{"line":196,"column":27}},"loc":{"start":{"line":196,"column":32},"end":{"line":198,"column":5}},"line":196},"13":{"name":"(anonymous_13)","decl":{"start":{"line":199,"column":27},"end":{"line":199,"column":28}},"loc":{"start":{"line":199,"column":33},"end":{"line":202,"column":5}},"line":199},"14":{"name":"(anonymous_14)","decl":{"start":{"line":205,"column":15},"end":{"line":205,"column":16}},"loc":{"start":{"line":205,"column":112},"end":{"line":209,"column":7}},"line":205},"15":{"name":"(anonymous_15)","decl":{"start":{"line":210,"column":19},"end":{"line":210,"column":20}},"loc":{"start":{"line":210,"column":34},"end":{"line":214,"column":7}},"line":210},"16":{"name":"(anonymous_16)","decl":{"start":{"line":215,"column":17},"end":{"line":215,"column":18}},"loc":{"start":{"line":219,"column":51},"end":{"line":235,"column":7}},"line":219},"17":{"name":"(anonymous_17)","decl":{"start":{"line":220,"column":32},"end":{"line":220,"column":33}},"loc":{"start":{"line":220,"column":48},"end":{"line":220,"column":66}},"line":220},"18":{"name":"(anonymous_18)","decl":{"start":{"line":224,"column":12},"end":{"line":224,"column":13}},"loc":{"start":{"line":224,"column":23},"end":{"line":224,"column":66}},"line":224},"19":{"name":"(anonymous_19)","decl":{"start":{"line":226,"column":65},"end":{"line":226,"column":66}},"loc":{"start":{"line":226,"column":76},"end":{"line":226,"column":118}},"line":226},"20":{"name":"(anonymous_20)","decl":{"start":{"line":229,"column":12},"end":{"line":229,"column":13}},"loc":{"start":{"line":229,"column":23},"end":{"line":229,"column":64}},"line":229},"21":{"name":"(anonymous_21)","decl":{"start":{"line":236,"column":20},"end":{"line":236,"column":21}},"loc":{"start":{"line":240,"column":52},"end":{"line":245,"column":7}},"line":240},"22":{"name":"(anonymous_22)","decl":{"start":{"line":246,"column":18},"end":{"line":246,"column":19}},"loc":{"start":{"line":249,"column":52},"end":{"line":256,"column":7}},"line":249},"23":{"name":"(anonymous_23)","decl":{"start":{"line":257,"column":15},"end":{"line":257,"column":16}},"loc":{"start":{"line":260,"column":101},"end":{"line":278,"column":7}},"line":260},"24":{"name":"(anonymous_24)","decl":{"start":{"line":261,"column":62},"end":{"line":261,"column":63}},"loc":{"start":{"line":261,"column":69},"end":{"line":264,"column":9}},"line":261},"25":{"name":"(anonymous_25)","decl":{"start":{"line":265,"column":66},"end":{"line":265,"column":67}},"loc":{"start":{"line":265,"column":90},"end":{"line":273,"column":9}},"line":265},"26":{"name":"(anonymous_26)","decl":{"start":{"line":274,"column":63},"end":{"line":274,"column":64}},"loc":{"start":{"line":274,"column":84},"end":{"line":277,"column":9}},"line":274},"27":{"name":"(anonymous_27)","decl":{"start":{"line":280,"column":16},"end":{"line":280,"column":17}},"loc":{"start":{"line":280,"column":34},"end":{"line":280,"column":47}},"line":280},"28":{"name":"(anonymous_28)","decl":{"start":{"line":281,"column":20},"end":{"line":281,"column":21}},"loc":{"start":{"line":281,"column":38},"end":{"line":281,"column":55}},"line":281},"29":{"name":"(anonymous_29)","decl":{"start":{"line":282,"column":17},"end":{"line":282,"column":18}},"loc":{"start":{"line":282,"column":35},"end":{"line":282,"column":49}},"line":282},"30":{"name":"(anonymous_30)","decl":{"start":{"line":283,"column":20},"end":{"line":283,"column":21}},"loc":{"start":{"line":283,"column":38},"end":{"line":283,"column":57}},"line":283},"31":{"name":"(anonymous_31)","decl":{"start":{"line":284,"column":19},"end":{"line":284,"column":20}},"loc":{"start":{"line":284,"column":37},"end":{"line":284,"column":53}},"line":284},"32":{"name":"(anonymous_32)","decl":{"start":{"line":285,"column":18},"end":{"line":285,"column":19}},"loc":{"start":{"line":285,"column":36},"end":{"line":285,"column":51}},"line":285},"33":{"name":"(anonymous_33)","decl":{"start":{"line":286,"column":16},"end":{"line":286,"column":17}},"loc":{"start":{"line":286,"column":48},"end":{"line":286,"column":94}},"line":286},"34":{"name":"(anonymous_34)","decl":{"start":{"line":290,"column":21},"end":{"line":290,"column":22}},"loc":{"start":{"line":290,"column":33},"end":{"line":295,"column":1}},"line":290},"35":{"name":"(anonymous_35)","decl":{"start":{"line":297,"column":22},"end":{"line":297,"column":23}},"loc":{"start":{"line":297,"column":34},"end":{"line":302,"column":1}},"line":297},"36":{"name":"(anonymous_36)","decl":{"start":{"line":306,"column":48},"end":{"line":306,"column":49}},"loc":{"start":{"line":306,"column":61},"end":{"line":313,"column":1}},"line":306},"37":{"name":"(anonymous_37)","decl":{"start":{"line":315,"column":24},"end":{"line":315,"column":25}},"loc":{"start":{"line":319,"column":11},"end":{"line":321,"column":1}},"line":319}},"branchMap":{"0":{"loc":{"start":{"line":86,"column":42},"end":{"line":86,"column":56}},"type":"binary-expr","locations":[{"start":{"line":86,"column":42},"end":{"line":86,"column":50}},{"start":{"line":86,"column":54},"end":{"line":86,"column":56}}],"line":86},"1":{"loc":{"start":{"line":90,"column":16},"end":{"line":90,"column":118}},"type":"cond-expr","locations":[{"start":{"line":90,"column":29},"end":{"line":90,"column":83}},{"start":{"line":90,"column":86},"end":{"line":90,"column":118}}],"line":90},"2":{"loc":{"start":{"line":90,"column":59},"end":{"line":90,"column":73}},"type":"binary-expr","locations":[{"start":{"line":90,"column":59},"end":{"line":90,"column":67}},{"start":{"line":90,"column":71},"end":{"line":90,"column":73}}],"line":90},"3":{"loc":{"start":{"line":90,"column":96},"end":{"line":90,"column":110}},"type":"binary-expr","locations":[{"start":{"line":90,"column":96},"end":{"line":90,"column":104}},{"start":{"line":90,"column":108},"end":{"line":90,"column":110}}],"line":90},"4":{"loc":{"start":{"line":98,"column":12},"end":{"line":100,"column":50}},"type":"cond-expr","locations":[{"start":{"line":99,"column":16},"end":{"line":99,"column":79}},{"start":{"line":100,"column":16},"end":{"line":100,"column":50}}],"line":98},"5":{"loc":{"start":{"line":98,"column":12},"end":{"line":98,"column":45}},"type":"binary-expr","locations":[{"start":{"line":98,"column":12},"end":{"line":98,"column":24}},{"start":{"line":98,"column":28},"end":{"line":98,"column":45}}],"line":98},"6":{"loc":{"start":{"line":107,"column":9},"end":{"line":119,"column":14}},"type":"cond-expr","locations":[{"start":{"line":108,"column":12},"end":{"line":118,"column":13}},{"start":{"line":119,"column":12},"end":{"line":119,"column":14}}],"line":107},"7":{"loc":{"start":{"line":122,"column":8},"end":{"line":122,"column":83}},"type":"if","locations":[{"start":{"line":122,"column":8},"end":{"line":122,"column":83}},{"start":{"line":122,"column":8},"end":{"line":122,"column":83}}],"line":122},"8":{"loc":{"start":{"line":161,"column":6},"end":{"line":163,"column":7}},"type":"if","locations":[{"start":{"line":161,"column":6},"end":{"line":163,"column":7}},{"start":{"line":161,"column":6},"end":{"line":163,"column":7}}],"line":161},"9":{"loc":{"start":{"line":161,"column":10},"end":{"line":161,"column":74}},"type":"binary-expr","locations":[{"start":{"line":161,"column":10},"end":{"line":161,"column":32}},{"start":{"line":161,"column":36},"end":{"line":161,"column":74}}],"line":161},"10":{"loc":{"start":{"line":172,"column":12},"end":{"line":179,"column":40}},"type":"cond-expr","locations":[{"start":{"line":173,"column":12},"end":{"line":178,"column":13}},{"start":{"line":179,"column":12},"end":{"line":179,"column":40}}],"line":172},"11":{"loc":{"start":{"line":184,"column":12},"end":{"line":190,"column":43}},"type":"cond-expr","locations":[{"start":{"line":185,"column":12},"end":{"line":189,"column":13}},{"start":{"line":190,"column":12},"end":{"line":190,"column":43}}],"line":184},"12":{"loc":{"start":{"line":218,"column":8},"end":{"line":218,"column":55}},"type":"default-arg","locations":[{"start":{"line":218,"column":21},"end":{"line":218,"column":55}}],"line":218},"13":{"loc":{"start":{"line":238,"column":8},"end":{"line":238,"column":28}},"type":"default-arg","locations":[{"start":{"line":238,"column":24},"end":{"line":238,"column":28}}],"line":238},"14":{"loc":{"start":{"line":239,"column":8},"end":{"line":239,"column":55}},"type":"default-arg","locations":[{"start":{"line":239,"column":21},"end":{"line":239,"column":55}}],"line":239},"15":{"loc":{"start":{"line":248,"column":8},"end":{"line":248,"column":55}},"type":"default-arg","locations":[{"start":{"line":248,"column":21},"end":{"line":248,"column":55}}],"line":248},"16":{"loc":{"start":{"line":259,"column":8},"end":{"line":259,"column":55}},"type":"default-arg","locations":[{"start":{"line":259,"column":21},"end":{"line":259,"column":55}}],"line":259},"17":{"loc":{"start":{"line":275,"column":48},"end":{"line":275,"column":87}},"type":"binary-expr","locations":[{"start":{"line":275,"column":48},"end":{"line":275,"column":69}},{"start":{"line":275,"column":73},"end":{"line":275,"column":87}}],"line":275},"18":{"loc":{"start":{"line":286,"column":48},"end":{"line":286,"column":94}},"type":"cond-expr","locations":[{"start":{"line":286,"column":69},"end":{"line":286,"column":72}},{"start":{"line":286,"column":75},"end":{"line":286,"column":94}}],"line":286},"19":{"loc":{"start":{"line":291,"column":2},"end":{"line":294,"column":3}},"type":"if","locations":[{"start":{"line":291,"column":2},"end":{"line":294,"column":3}},{"start":{"line":291,"column":2},"end":{"line":294,"column":3}}],"line":291},"20":{"loc":{"start":{"line":298,"column":2},"end":{"line":301,"column":3}},"type":"if","locations":[{"start":{"line":298,"column":2},"end":{"line":301,"column":3}},{"start":{"line":298,"column":2},"end":{"line":301,"column":3}}],"line":298},"21":{"loc":{"start":{"line":320,"column":36},"end":{"line":320,"column":71}},"type":"binary-expr","locations":[{"start":{"line":320,"column":36},"end":{"line":320,"column":47}},{"start":{"line":320,"column":51},"end":{"line":320,"column":71}}],"line":320},"22":{"loc":{"start":{"line":320,"column":73},"end":{"line":320,"column":88}},"type":"binary-expr","locations":[{"start":{"line":320,"column":73},"end":{"line":320,"column":82}},{"start":{"line":320,"column":86},"end":{"line":320,"column":88}}],"line":320},"23":{"loc":{"start":{"line":320,"column":90},"end":{"line":320,"column":108}},"type":"binary-expr","locations":[{"start":{"line":320,"column":90},"end":{"line":320,"column":102}},{"start":{"line":320,"column":106},"end":{"line":320,"column":108}}],"line":320}},"s":{"0":1,"1":3,"2":1,"3":9,"4":8,"5":8,"6":8,"7":8,"8":8,"9":8,"10":1,"11":13,"12":2,"13":13,"14":13,"15":71,"16":71,"17":71,"18":3,"19":3,"20":13,"21":22,"22":1,"23":21,"24":1,"25":1,"26":1,"27":1,"28":7,"29":1,"30":1,"31":16,"32":8,"33":11,"34":11,"35":11,"36":1,"37":1,"38":1,"39":9,"40":9,"41":9,"42":60,"43":9,"44":14,"45":14,"46":13,"47":9,"48":9,"49":9,"50":5,"51":5,"52":5,"53":5,"54":2,"55":30,"56":31,"57":31,"58":50,"59":40,"60":46,"61":60,"62":1,"63":4,"64":2,"65":2,"66":1,"67":5,"68":2,"69":2,"70":1,"71":1,"72":1,"73":1,"74":1,"75":2},"f":{"0":3,"1":9,"2":1,"3":13,"4":2,"5":71,"6":3,"7":22,"8":1,"9":7,"10":16,"11":11,"12":1,"13":1,"14":9,"15":9,"16":9,"17":60,"18":14,"19":14,"20":13,"21":9,"22":9,"23":9,"24":5,"25":5,"26":2,"27":30,"28":31,"29":31,"30":50,"31":40,"32":46,"33":60,"34":4,"35":5,"36":1,"37":2},"b":{"0":[13,11],"1":[1,1],"2":[1,0],"3":[1,0],"4":[2,69],"5":[71,14],"6":[2,11],"7":[1,21],"8":[8,8],"9":[16,9],"10":[4,7],"11":[4,7],"12":[7],"13":[7],"14":[7],"15":[7],"16":[7],"17":[2,2],"18":[8,52],"19":[2,2],"20":[2,3],"21":[2,0],"22":[2,0],"23":[2,0]},"_coverageSchema":"1a1c01bbd47fc00a2c39e90264f33305004495a9","hash":"59aadc4baba438338846e6cbd85f7e48ffe7c3b2"}
,"T:\\create-redux-pack\\src\\utils\\createAction.ts": {"path":"T:\\create-redux-pack\\src\\utils\\createAction.ts","statementMap":{"0":{"start":{"line":4,"column":28},"end":{"line":10,"column":5}},"1":{"start":{"line":8,"column":2},"end":{"line":10,"column":5}},"2":{"start":{"line":8,"column":48},"end":{"line":10,"column":3}}},"fnMap":{"0":{"name":"(anonymous_0)","decl":{"start":{"line":4,"column":28},"end":{"line":4,"column":29}},"loc":{"start":{"line":8,"column":2},"end":{"line":10,"column":5}},"line":8},"1":{"name":"(anonymous_1)","decl":{"start":{"line":8,"column":28},"end":{"line":8,"column":29}},"loc":{"start":{"line":8,"column":48},"end":{"line":10,"column":3}},"line":8}},"branchMap":{"0":{"loc":{"start":{"line":9,"column":13},"end":{"line":9,"column":55}},"type":"cond-expr","locations":[{"start":{"line":9,"column":29},"end":{"line":9,"column":48}},{"start":{"line":9,"column":51},"end":{"line":9,"column":55}}],"line":9}},"s":{"0":1,"1":30,"2":18},"f":{"0":30,"1":18},"b":{"0":[1,17]},"_coverageSchema":"1a1c01bbd47fc00a2c39e90264f33305004495a9","hash":"7168d16f28676848f376e9fda1d5ef24527bf404"}
,"T:\\create-redux-pack\\src\\utils\\createReducerCase.ts": {"path":"T:\\create-redux-pack\\src\\utils\\createReducerCase.ts","statementMap":{"0":{"start":{"line":3,"column":33},"end":{"line":10,"column":1}},"1":{"start":{"line":6,"column":2},"end":{"line":9,"column":5}},"2":{"start":{"line":6,"column":66},"end":{"line":9,"column":3}}},"fnMap":{"0":{"name":"(anonymous_0)","decl":{"start":{"line":3,"column":33},"end":{"line":3,"column":34}},"loc":{"start":{"line":5,"column":66},"end":{"line":10,"column":1}},"line":5},"1":{"name":"(anonymous_1)","decl":{"start":{"line":6,"column":9},"end":{"line":6,"column":10}},"loc":{"start":{"line":6,"column":66},"end":{"line":9,"column":3}},"line":6}},"branchMap":{"0":{"loc":{"start":{"line":7,"column":8},"end":{"line":7,"column":30}},"type":"cond-expr","locations":[{"start":{"line":7,"column":20},"end":{"line":7,"column":22}},{"start":{"line":7,"column":25},"end":{"line":7,"column":30}}],"line":7}},"s":{"0":1,"1":29,"2":13},"f":{"0":29,"1":13},"b":{"0":[2,11]},"_coverageSchema":"1a1c01bbd47fc00a2c39e90264f33305004495a9","hash":"e2d535bdcd0c531e6823d370b701d2802d5cc618"}
,"T:\\create-redux-pack\\src\\utils\\createSelector.ts": {"path":"T:\\create-redux-pack\\src\\utils\\createSelector.ts","statementMap":{"0":{"start":{"line":3,"column":30},"end":{"line":7,"column":3}},"1":{"start":{"line":4,"column":2},"end":{"line":7,"column":3}},"2":{"start":{"line":5,"column":15},"end":{"line":5,"column":33}},"3":{"start":{"line":6,"column":15},"end":{"line":6,"column":30}}},"fnMap":{"0":{"name":"(anonymous_0)","decl":{"start":{"line":3,"column":30},"end":{"line":3,"column":31}},"loc":{"start":{"line":4,"column":2},"end":{"line":7,"column":3}},"line":4},"1":{"name":"(anonymous_1)","decl":{"start":{"line":5,"column":4},"end":{"line":5,"column":5}},"loc":{"start":{"line":5,"column":15},"end":{"line":5,"column":33}},"line":5},"2":{"name":"(anonymous_2)","decl":{"start":{"line":6,"column":4},"end":{"line":6,"column":5}},"loc":{"start":{"line":6,"column":15},"end":{"line":6,"column":30}},"line":6}},"branchMap":{},"s":{"0":1,"1":6,"2":5,"3":5},"f":{"0":6,"1":5,"2":5},"b":{},"_coverageSchema":"1a1c01bbd47fc00a2c39e90264f33305004495a9","hash":"ae1d548274744f4621c1d013c8dfe88de32d45b9"}
,"T:\\create-redux-pack\\src\\utils\\formatParams.ts": {"path":"T:\\create-redux-pack\\src\\utils\\formatParams.ts","statementMap":{"0":{"start":{"line":3,"column":38},"end":{"line":3,"column":63}},"1":{"start":{"line":5,"column":28},"end":{"line":16,"column":1}},"2":{"start":{"line":8,"column":2},"end":{"line":15,"column":3}},"3":{"start":{"line":9,"column":97},"end":{"line":9,"column":106}},"4":{"start":{"line":10,"column":4},"end":{"line":10,"column":51}},"5":{"start":{"line":10,"column":34},"end":{"line":10,"column":51}},"6":{"start":{"line":11,"column":17},"end":{"line":11,"column":85}},"7":{"start":{"line":12,"column":4},"end":{"line":12,"column":68}},"8":{"start":{"line":14,"column":4},"end":{"line":14,"column":56}}},"fnMap":{"0":{"name":"(anonymous_0)","decl":{"start":{"line":5,"column":28},"end":{"line":5,"column":29}},"loc":{"start":{"line":7,"column":94},"end":{"line":16,"column":1}},"line":7}},"branchMap":{"0":{"loc":{"start":{"line":9,"column":18},"end":{"line":9,"column":45}},"type":"default-arg","locations":[{"start":{"line":9,"column":31},"end":{"line":9,"column":45}}],"line":9},"1":{"loc":{"start":{"line":9,"column":47},"end":{"line":9,"column":81}},"type":"default-arg","locations":[{"start":{"line":9,"column":61},"end":{"line":9,"column":81}}],"line":9},"2":{"loc":{"start":{"line":10,"column":4},"end":{"line":10,"column":51}},"type":"if","locations":[{"start":{"line":10,"column":4},"end":{"line":10,"column":51}},{"start":{"line":10,"column":4},"end":{"line":10,"column":51}}],"line":10}},"s":{"0":1,"1":1,"2":10,"3":10,"4":9,"5":1,"6":8,"7":8,"8":1},"f":{"0":10},"b":{"0":[1],"1":[1],"2":[1,8]},"_coverageSchema":"1a1c01bbd47fc00a2c39e90264f33305004495a9","hash":"278545bd98c52d85044cabbc2464edc4dd2efd47"}
,"T:\\create-redux-pack\\src\\utils\\hasCRPackName.ts": {"path":"T:\\create-redux-pack\\src\\utils\\hasCRPackName.ts","statementMap":{"0":{"start":{"line":1,"column":29},"end":{"line":1,"column":87}},"1":{"start":{"line":1,"column":56},"end":{"line":1,"column":87}}},"fnMap":{"0":{"name":"(anonymous_0)","decl":{"start":{"line":1,"column":29},"end":{"line":1,"column":30}},"loc":{"start":{"line":1,"column":56},"end":{"line":1,"column":87}},"line":1}},"branchMap":{},"s":{"0":1,"1":110},"f":{"0":110},"b":{},"_coverageSchema":"1a1c01bbd47fc00a2c39e90264f33305004495a9","hash":"0e0284430712cbe06eda20dc65d6176e0b61b290"}
,"T:\\create-redux-pack\\src\\utils\\index.ts": {"path":"T:\\create-redux-pack\\src\\utils\\index.ts","statementMap":{},"fnMap":{},"branchMap":{},"s":{},"f":{},"b":{},"_coverageSchema":"1a1c01bbd47fc00a2c39e90264f33305004495a9","hash":"4a6701f29e680a63308fc68d88c9cc8d4e2f8f93"}
,"T:\\create-redux-pack\\src\\utils\\makeKeysReadable.ts": {"path":"T:\\create-redux-pack\\src\\utils\\makeKeysReadable.ts","statementMap":{"0":{"start":{"line":3,"column":32},"end":{"line":23,"column":1}},"1":{"start":{"line":4,"column":2},"end":{"line":4,"column":52}},"2":{"start":{"line":4,"column":41},"end":{"line":4,"column":52}},"3":{"start":{"line":5,"column":17},"end":{"line":5,"column":27}},"4":{"start":{"line":6,"column":21},"end":{"line":20,"column":3}},"5":{"start":{"line":7,"column":17},"end":{"line":7,"column":64}},"6":{"start":{"line":8,"column":4},"end":{"line":8,"column":36}},"7":{"start":{"line":8,"column":22},"end":{"line":8,"column":36}},"8":{"start":{"line":9,"column":17},"end":{"line":9,"column":30}},"9":{"start":{"line":11,"column":4},"end":{"line":18,"column":7}},"10":{"start":{"line":12,"column":26},"end":{"line":12,"column":54}},"11":{"start":{"line":13,"column":6},"end":{"line":17,"column":7}},"12":{"start":{"line":14,"column":8},"end":{"line":14,"column":44}},"13":{"start":{"line":15,"column":8},"end":{"line":15,"column":23}},"14":{"start":{"line":16,"column":8},"end":{"line":16,"column":15}},"15":{"start":{"line":19,"column":4},"end":{"line":19,"column":16}},"16":{"start":{"line":22,"column":2},"end":{"line":22,"column":28}}},"fnMap":{"0":{"name":"(anonymous_0)","decl":{"start":{"line":3,"column":32},"end":{"line":3,"column":33}},"loc":{"start":{"line":3,"column":78},"end":{"line":23,"column":1}},"line":3},"1":{"name":"(anonymous_1)","decl":{"start":{"line":6,"column":21},"end":{"line":6,"column":22}},"loc":{"start":{"line":6,"column":38},"end":{"line":20,"column":3}},"line":6},"2":{"name":"(anonymous_2)","decl":{"start":{"line":11,"column":17},"end":{"line":11,"column":18}},"loc":{"start":{"line":11,"column":24},"end":{"line":18,"column":5}},"line":11}},"branchMap":{"0":{"loc":{"start":{"line":4,"column":2},"end":{"line":4,"column":52}},"type":"if","locations":[{"start":{"line":4,"column":2},"end":{"line":4,"column":52}},{"start":{"line":4,"column":2},"end":{"line":4,"column":52}}],"line":4},"1":{"loc":{"start":{"line":4,"column":8},"end":{"line":4,"column":38}},"type":"binary-expr","locations":[{"start":{"line":4,"column":8},"end":{"line":4,"column":11}},{"start":{"line":4,"column":15},"end":{"line":4,"column":38}}],"line":4},"2":{"loc":{"start":{"line":7,"column":29},"end":{"line":7,"column":41}},"type":"binary-expr","locations":[{"start":{"line":7,"column":29},"end":{"line":7,"column":35}},{"start":{"line":7,"column":39},"end":{"line":7,"column":41}}],"line":7},"3":{"loc":{"start":{"line":8,"column":4},"end":{"line":8,"column":36}},"type":"if","locations":[{"start":{"line":8,"column":4},"end":{"line":8,"column":36}},{"start":{"line":8,"column":4},"end":{"line":8,"column":36}}],"line":8},"4":{"loc":{"start":{"line":12,"column":26},"end":{"line":12,"column":54}},"type":"binary-expr","locations":[{"start":{"line":12,"column":26},"end":{"line":12,"column":48}},{"start":{"line":12,"column":52},"end":{"line":12,"column":54}}],"line":12},"5":{"loc":{"start":{"line":13,"column":6},"end":{"line":17,"column":7}},"type":"if","locations":[{"start":{"line":13,"column":6},"end":{"line":17,"column":7}},{"start":{"line":13,"column":6},"end":{"line":17,"column":7}}],"line":13}},"s":{"0":1,"1":4,"2":1,"3":3,"4":3,"5":10,"6":10,"7":6,"8":4,"9":4,"10":7,"11":7,"12":7,"13":7,"14":7,"15":4,"16":3},"f":{"0":4,"1":10,"2":7},"b":{"0":[1,3],"1":[4,4],"2":[10,1],"3":[6,4],"4":[7,0],"5":[7,0]},"_coverageSchema":"1a1c01bbd47fc00a2c39e90264f33305004495a9","hash":"e0d401ae9b0b8940ed78c98f373635987196c812"}
,"T:\\create-redux-pack\\src\\utils\\mergeGenerators.ts": {"path":"T:\\create-redux-pack\\src\\utils\\mergeGenerators.ts","statementMap":{"0":{"start":{"line":3,"column":31},"end":{"line":69,"column":1}},"1":{"start":{"line":4,"column":2},"end":{"line":68,"column":3}},"2":{"start":{"line":5,"column":20},"end":{"line":5,"column":114}},"3":{"start":{"line":5,"column":76},"end":{"line":5,"column":107}},"4":{"start":{"line":6,"column":82},"end":{"line":6,"column":92}},"5":{"start":{"line":6,"column":89},"end":{"line":6,"column":91}},"6":{"start":{"line":7,"column":4},"end":{"line":50,"column":5}},"7":{"start":{"line":8,"column":6},"end":{"line":49,"column":8}},"8":{"start":{"line":9,"column":25},"end":{"line":12,"column":97}},"9":{"start":{"line":10,"column":27},"end":{"line":10,"column":56}},"10":{"start":{"line":11,"column":24},"end":{"line":11,"column":41}},"11":{"start":{"line":12,"column":27},"end":{"line":12,"column":96}},"12":{"start":{"line":13,"column":29},"end":{"line":15,"column":9}},"13":{"start":{"line":14,"column":67},"end":{"line":14,"column":102}},"14":{"start":{"line":16,"column":8},"end":{"line":48,"column":10}},"15":{"start":{"line":17,"column":34},"end":{"line":46,"column":11}},"16":{"start":{"line":20,"column":38},"end":{"line":20,"column":102}},"17":{"start":{"line":20,"column":67},"end":{"line":20,"column":101}},"18":{"start":{"line":21,"column":14},"end":{"line":44,"column":16}},"19":{"start":{"line":23,"column":33},"end":{"line":23,"column":80}},"20":{"start":{"line":24,"column":39},"end":{"line":24,"column":60}},"21":{"start":{"line":25,"column":18},"end":{"line":37,"column":19}},"22":{"start":{"line":26,"column":20},"end":{"line":29,"column":22}},"23":{"start":{"line":30,"column":20},"end":{"line":36,"column":22}},"24":{"start":{"line":31,"column":39},"end":{"line":34,"column":23}},"25":{"start":{"line":38,"column":18},"end":{"line":41,"column":20}},"26":{"start":{"line":51,"column":19},"end":{"line":61,"column":5}},"27":{"start":{"line":52,"column":23},"end":{"line":59,"column":7}},"28":{"start":{"line":55,"column":10},"end":{"line":57,"column":75}},"29":{"start":{"line":56,"column":29},"end":{"line":56,"column":52}},"30":{"start":{"line":57,"column":37},"end":{"line":57,"column":68}},"31":{"start":{"line":62,"column":4},"end":{"line":65,"column":23}},"32":{"start":{"line":67,"column":4},"end":{"line":67,"column":75}}},"fnMap":{"0":{"name":"(anonymous_0)","decl":{"start":{"line":3,"column":31},"end":{"line":3,"column":32}},"loc":{"start":{"line":3,"column":101},"end":{"line":69,"column":1}},"line":3},"1":{"name":"(anonymous_1)","decl":{"start":{"line":5,"column":60},"end":{"line":5,"column":61}},"loc":{"start":{"line":5,"column":76},"end":{"line":5,"column":107}},"line":5},"2":{"name":"(anonymous_2)","decl":{"start":{"line":6,"column":82},"end":{"line":6,"column":83}},"loc":{"start":{"line":6,"column":89},"end":{"line":6,"column":91}},"line":6},"3":{"name":"(anonymous_3)","decl":{"start":{"line":8,"column":16},"end":{"line":8,"column":17}},"loc":{"start":{"line":8,"column":26},"end":{"line":49,"column":7}},"line":8},"4":{"name":"(anonymous_4)","decl":{"start":{"line":10,"column":18},"end":{"line":10,"column":19}},"loc":{"start":{"line":10,"column":27},"end":{"line":10,"column":56}},"line":10},"5":{"name":"(anonymous_5)","decl":{"start":{"line":11,"column":15},"end":{"line":11,"column":16}},"loc":{"start":{"line":11,"column":24},"end":{"line":11,"column":41}},"line":11},"6":{"name":"(anonymous_6)","decl":{"start":{"line":12,"column":18},"end":{"line":12,"column":19}},"loc":{"start":{"line":12,"column":27},"end":{"line":12,"column":96}},"line":12},"7":{"name":"(anonymous_7)","decl":{"start":{"line":14,"column":47},"end":{"line":14,"column":48}},"loc":{"start":{"line":14,"column":67},"end":{"line":14,"column":102}},"line":14},"8":{"name":"(anonymous_8)","decl":{"start":{"line":17,"column":10},"end":{"line":17,"column":11}},"loc":{"start":{"line":17,"column":34},"end":{"line":46,"column":11}},"line":17},"9":{"name":"(anonymous_9)","decl":{"start":{"line":19,"column":26},"end":{"line":19,"column":27}},"loc":{"start":{"line":19,"column":84},"end":{"line":45,"column":13}},"line":19},"10":{"name":"(anonymous_10)","decl":{"start":{"line":20,"column":54},"end":{"line":20,"column":55}},"loc":{"start":{"line":20,"column":67},"end":{"line":20,"column":101}},"line":20},"11":{"name":"(anonymous_11)","decl":{"start":{"line":22,"column":16},"end":{"line":22,"column":17}},"loc":{"start":{"line":22,"column":48},"end":{"line":42,"column":17}},"line":22},"12":{"name":"(anonymous_12)","decl":{"start":{"line":31,"column":22},"end":{"line":31,"column":23}},"loc":{"start":{"line":31,"column":39},"end":{"line":34,"column":23}},"line":31},"13":{"name":"(anonymous_13)","decl":{"start":{"line":52,"column":6},"end":{"line":52,"column":7}},"loc":{"start":{"line":52,"column":23},"end":{"line":59,"column":7}},"line":52},"14":{"name":"(anonymous_14)","decl":{"start":{"line":54,"column":15},"end":{"line":54,"column":16}},"loc":{"start":{"line":54,"column":58},"end":{"line":58,"column":9}},"line":54},"15":{"name":"(anonymous_15)","decl":{"start":{"line":56,"column":20},"end":{"line":56,"column":21}},"loc":{"start":{"line":56,"column":29},"end":{"line":56,"column":52}},"line":56},"16":{"name":"(anonymous_16)","decl":{"start":{"line":57,"column":20},"end":{"line":57,"column":21}},"loc":{"start":{"line":57,"column":37},"end":{"line":57,"column":68}},"line":57}},"branchMap":{"0":{"loc":{"start":{"line":7,"column":4},"end":{"line":50,"column":5}},"type":"if","locations":[{"start":{"line":7,"column":4},"end":{"line":50,"column":5}},{"start":{"line":7,"column":4},"end":{"line":50,"column":5}}],"line":7},"1":{"loc":{"start":{"line":12,"column":27},"end":{"line":12,"column":96}},"type":"binary-expr","locations":[{"start":{"line":12,"column":27},"end":{"line":12,"column":30}},{"start":{"line":12,"column":34},"end":{"line":12,"column":57}},{"start":{"line":12,"column":61},"end":{"line":12,"column":96}}],"line":12},"2":{"loc":{"start":{"line":19,"column":27},"end":{"line":19,"column":58}},"type":"default-arg","locations":[{"start":{"line":19,"column":56},"end":{"line":19,"column":58}}],"line":19},"3":{"loc":{"start":{"line":25,"column":18},"end":{"line":37,"column":19}},"type":"if","locations":[{"start":{"line":25,"column":18},"end":{"line":37,"column":19}},{"start":{"line":25,"column":18},"end":{"line":37,"column":19}}],"line":25},"4":{"loc":{"start":{"line":33,"column":28},"end":{"line":33,"column":103}},"type":"cond-expr","locations":[{"start":{"line":33,"column":74},"end":{"line":33,"column":98}},{"start":{"line":33,"column":101},"end":{"line":33,"column":103}}],"line":33},"5":{"loc":{"start":{"line":33,"column":28},"end":{"line":33,"column":71}},"type":"binary-expr","locations":[{"start":{"line":33,"column":28},"end":{"line":33,"column":39}},{"start":{"line":33,"column":43},"end":{"line":33,"column":71}}],"line":33}},"s":{"0":1,"1":3,"2":3,"3":6,"4":2,"5":0,"6":2,"7":2,"8":2,"9":4,"10":4,"11":4,"12":2,"13":4,"14":2,"15":6,"16":2,"17":4,"18":2,"19":4,"20":4,"21":4,"22":1,"23":1,"24":6,"25":4,"26":2,"27":14,"28":12,"29":24,"30":18,"31":2,"32":1},"f":{"0":3,"1":6,"2":0,"3":2,"4":4,"5":4,"6":4,"7":4,"8":6,"9":2,"10":4,"11":4,"12":6,"13":14,"14":12,"15":24,"16":18},"b":{"0":[2,0],"1":[4,4,4],"2":[0],"3":[1,3],"4":[5,1],"5":[6,3]},"_coverageSchema":"1a1c01bbd47fc00a2c39e90264f33305004495a9","hash":"1ad0adef5d12bd78ddfd6e7b7195c26fd0a3a06d"}
,"T:\\create-redux-pack\\src\\utils\\mergeObjects.ts": {"path":"T:\\create-redux-pack\\src\\utils\\mergeObjects.ts","statementMap":{"0":{"start":{"line":1,"column":28},"end":{"line":12,"column":1}},"1":{"start":{"line":2,"column":21},"end":{"line":2,"column":34}},"2":{"start":{"line":3,"column":16},"end":{"line":9,"column":3}},"3":{"start":{"line":4,"column":4},"end":{"line":6,"column":7}},"4":{"start":{"line":5,"column":6},"end":{"line":5,"column":118}},"5":{"start":{"line":5,"column":58},"end":{"line":5,"column":118}},"6":{"start":{"line":7,"column":4},"end":{"line":7,"column":40}},"7":{"start":{"line":8,"column":4},"end":{"line":8,"column":18}},"8":{"start":{"line":10,"column":2},"end":{"line":10,"column":28}},"9":{"start":{"line":11,"column":2},"end":{"line":11,"column":20}}},"fnMap":{"0":{"name":"(anonymous_0)","decl":{"start":{"line":1,"column":28},"end":{"line":1,"column":29}},"loc":{"start":{"line":1,"column":95},"end":{"line":12,"column":1}},"line":1},"1":{"name":"(anonymous_1)","decl":{"start":{"line":3,"column":16},"end":{"line":3,"column":17}},"loc":{"start":{"line":3,"column":51},"end":{"line":9,"column":3}},"line":3},"2":{"name":"(anonymous_2)","decl":{"start":{"line":4,"column":32},"end":{"line":4,"column":33}},"loc":{"start":{"line":4,"column":41},"end":{"line":6,"column":5}},"line":4}},"branchMap":{"0":{"loc":{"start":{"line":5,"column":6},"end":{"line":5,"column":118}},"type":"if","locations":[{"start":{"line":5,"column":6},"end":{"line":5,"column":118}},{"start":{"line":5,"column":6},"end":{"line":5,"column":118}}],"line":5},"1":{"loc":{"start":{"line":5,"column":10},"end":{"line":5,"column":56}},"type":"binary-expr","locations":[{"start":{"line":5,"column":10},"end":{"line":5,"column":39}},{"start":{"line":5,"column":43},"end":{"line":5,"column":56}}],"line":5},"2":{"loc":{"start":{"line":7,"column":18},"end":{"line":7,"column":30}},"type":"binary-expr","locations":[{"start":{"line":7,"column":18},"end":{"line":7,"column":24}},{"start":{"line":7,"column":28},"end":{"line":7,"column":30}}],"line":7}},"s":{"0":1,"1":4,"2":4,"3":6,"4":18,"5":2,"6":6,"7":6,"8":4,"9":4},"f":{"0":4,"1":6,"2":18},"b":{"0":[2,16],"1":[18,2],"2":[6,0]},"_coverageSchema":"1a1c01bbd47fc00a2c39e90264f33305004495a9","hash":"861bd051f4511e488333dd6700048fdec7a5a32d"}
,"T:\\create-redux-pack\\src\\utils\\payloadMappers.ts": {"path":"T:\\create-redux-pack\\src\\utils\\payloadMappers.ts","statementMap":{"0":{"start":{"line":6,"column":27},"end":{"line":6,"column":81}},"1":{"start":{"line":6,"column":53},"end":{"line":6,"column":81}},"2":{"start":{"line":8,"column":29},"end":{"line":23,"column":1}},"3":{"start":{"line":17,"column":26},"end":{"line":17,"column":41}},"4":{"start":{"line":18,"column":16},"end":{"line":18,"column":43}},"5":{"start":{"line":19,"column":23},"end":{"line":19,"column":51}},"6":{"start":{"line":20,"column":23},"end":{"line":20,"column":89}},"7":{"start":{"line":21,"column":19},"end":{"line":21,"column":70}},"8":{"start":{"line":22,"column":2},"end":{"line":22,"column":92}},"9":{"start":{"line":25,"column":14},"end":{"line":33,"column":1}},"10":{"start":{"line":26,"column":15},"end":{"line":30,"column":65}},"11":{"start":{"line":27,"column":4},"end":{"line":30,"column":65}},"12":{"start":{"line":30,"column":29},"end":{"line":30,"column":58}},"13":{"start":{"line":31,"column":16},"end":{"line":31,"column":53}},"14":{"start":{"line":32,"column":2},"end":{"line":32,"column":69}},"15":{"start":{"line":35,"column":39},"end":{"line":57,"column":1}},"16":{"start":{"line":43,"column":15},"end":{"line":43,"column":69}},"17":{"start":{"line":43,"column":55},"end":{"line":43,"column":68}},"18":{"start":{"line":44,"column":2},"end":{"line":56,"column":5}},"19":{"start":{"line":45,"column":33},"end":{"line":45,"column":59}},"20":{"start":{"line":46,"column":4},"end":{"line":49,"column":5}},"21":{"start":{"line":47,"column":6},"end":{"line":47,"column":35}},"22":{"start":{"line":48,"column":6},"end":{"line":48,"column":79}},"23":{"start":{"line":50,"column":18},"end":{"line":50,"column":38}},"24":{"start":{"line":51,"column":21},"end":{"line":51,"column":72}},"25":{"start":{"line":52,"column":4},"end":{"line":52,"column":69}},"26":{"start":{"line":53,"column":25},"end":{"line":53,"column":64}},"27":{"start":{"line":54,"column":23},"end":{"line":54,"column":91}},"28":{"start":{"line":55,"column":4},"end":{"line":55,"column":109}},"29":{"start":{"line":59,"column":26},"end":{"line":63,"column":1}},"30":{"start":{"line":60,"column":18},"end":{"line":60,"column":20}},"31":{"start":{"line":61,"column":2},"end":{"line":61,"column":53}},"32":{"start":{"line":62,"column":2},"end":{"line":62,"column":17}},"33":{"start":{"line":65,"column":32},"end":{"line":83,"column":1}},"34":{"start":{"line":71,"column":15},"end":{"line":71,"column":69}},"35":{"start":{"line":71,"column":55},"end":{"line":71,"column":68}},"36":{"start":{"line":72,"column":2},"end":{"line":82,"column":5}},"37":{"start":{"line":73,"column":33},"end":{"line":73,"column":59}},"38":{"start":{"line":74,"column":21},"end":{"line":74,"column":72}},"39":{"start":{"line":75,"column":4},"end":{"line":78,"column":5}},"40":{"start":{"line":76,"column":6},"end":{"line":76,"column":46}},"41":{"start":{"line":77,"column":6},"end":{"line":77,"column":13}},"42":{"start":{"line":79,"column":23},"end":{"line":79,"column":91}},"43":{"start":{"line":80,"column":4},"end":{"line":80,"column":40}},"44":{"start":{"line":81,"column":4},"end":{"line":81,"column":78}},"45":{"start":{"line":85,"column":29},"end":{"line":89,"column":1}},"46":{"start":{"line":86,"column":21},"end":{"line":86,"column":23}},"47":{"start":{"line":87,"column":2},"end":{"line":87,"column":52}},"48":{"start":{"line":88,"column":2},"end":{"line":88,"column":20}},"49":{"start":{"line":91,"column":22},"end":{"line":95,"column":4}},"50":{"start":{"line":92,"column":2},"end":{"line":95,"column":4}},"51":{"start":{"line":94,"column":6},"end":{"line":94,"column":119}},"52":{"start":{"line":97,"column":28},"end":{"line":115,"column":1}},"53":{"start":{"line":103,"column":15},"end":{"line":103,"column":69}},"54":{"start":{"line":103,"column":55},"end":{"line":103,"column":68}},"55":{"start":{"line":104,"column":2},"end":{"line":114,"column":5}},"56":{"start":{"line":105,"column":33},"end":{"line":105,"column":59}},"57":{"start":{"line":106,"column":4},"end":{"line":109,"column":5}},"58":{"start":{"line":107,"column":6},"end":{"line":107,"column":84}},"59":{"start":{"line":108,"column":6},"end":{"line":108,"column":13}},"60":{"start":{"line":110,"column":22},"end":{"line":110,"column":24}},"61":{"start":{"line":111,"column":23},"end":{"line":111,"column":91}},"62":{"start":{"line":112,"column":4},"end":{"line":112,"column":70}},"63":{"start":{"line":113,"column":4},"end":{"line":113,"column":93}},"64":{"start":{"line":117,"column":28},"end":{"line":125,"column":1}},"65":{"start":{"line":122,"column":20},"end":{"line":122,"column":22}},"66":{"start":{"line":123,"column":2},"end":{"line":123,"column":67}},"67":{"start":{"line":124,"column":2},"end":{"line":124,"column":19}},"68":{"start":{"line":127,"column":24},"end":{"line":127,"column":50}},"69":{"start":{"line":129,"column":21},"end":{"line":146,"column":3}},"70":{"start":{"line":129,"column":76},"end":{"line":129,"column":81}},"71":{"start":{"line":130,"column":2},"end":{"line":146,"column":3}},"72":{"start":{"line":131,"column":51},"end":{"line":131,"column":77}},"73":{"start":{"line":134,"column":8},"end":{"line":142,"column":9}},"74":{"start":{"line":135,"column":10},"end":{"line":137,"column":12}},"75":{"start":{"line":139,"column":10},"end":{"line":141,"column":11}},"76":{"start":{"line":140,"column":12},"end":{"line":140,"column":65}},"77":{"start":{"line":143,"column":8},"end":{"line":143,"column":42}},"78":{"start":{"line":148,"column":27},"end":{"line":190,"column":1}},"79":{"start":{"line":155,"column":15},"end":{"line":155,"column":69}},"80":{"start":{"line":155,"column":55},"end":{"line":155,"column":68}},"81":{"start":{"line":156,"column":2},"end":{"line":189,"column":5}},"82":{"start":{"line":157,"column":33},"end":{"line":157,"column":59}},"83":{"start":{"line":158,"column":21},"end":{"line":158,"column":72}},"84":{"start":{"line":159,"column":4},"end":{"line":163,"column":5}},"85":{"start":{"line":160,"column":21},"end":{"line":160,"column":79}},"86":{"start":{"line":160,"column":73},"end":{"line":160,"column":78}},"87":{"start":{"line":161,"column":6},"end":{"line":161,"column":62}},"88":{"start":{"line":162,"column":6},"end":{"line":162,"column":13}},"89":{"start":{"line":164,"column":27},"end":{"line":164,"column":29}},"90":{"start":{"line":165,"column":27},"end":{"line":185,"column":6}},"91":{"start":{"line":166,"column":26},"end":{"line":173,"column":10}},"92":{"start":{"line":167,"column":30},"end":{"line":167,"column":34}},"93":{"start":{"line":168,"column":8},"end":{"line":172,"column":10}},"94":{"start":{"line":169,"column":10},"end":{"line":169,"column":44}},"95":{"start":{"line":169,"column":26},"end":{"line":169,"column":44}},"96":{"start":{"line":170,"column":10},"end":{"line":170,"column":48}},"97":{"start":{"line":171,"column":10},"end":{"line":171,"column":28}},"98":{"start":{"line":174,"column":6},"end":{"line":184,"column":26}},"99":{"start":{"line":178,"column":37},"end":{"line":178,"column":91}},"100":{"start":{"line":179,"column":36},"end":{"line":179,"column":79}},"101":{"start":{"line":180,"column":35},"end":{"line":180,"column":71}},"102":{"start":{"line":181,"column":57},"end":{"line":181,"column":115}},"103":{"start":{"line":186,"column":23},"end":{"line":186,"column":91}},"104":{"start":{"line":187,"column":4},"end":{"line":187,"column":90}},"105":{"start":{"line":188,"column":4},"end":{"line":188,"column":61}}},"fnMap":{"0":{"name":"(anonymous_0)","decl":{"start":{"line":6,"column":27},"end":{"line":6,"column":28}},"loc":{"start":{"line":6,"column":53},"end":{"line":6,"column":81}},"line":6},"1":{"name":"(anonymous_1)","decl":{"start":{"line":8,"column":29},"end":{"line":8,"column":30}},"loc":{"start":{"line":16,"column":11},"end":{"line":23,"column":1}},"line":16},"2":{"name":"(anonymous_2)","decl":{"start":{"line":25,"column":14},"end":{"line":25,"column":15}},"loc":{"start":{"line":25,"column":75},"end":{"line":33,"column":1}},"line":25},"3":{"name":"(anonymous_3)","decl":{"start":{"line":26,"column":15},"end":{"line":26,"column":16}},"loc":{"start":{"line":27,"column":4},"end":{"line":30,"column":65}},"line":27},"4":{"name":"(anonymous_4)","decl":{"start":{"line":30,"column":14},"end":{"line":30,"column":15}},"loc":{"start":{"line":30,"column":29},"end":{"line":30,"column":58}},"line":30},"5":{"name":"(anonymous_5)","decl":{"start":{"line":35,"column":39},"end":{"line":35,"column":40}},"loc":{"start":{"line":42,"column":11},"end":{"line":57,"column":1}},"line":42},"6":{"name":"(anonymous_6)","decl":{"start":{"line":43,"column":46},"end":{"line":43,"column":47}},"loc":{"start":{"line":43,"column":55},"end":{"line":43,"column":68}},"line":43},"7":{"name":"(anonymous_7)","decl":{"start":{"line":44,"column":15},"end":{"line":44,"column":16}},"loc":{"start":{"line":44,"column":24},"end":{"line":56,"column":3}},"line":44},"8":{"name":"(anonymous_8)","decl":{"start":{"line":59,"column":26},"end":{"line":59,"column":27}},"loc":{"start":{"line":59,"column":98},"end":{"line":63,"column":1}},"line":59},"9":{"name":"(anonymous_9)","decl":{"start":{"line":65,"column":32},"end":{"line":65,"column":33}},"loc":{"start":{"line":70,"column":5},"end":{"line":83,"column":1}},"line":70},"10":{"name":"(anonymous_10)","decl":{"start":{"line":71,"column":46},"end":{"line":71,"column":47}},"loc":{"start":{"line":71,"column":55},"end":{"line":71,"column":68}},"line":71},"11":{"name":"(anonymous_11)","decl":{"start":{"line":72,"column":15},"end":{"line":72,"column":16}},"loc":{"start":{"line":72,"column":24},"end":{"line":82,"column":3}},"line":72},"12":{"name":"(anonymous_12)","decl":{"start":{"line":85,"column":29},"end":{"line":85,"column":30}},"loc":{"start":{"line":85,"column":113},"end":{"line":89,"column":1}},"line":85},"13":{"name":"(anonymous_13)","decl":{"start":{"line":91,"column":22},"end":{"line":91,"column":23}},"loc":{"start":{"line":92,"column":2},"end":{"line":95,"column":4}},"line":92},"14":{"name":"(anonymous_14)","decl":{"start":{"line":93,"column":9},"end":{"line":93,"column":10}},"loc":{"start":{"line":94,"column":6},"end":{"line":94,"column":119}},"line":94},"15":{"name":"(anonymous_15)","decl":{"start":{"line":97,"column":28},"end":{"line":97,"column":29}},"loc":{"start":{"line":102,"column":5},"end":{"line":115,"column":1}},"line":102},"16":{"name":"(anonymous_16)","decl":{"start":{"line":103,"column":46},"end":{"line":103,"column":47}},"loc":{"start":{"line":103,"column":55},"end":{"line":103,"column":68}},"line":103},"17":{"name":"(anonymous_17)","decl":{"start":{"line":104,"column":15},"end":{"line":104,"column":16}},"loc":{"start":{"line":104,"column":24},"end":{"line":114,"column":3}},"line":104},"18":{"name":"(anonymous_18)","decl":{"start":{"line":117,"column":28},"end":{"line":117,"column":29}},"loc":{"start":{"line":121,"column":26},"end":{"line":125,"column":1}},"line":121},"19":{"name":"(anonymous_19)","decl":{"start":{"line":129,"column":21},"end":{"line":129,"column":22}},"loc":{"start":{"line":130,"column":2},"end":{"line":146,"column":3}},"line":130},"20":{"name":"(anonymous_20)","decl":{"start":{"line":129,"column":60},"end":{"line":129,"column":61}},"loc":{"start":{"line":129,"column":76},"end":{"line":129,"column":81}},"line":129},"21":{"name":"(anonymous_21)","decl":{"start":{"line":131,"column":35},"end":{"line":131,"column":36}},"loc":{"start":{"line":131,"column":51},"end":{"line":131,"column":77}},"line":131},"22":{"name":"(anonymous_22)","decl":{"start":{"line":133,"column":11},"end":{"line":133,"column":12}},"loc":{"start":{"line":133,"column":31},"end":{"line":144,"column":7}},"line":133},"23":{"name":"(anonymous_23)","decl":{"start":{"line":148,"column":27},"end":{"line":148,"column":28}},"loc":{"start":{"line":154,"column":5},"end":{"line":190,"column":1}},"line":154},"24":{"name":"(anonymous_24)","decl":{"start":{"line":155,"column":46},"end":{"line":155,"column":47}},"loc":{"start":{"line":155,"column":55},"end":{"line":155,"column":68}},"line":155},"25":{"name":"(anonymous_25)","decl":{"start":{"line":156,"column":15},"end":{"line":156,"column":16}},"loc":{"start":{"line":156,"column":24},"end":{"line":189,"column":3}},"line":156},"26":{"name":"(anonymous_26)","decl":{"start":{"line":160,"column":57},"end":{"line":160,"column":58}},"loc":{"start":{"line":160,"column":73},"end":{"line":160,"column":78}},"line":160},"27":{"name":"(anonymous_27)","decl":{"start":{"line":165,"column":58},"end":{"line":165,"column":59}},"loc":{"start":{"line":165,"column":74},"end":{"line":185,"column":5}},"line":165},"28":{"name":"(anonymous_28)","decl":{"start":{"line":166,"column":27},"end":{"line":166,"column":28}},"loc":{"start":{"line":166,"column":33},"end":{"line":173,"column":7}},"line":166},"29":{"name":"(anonymous_29)","decl":{"start":{"line":168,"column":15},"end":{"line":168,"column":16}},"loc":{"start":{"line":168,"column":32},"end":{"line":172,"column":9}},"line":168},"30":{"name":"(anonymous_30)","decl":{"start":{"line":178,"column":19},"end":{"line":178,"column":20}},"loc":{"start":{"line":178,"column":37},"end":{"line":178,"column":91}},"line":178},"31":{"name":"(anonymous_31)","decl":{"start":{"line":179,"column":19},"end":{"line":179,"column":20}},"loc":{"start":{"line":179,"column":36},"end":{"line":179,"column":79}},"line":179},"32":{"name":"(anonymous_32)","decl":{"start":{"line":180,"column":23},"end":{"line":180,"column":24}},"loc":{"start":{"line":180,"column":35},"end":{"line":180,"column":71}},"line":180},"33":{"name":"(anonymous_33)","decl":{"start":{"line":181,"column":40},"end":{"line":181,"column":41}},"loc":{"start":{"line":181,"column":57},"end":{"line":181,"column":115}},"line":181}},"branchMap":{"0":{"loc":{"start":{"line":15,"column":2},"end":{"line":15,"column":13}},"type":"default-arg","locations":[{"start":{"line":15,"column":11},"end":{"line":15,"column":13}}],"line":15},"1":{"loc":{"start":{"line":18,"column":16},"end":{"line":18,"column":43}},"type":"binary-expr","locations":[{"start":{"line":18,"column":16},"end":{"line":18,"column":36}},{"start":{"line":18,"column":40},"end":{"line":18,"column":43}}],"line":18},"2":{"loc":{"start":{"line":20,"column":23},"end":{"line":20,"column":89}},"type":"cond-expr","locations":[{"start":{"line":20,"column":31},"end":{"line":20,"column":79}},{"start":{"line":20,"column":82},"end":{"line":20,"column":89}}],"line":20},"3":{"loc":{"start":{"line":22,"column":18},"end":{"line":22,"column":91}},"type":"cond-expr","locations":[{"start":{"line":22,"column":33},"end":{"line":22,"column":76}},{"start":{"line":22,"column":79},"end":{"line":22,"column":91}}],"line":22},"4":{"loc":{"start":{"line":25,"column":15},"end":{"line":25,"column":28}},"type":"default-arg","locations":[{"start":{"line":25,"column":26},"end":{"line":25,"column":28}}],"line":25},"5":{"loc":{"start":{"line":25,"column":30},"end":{"line":25,"column":39}},"type":"default-arg","locations":[{"start":{"line":25,"column":37},"end":{"line":25,"column":39}}],"line":25},"6":{"loc":{"start":{"line":25,"column":41},"end":{"line":25,"column":70}},"type":"default-arg","locations":[{"start":{"line":25,"column":61},"end":{"line":25,"column":70}}],"line":25},"7":{"loc":{"start":{"line":30,"column":29},"end":{"line":30,"column":58}},"type":"cond-expr","locations":[{"start":{"line":30,"column":44},"end":{"line":30,"column":52}},{"start":{"line":30,"column":55},"end":{"line":30,"column":58}}],"line":30},"8":{"loc":{"start":{"line":30,"column":29},"end":{"line":30,"column":41}},"type":"binary-expr","locations":[{"start":{"line":30,"column":29},"end":{"line":30,"column":32}},{"start":{"line":30,"column":36},"end":{"line":30,"column":41}}],"line":30},"9":{"loc":{"start":{"line":31,"column":16},"end":{"line":31,"column":53}},"type":"binary-expr","locations":[{"start":{"line":31,"column":16},"end":{"line":31,"column":32}},{"start":{"line":31,"column":36},"end":{"line":31,"column":53}}],"line":31},"10":{"loc":{"start":{"line":32,"column":9},"end":{"line":32,"column":68}},"type":"cond-expr","locations":[{"start":{"line":32,"column":48},"end":{"line":32,"column":60}},{"start":{"line":32,"column":63},"end":{"line":32,"column":68}}],"line":32},"11":{"loc":{"start":{"line":32,"column":9},"end":{"line":32,"column":45}},"type":"binary-expr","locations":[{"start":{"line":32,"column":9},"end":{"line":32,"column":28}},{"start":{"line":32,"column":32},"end":{"line":32,"column":45}}],"line":32},"12":{"loc":{"start":{"line":41,"column":2},"end":{"line":41,"column":13}},"type":"default-arg","locations":[{"start":{"line":41,"column":11},"end":{"line":41,"column":13}}],"line":41},"13":{"loc":{"start":{"line":46,"column":4},"end":{"line":49,"column":5}},"type":"if","locations":[{"start":{"line":46,"column":4},"end":{"line":49,"column":5}},{"start":{"line":46,"column":4},"end":{"line":49,"column":5}}],"line":46},"14":{"loc":{"start":{"line":52,"column":46},"end":{"line":52,"column":65}},"type":"binary-expr","locations":[{"start":{"line":52,"column":46},"end":{"line":52,"column":59}},{"start":{"line":52,"column":63},"end":{"line":52,"column":65}}],"line":52},"15":{"loc":{"start":{"line":53,"column":25},"end":{"line":53,"column":64}},"type":"cond-expr","locations":[{"start":{"line":53,"column":33},"end":{"line":53,"column":54}},{"start":{"line":53,"column":57},"end":{"line":53,"column":64}}],"line":53},"16":{"loc":{"start":{"line":54,"column":35},"end":{"line":54,"column":88}},"type":"cond-expr","locations":[{"start":{"line":54,"column":57},"end":{"line":54,"column":60}},{"start":{"line":54,"column":63},"end":{"line":54,"column":88}}],"line":54},"17":{"loc":{"start":{"line":69,"column":2},"end":{"line":69,"column":13}},"type":"default-arg","locations":[{"start":{"line":69,"column":11},"end":{"line":69,"column":13}}],"line":69},"18":{"loc":{"start":{"line":75,"column":4},"end":{"line":78,"column":5}},"type":"if","locations":[{"start":{"line":75,"column":4},"end":{"line":78,"column":5}},{"start":{"line":75,"column":4},"end":{"line":78,"column":5}}],"line":75},"19":{"loc":{"start":{"line":79,"column":35},"end":{"line":79,"column":88}},"type":"cond-expr","locations":[{"start":{"line":79,"column":57},"end":{"line":79,"column":60}},{"start":{"line":79,"column":63},"end":{"line":79,"column":88}}],"line":79},"20":{"loc":{"start":{"line":80,"column":20},"end":{"line":80,"column":39}},"type":"binary-expr","locations":[{"start":{"line":80,"column":20},"end":{"line":80,"column":33}},{"start":{"line":80,"column":37},"end":{"line":80,"column":39}}],"line":80},"21":{"loc":{"start":{"line":94,"column":6},"end":{"line":94,"column":119}},"type":"cond-expr","locations":[{"start":{"line":94,"column":35},"end":{"line":94,"column":49}},{"start":{"line":94,"column":52},"end":{"line":94,"column":119}}],"line":94},"22":{"loc":{"start":{"line":94,"column":52},"end":{"line":94,"column":119}},"type":"cond-expr","locations":[{"start":{"line":94,"column":76},"end":{"line":94,"column":112}},{"start":{"line":94,"column":115},"end":{"line":94,"column":119}}],"line":94},"23":{"loc":{"start":{"line":94,"column":76},"end":{"line":94,"column":112}},"type":"binary-expr","locations":[{"start":{"line":94,"column":77},"end":{"line":94,"column":83}},{"start":{"line":94,"column":87},"end":{"line":94,"column":91}},{"start":{"line":94,"column":96},"end":{"line":94,"column":112}}],"line":94},"24":{"loc":{"start":{"line":101,"column":2},"end":{"line":101,"column":13}},"type":"default-arg","locations":[{"start":{"line":101,"column":11},"end":{"line":101,"column":13}}],"line":101},"25":{"loc":{"start":{"line":106,"column":4},"end":{"line":109,"column":5}},"type":"if","locations":[{"start":{"line":106,"column":4},"end":{"line":109,"column":5}},{"start":{"line":106,"column":4},"end":{"line":109,"column":5}}],"line":106},"26":{"loc":{"start":{"line":111,"column":35},"end":{"line":111,"column":88}},"type":"cond-expr","locations":[{"start":{"line":111,"column":57},"end":{"line":111,"column":60}},{"start":{"line":111,"column":63},"end":{"line":111,"column":88}}],"line":111},"27":{"loc":{"start":{"line":129,"column":51},"end":{"line":129,"column":81}},"type":"default-arg","locations":[{"start":{"line":129,"column":60},"end":{"line":129,"column":81}}],"line":129},"28":{"loc":{"start":{"line":131,"column":59},"end":{"line":131,"column":70}},"type":"binary-expr","locations":[{"start":{"line":131,"column":59},"end":{"line":131,"column":64}},{"start":{"line":131,"column":68},"end":{"line":131,"column":70}}],"line":131},"29":{"loc":{"start":{"line":134,"column":8},"end":{"line":142,"column":9}},"type":"if","locations":[{"start":{"line":134,"column":8},"end":{"line":142,"column":9}},{"start":{"line":134,"column":8},"end":{"line":142,"column":9}}],"line":134},"30":{"loc":{"start":{"line":139,"column":10},"end":{"line":141,"column":11}},"type":"if","locations":[{"start":{"line":139,"column":10},"end":{"line":141,"column":11}},{"start":{"line":139,"column":10},"end":{"line":141,"column":11}}],"line":139},"31":{"loc":{"start":{"line":153,"column":2},"end":{"line":153,"column":13}},"type":"default-arg","locations":[{"start":{"line":153,"column":11},"end":{"line":153,"column":13}}],"line":153},"32":{"loc":{"start":{"line":159,"column":4},"end":{"line":163,"column":5}},"type":"if","locations":[{"start":{"line":159,"column":4},"end":{"line":163,"column":5}},{"start":{"line":159,"column":4},"end":{"line":163,"column":5}}],"line":159},"33":{"loc":{"start":{"line":160,"column":21},"end":{"line":160,"column":79}},"type":"binary-expr","locations":[{"start":{"line":160,"column":21},"end":{"line":160,"column":52}},{"start":{"line":160,"column":57},"end":{"line":160,"column":78}}],"line":160},"34":{"loc":{"start":{"line":169,"column":10},"end":{"line":169,"column":44}},"type":"if","locations":[{"start":{"line":169,"column":10},"end":{"line":169,"column":44}},{"start":{"line":169,"column":10},"end":{"line":169,"column":44}}],"line":169},"35":{"loc":{"start":{"line":174,"column":13},"end":{"line":184,"column":25}},"type":"cond-expr","locations":[{"start":{"line":175,"column":10},"end":{"line":183,"column":11}},{"start":{"line":184,"column":10},"end":{"line":184,"column":25}}],"line":174},"36":{"loc":{"start":{"line":174,"column":13},"end":{"line":174,"column":67}},"type":"binary-expr","locations":[{"start":{"line":174,"column":13},"end":{"line":174,"column":28}},{"start":{"line":174,"column":32},"end":{"line":174,"column":67}}],"line":174},"37":{"loc":{"start":{"line":178,"column":37},"end":{"line":178,"column":91}},"type":"cond-expr","locations":[{"start":{"line":178,"column":53},"end":{"line":178,"column":64}},{"start":{"line":178,"column":67},"end":{"line":178,"column":91}}],"line":178},"38":{"loc":{"start":{"line":179,"column":36},"end":{"line":179,"column":79}},"type":"binary-expr","locations":[{"start":{"line":179,"column":36},"end":{"line":179,"column":49}},{"start":{"line":179,"column":53},"end":{"line":179,"column":79}}],"line":179},"39":{"loc":{"start":{"line":186,"column":35},"end":{"line":186,"column":88}},"type":"cond-expr","locations":[{"start":{"line":186,"column":57},"end":{"line":186,"column":60}},{"start":{"line":186,"column":63},"end":{"line":186,"column":88}}],"line":186}},"s":{"0":1,"1":60,"2":1,"3":17,"4":17,"5":17,"6":17,"7":17,"8":17,"9":1,"10":17,"11":27,"12":30,"13":17,"14":17,"15":1,"16":15,"17":27,"18":15,"19":27,"20":27,"21":17,"22":17,"23":10,"24":10,"25":10,"26":10,"27":10,"28":10,"29":1,"30":9,"31":9,"32":9,"33":1,"34":13,"35":11,"36":13,"37":11,"38":11,"39":11,"40":7,"41":7,"42":4,"43":4,"44":4,"45":1,"46":9,"47":9,"48":9,"49":1,"50":7,"51":24,"52":1,"53":13,"54":11,"55":13,"56":11,"57":11,"58":7,"59":7,"60":4,"61":4,"62":4,"63":4,"64":1,"65":9,"66":9,"67":9,"68":1,"69":1,"70":3,"71":10,"72":21,"73":10,"74":2,"75":8,"76":1,"77":10,"78":1,"79":13,"80":11,"81":13,"82":11,"83":11,"84":11,"85":7,"86":18,"87":7,"88":7,"89":4,"90":4,"91":5,"92":5,"93":5,"94":29,"95":26,"96":3,"97":3,"98":5,"99":23,"100":2,"101":4,"102":8,"103":4,"104":4,"105":4},"f":{"0":60,"1":17,"2":17,"3":27,"4":30,"5":15,"6":27,"7":27,"8":9,"9":13,"10":11,"11":11,"12":9,"13":7,"14":24,"15":13,"16":11,"17":11,"18":9,"19":10,"20":3,"21":21,"22":10,"23":13,"24":11,"25":11,"26":18,"27":5,"28":5,"29":29,"30":23,"31":2,"32":4,"33":8},"b":{"0":[0],"1":[17,6],"2":[17,0],"3":[2,15],"4":[5],"5":[0],"6":[10],"7":[28,2],"8":[30,2],"9":[17,10],"10":[9,8],"11":[17,8],"12":[5],"13":[17,10],"14":[10,7],"15":[0,10],"16":[9,1],"17":[9],"18":[7,4],"19":[3,1],"20":[4,4],"21":[12,12],"22":[0,12],"23":[0,0,0],"24":[9],"25":[7,4],"26":[3,1],"27":[3],"28":[21,1],"29":[2,8],"30":[1,7],"31":[9],"32":[7,4],"33":[7,7],"34":[26,3],"35":[5,0],"36":[5,5],"37":[7,16],"38":[2,1],"39":[3,1]},"_coverageSchema":"1a1c01bbd47fc00a2c39e90264f33305004495a9","hash":"e9bf0b3d8f2a215b5eb20d9d4f9f0d11c47225b9"}
,"T:\\create-redux-pack\\src\\utils\\resetAction.ts": {"path":"T:\\create-redux-pack\\src\\utils\\resetAction.ts","statementMap":{"0":{"start":{"line":3,"column":26},"end":{"line":3,"column":62}},"1":{"start":{"line":5,"column":27},"end":{"line":5,"column":102}}},"fnMap":{},"branchMap":{},"s":{"0":1,"1":1},"f":{},"b":{},"_coverageSchema":"1a1c01bbd47fc00a2c39e90264f33305004495a9","hash":"60277dc3b314cc8c3385728d73b1a7bb60a79885"}
}
