{"T:\\create-redux-pack\\src\\index.ts": {"path":"T:\\create-redux-pack\\src\\index.ts","statementMap":{"0":{"start":{"line":38,"column":27},"end":{"line":38,"column":37}},"1":{"start":{"line":38,"column":33},"end":{"line":38,"column":37}},"2":{"start":{"line":40,"column":65},"end":{"line":295,"column":1}},"3":{"start":{"line":44,"column":17},"end":{"line":44,"column":38}},"4":{"start":{"line":45,"column":28},"end":{"line":45,"column":32}},"5":{"start":{"line":47,"column":33},"end":{"line":51,"column":11}},"6":{"start":{"line":52,"column":38},"end":{"line":56,"column":11}},"7":{"start":{"line":58,"column":4},"end":{"line":58,"column":100}},"8":{"start":{"line":60,"column":17},"end":{"line":70,"column":5}},"9":{"start":{"line":72,"column":4},"end":{"line":78,"column":74}},"10":{"start":{"line":77,"column":11},"end":{"line":77,"column":100}},"11":{"start":{"line":88,"column":30},"end":{"line":95,"column":7}},"12":{"start":{"line":90,"column":11},"end":{"line":93,"column":18}},"13":{"start":{"line":96,"column":6},"end":{"line":96,"column":50}},"14":{"start":{"line":97,"column":31},"end":{"line":122,"column":7}},"15":{"start":{"line":100,"column":12},"end":{"line":102,"column":50}},"16":{"start":{"line":103,"column":10},"end":{"line":103,"column":55}},"17":{"start":{"line":104,"column":10},"end":{"line":107,"column":12}},"18":{"start":{"line":115,"column":20},"end":{"line":115,"column":94}},"19":{"start":{"line":116,"column":20},"end":{"line":116,"column":40}},"20":{"start":{"line":123,"column":6},"end":{"line":126,"column":8}},"21":{"start":{"line":124,"column":8},"end":{"line":124,"column":83}},"22":{"start":{"line":124,"column":46},"end":{"line":124,"column":83}},"23":{"start":{"line":125,"column":8},"end":{"line":125,"column":64}},"24":{"start":{"line":142,"column":19},"end":{"line":142,"column":40}},"25":{"start":{"line":143,"column":30},"end":{"line":143,"column":34}},"26":{"start":{"line":144,"column":24},"end":{"line":144,"column":99}},"27":{"start":{"line":145,"column":19},"end":{"line":159,"column":7}},"28":{"start":{"line":147,"column":27},"end":{"line":147,"column":68}},"29":{"start":{"line":161,"column":6},"end":{"line":161,"column":86}},"30":{"start":{"line":162,"column":6},"end":{"line":162,"column":18}},"31":{"start":{"line":165,"column":6},"end":{"line":167,"column":7}},"32":{"start":{"line":166,"column":8},"end":{"line":166,"column":80}},"33":{"start":{"line":174,"column":6},"end":{"line":184,"column":50}},"34":{"start":{"line":186,"column":6},"end":{"line":195,"column":8}},"35":{"start":{"line":197,"column":6},"end":{"line":197,"column":38}},"36":{"start":{"line":201,"column":6},"end":{"line":201,"column":51}},"37":{"start":{"line":204,"column":6},"end":{"line":204,"column":52}},"38":{"start":{"line":205,"column":6},"end":{"line":205,"column":38}},"39":{"start":{"line":212,"column":62},"end":{"line":216,"column":7}},"40":{"start":{"line":217,"column":34},"end":{"line":221,"column":7}},"41":{"start":{"line":227,"column":32},"end":{"line":227,"column":66}},"42":{"start":{"line":227,"column":48},"end":{"line":227,"column":66}},"43":{"start":{"line":228,"column":8},"end":{"line":241,"column":10}},"44":{"start":{"line":231,"column":23},"end":{"line":231,"column":66}},"45":{"start":{"line":233,"column":76},"end":{"line":233,"column":118}},"46":{"start":{"line":236,"column":23},"end":{"line":236,"column":64}},"47":{"start":{"line":247,"column":62},"end":{"line":252,"column":7}},"48":{"start":{"line":256,"column":62},"end":{"line":263,"column":7}},"49":{"start":{"line":267,"column":111},"end":{"line":285,"column":7}},"50":{"start":{"line":268,"column":69},"end":{"line":271,"column":9}},"51":{"start":{"line":273,"column":27},"end":{"line":277,"column":11}},"52":{"start":{"line":278,"column":10},"end":{"line":278,"column":78}},"53":{"start":{"line":279,"column":10},"end":{"line":279,"column":26}},"54":{"start":{"line":281,"column":84},"end":{"line":284,"column":9}},"55":{"start":{"line":287,"column":34},"end":{"line":287,"column":47}},"56":{"start":{"line":288,"column":38},"end":{"line":288,"column":55}},"57":{"start":{"line":289,"column":35},"end":{"line":289,"column":49}},"58":{"start":{"line":290,"column":38},"end":{"line":290,"column":57}},"59":{"start":{"line":291,"column":37},"end":{"line":291,"column":53}},"60":{"start":{"line":292,"column":36},"end":{"line":292,"column":51}},"61":{"start":{"line":293,"column":48},"end":{"line":293,"column":94}},"62":{"start":{"line":297,"column":21},"end":{"line":302,"column":1}},"63":{"start":{"line":298,"column":2},"end":{"line":301,"column":3}},"64":{"start":{"line":299,"column":4},"end":{"line":299,"column":38}},"65":{"start":{"line":300,"column":4},"end":{"line":300,"column":36}},"66":{"start":{"line":304,"column":22},"end":{"line":309,"column":1}},"67":{"start":{"line":305,"column":2},"end":{"line":308,"column":3}},"68":{"start":{"line":306,"column":4},"end":{"line":306,"column":39}},"69":{"start":{"line":307,"column":4},"end":{"line":307,"column":36}},"70":{"start":{"line":313,"column":48},"end":{"line":320,"column":1}},"71":{"start":{"line":314,"column":16},"end":{"line":317,"column":4}},"72":{"start":{"line":318,"column":2},"end":{"line":318,"column":33}},"73":{"start":{"line":319,"column":2},"end":{"line":319,"column":15}},"74":{"start":{"line":322,"column":24},"end":{"line":328,"column":1}},"75":{"start":{"line":327,"column":2},"end":{"line":327,"column":110}}},"fnMap":{"0":{"name":"(anonymous_0)","decl":{"start":{"line":38,"column":27},"end":{"line":38,"column":28}},"loc":{"start":{"line":38,"column":33},"end":{"line":38,"column":37}},"line":38},"1":{"name":"(anonymous_1)","decl":{"start":{"line":41,"column":2},"end":{"line":41,"column":3}},"loc":{"start":{"line":43,"column":7},"end":{"line":79,"column":3}},"line":43},"2":{"name":"(anonymous_2)","decl":{"start":{"line":73,"column":21},"end":{"line":73,"column":22}},"loc":{"start":{"line":77,"column":11},"end":{"line":77,"column":100}},"line":77},"3":{"name":"(anonymous_3)","decl":{"start":{"line":84,"column":20},"end":{"line":84,"column":21}},"loc":{"start":{"line":87,"column":9},"end":{"line":127,"column":5}},"line":87},"4":{"name":"(anonymous_4)","decl":{"start":{"line":89,"column":8},"end":{"line":89,"column":9}},"loc":{"start":{"line":90,"column":11},"end":{"line":93,"column":18}},"line":90},"5":{"name":"(anonymous_5)","decl":{"start":{"line":98,"column":8},"end":{"line":98,"column":9}},"loc":{"start":{"line":98,"column":24},"end":{"line":108,"column":9}},"line":98},"6":{"name":"(anonymous_6)","decl":{"start":{"line":114,"column":27},"end":{"line":114,"column":28}},"loc":{"start":{"line":114,"column":46},"end":{"line":117,"column":19}},"line":114},"7":{"name":"(anonymous_7)","decl":{"start":{"line":123,"column":13},"end":{"line":123,"column":14}},"loc":{"start":{"line":123,"column":48},"end":{"line":126,"column":7}},"line":123},"8":{"name":"(anonymous_8)","decl":{"start":{"line":128,"column":19},"end":{"line":128,"column":20}},"loc":{"start":{"line":141,"column":9},"end":{"line":163,"column":5}},"line":141},"9":{"name":"(anonymous_9)","decl":{"start":{"line":147,"column":10},"end":{"line":147,"column":11}},"loc":{"start":{"line":147,"column":27},"end":{"line":147,"column":68}},"line":147},"10":{"name":"(anonymous_10)","decl":{"start":{"line":164,"column":19},"end":{"line":164,"column":20}},"loc":{"start":{"line":164,"column":25},"end":{"line":168,"column":5}},"line":164},"11":{"name":"(anonymous_11)","decl":{"start":{"line":169,"column":23},"end":{"line":169,"column":24}},"loc":{"start":{"line":173,"column":9},"end":{"line":198,"column":5}},"line":173},"12":{"name":"(anonymous_12)","decl":{"start":{"line":200,"column":26},"end":{"line":200,"column":27}},"loc":{"start":{"line":200,"column":32},"end":{"line":202,"column":5}},"line":200},"13":{"name":"(anonymous_13)","decl":{"start":{"line":203,"column":27},"end":{"line":203,"column":28}},"loc":{"start":{"line":203,"column":33},"end":{"line":206,"column":5}},"line":203},"14":{"name":"(anonymous_14)","decl":{"start":{"line":209,"column":15},"end":{"line":209,"column":16}},"loc":{"start":{"line":212,"column":62},"end":{"line":216,"column":7}},"line":212},"15":{"name":"(anonymous_15)","decl":{"start":{"line":217,"column":19},"end":{"line":217,"column":20}},"loc":{"start":{"line":217,"column":34},"end":{"line":221,"column":7}},"line":217},"16":{"name":"(anonymous_16)","decl":{"start":{"line":222,"column":17},"end":{"line":222,"column":18}},"loc":{"start":{"line":226,"column":61},"end":{"line":242,"column":7}},"line":226},"17":{"name":"(anonymous_17)","decl":{"start":{"line":227,"column":32},"end":{"line":227,"column":33}},"loc":{"start":{"line":227,"column":48},"end":{"line":227,"column":66}},"line":227},"18":{"name":"(anonymous_18)","decl":{"start":{"line":231,"column":12},"end":{"line":231,"column":13}},"loc":{"start":{"line":231,"column":23},"end":{"line":231,"column":66}},"line":231},"19":{"name":"(anonymous_19)","decl":{"start":{"line":233,"column":65},"end":{"line":233,"column":66}},"loc":{"start":{"line":233,"column":76},"end":{"line":233,"column":118}},"line":233},"20":{"name":"(anonymous_20)","decl":{"start":{"line":236,"column":12},"end":{"line":236,"column":13}},"loc":{"start":{"line":236,"column":23},"end":{"line":236,"column":64}},"line":236},"21":{"name":"(anonymous_21)","decl":{"start":{"line":243,"column":20},"end":{"line":243,"column":21}},"loc":{"start":{"line":247,"column":62},"end":{"line":252,"column":7}},"line":247},"22":{"name":"(anonymous_22)","decl":{"start":{"line":253,"column":18},"end":{"line":253,"column":19}},"loc":{"start":{"line":256,"column":62},"end":{"line":263,"column":7}},"line":256},"23":{"name":"(anonymous_23)","decl":{"start":{"line":264,"column":15},"end":{"line":264,"column":16}},"loc":{"start":{"line":267,"column":111},"end":{"line":285,"column":7}},"line":267},"24":{"name":"(anonymous_24)","decl":{"start":{"line":268,"column":62},"end":{"line":268,"column":63}},"loc":{"start":{"line":268,"column":69},"end":{"line":271,"column":9}},"line":268},"25":{"name":"(anonymous_25)","decl":{"start":{"line":272,"column":66},"end":{"line":272,"column":67}},"loc":{"start":{"line":272,"column":90},"end":{"line":280,"column":9}},"line":272},"26":{"name":"(anonymous_26)","decl":{"start":{"line":281,"column":63},"end":{"line":281,"column":64}},"loc":{"start":{"line":281,"column":84},"end":{"line":284,"column":9}},"line":281},"27":{"name":"(anonymous_27)","decl":{"start":{"line":287,"column":16},"end":{"line":287,"column":17}},"loc":{"start":{"line":287,"column":34},"end":{"line":287,"column":47}},"line":287},"28":{"name":"(anonymous_28)","decl":{"start":{"line":288,"column":20},"end":{"line":288,"column":21}},"loc":{"start":{"line":288,"column":38},"end":{"line":288,"column":55}},"line":288},"29":{"name":"(anonymous_29)","decl":{"start":{"line":289,"column":17},"end":{"line":289,"column":18}},"loc":{"start":{"line":289,"column":35},"end":{"line":289,"column":49}},"line":289},"30":{"name":"(anonymous_30)","decl":{"start":{"line":290,"column":20},"end":{"line":290,"column":21}},"loc":{"start":{"line":290,"column":38},"end":{"line":290,"column":57}},"line":290},"31":{"name":"(anonymous_31)","decl":{"start":{"line":291,"column":19},"end":{"line":291,"column":20}},"loc":{"start":{"line":291,"column":37},"end":{"line":291,"column":53}},"line":291},"32":{"name":"(anonymous_32)","decl":{"start":{"line":292,"column":18},"end":{"line":292,"column":19}},"loc":{"start":{"line":292,"column":36},"end":{"line":292,"column":51}},"line":292},"33":{"name":"(anonymous_33)","decl":{"start":{"line":293,"column":16},"end":{"line":293,"column":17}},"loc":{"start":{"line":293,"column":48},"end":{"line":293,"column":94}},"line":293},"34":{"name":"(anonymous_34)","decl":{"start":{"line":297,"column":21},"end":{"line":297,"column":22}},"loc":{"start":{"line":297,"column":33},"end":{"line":302,"column":1}},"line":297},"35":{"name":"(anonymous_35)","decl":{"start":{"line":304,"column":22},"end":{"line":304,"column":23}},"loc":{"start":{"line":304,"column":34},"end":{"line":309,"column":1}},"line":304},"36":{"name":"(anonymous_36)","decl":{"start":{"line":313,"column":48},"end":{"line":313,"column":49}},"loc":{"start":{"line":313,"column":61},"end":{"line":320,"column":1}},"line":313},"37":{"name":"(anonymous_37)","decl":{"start":{"line":322,"column":24},"end":{"line":322,"column":25}},"loc":{"start":{"line":326,"column":11},"end":{"line":328,"column":1}},"line":326}},"branchMap":{"0":{"loc":{"start":{"line":88,"column":42},"end":{"line":88,"column":56}},"type":"binary-expr","locations":[{"start":{"line":88,"column":42},"end":{"line":88,"column":50}},{"start":{"line":88,"column":54},"end":{"line":88,"column":56}}],"line":88},"1":{"loc":{"start":{"line":92,"column":16},"end":{"line":92,"column":118}},"type":"cond-expr","locations":[{"start":{"line":92,"column":29},"end":{"line":92,"column":83}},{"start":{"line":92,"column":86},"end":{"line":92,"column":118}}],"line":92},"2":{"loc":{"start":{"line":92,"column":59},"end":{"line":92,"column":73}},"type":"binary-expr","locations":[{"start":{"line":92,"column":59},"end":{"line":92,"column":67}},{"start":{"line":92,"column":71},"end":{"line":92,"column":73}}],"line":92},"3":{"loc":{"start":{"line":92,"column":96},"end":{"line":92,"column":110}},"type":"binary-expr","locations":[{"start":{"line":92,"column":96},"end":{"line":92,"column":104}},{"start":{"line":92,"column":108},"end":{"line":92,"column":110}}],"line":92},"4":{"loc":{"start":{"line":100,"column":12},"end":{"line":102,"column":50}},"type":"cond-expr","locations":[{"start":{"line":101,"column":16},"end":{"line":101,"column":79}},{"start":{"line":102,"column":16},"end":{"line":102,"column":50}}],"line":100},"5":{"loc":{"start":{"line":100,"column":12},"end":{"line":100,"column":45}},"type":"binary-expr","locations":[{"start":{"line":100,"column":12},"end":{"line":100,"column":24}},{"start":{"line":100,"column":28},"end":{"line":100,"column":45}}],"line":100},"6":{"loc":{"start":{"line":109,"column":9},"end":{"line":121,"column":14}},"type":"cond-expr","locations":[{"start":{"line":110,"column":12},"end":{"line":120,"column":13}},{"start":{"line":121,"column":12},"end":{"line":121,"column":14}}],"line":109},"7":{"loc":{"start":{"line":124,"column":8},"end":{"line":124,"column":83}},"type":"if","locations":[{"start":{"line":124,"column":8},"end":{"line":124,"column":83}},{"start":{"line":124,"column":8},"end":{"line":124,"column":83}}],"line":124},"8":{"loc":{"start":{"line":165,"column":6},"end":{"line":167,"column":7}},"type":"if","locations":[{"start":{"line":165,"column":6},"end":{"line":167,"column":7}},{"start":{"line":165,"column":6},"end":{"line":167,"column":7}}],"line":165},"9":{"loc":{"start":{"line":165,"column":10},"end":{"line":165,"column":74}},"type":"binary-expr","locations":[{"start":{"line":165,"column":10},"end":{"line":165,"column":32}},{"start":{"line":165,"column":36},"end":{"line":165,"column":74}}],"line":165},"10":{"loc":{"start":{"line":176,"column":12},"end":{"line":183,"column":40}},"type":"cond-expr","locations":[{"start":{"line":177,"column":12},"end":{"line":182,"column":13}},{"start":{"line":183,"column":12},"end":{"line":183,"column":40}}],"line":176},"11":{"loc":{"start":{"line":188,"column":12},"end":{"line":194,"column":43}},"type":"cond-expr","locations":[{"start":{"line":189,"column":12},"end":{"line":193,"column":13}},{"start":{"line":194,"column":12},"end":{"line":194,"column":43}}],"line":188},"12":{"loc":{"start":{"line":225,"column":8},"end":{"line":225,"column":76}},"type":"default-arg","locations":[{"start":{"line":225,"column":21},"end":{"line":225,"column":76}}],"line":225},"13":{"loc":{"start":{"line":245,"column":8},"end":{"line":245,"column":28}},"type":"default-arg","locations":[{"start":{"line":245,"column":24},"end":{"line":245,"column":28}}],"line":245},"14":{"loc":{"start":{"line":246,"column":8},"end":{"line":246,"column":76}},"type":"default-arg","locations":[{"start":{"line":246,"column":21},"end":{"line":246,"column":76}}],"line":246},"15":{"loc":{"start":{"line":255,"column":8},"end":{"line":255,"column":76}},"type":"default-arg","locations":[{"start":{"line":255,"column":21},"end":{"line":255,"column":76}}],"line":255},"16":{"loc":{"start":{"line":266,"column":8},"end":{"line":266,"column":76}},"type":"default-arg","locations":[{"start":{"line":266,"column":21},"end":{"line":266,"column":76}}],"line":266},"17":{"loc":{"start":{"line":282,"column":48},"end":{"line":282,"column":87}},"type":"binary-expr","locations":[{"start":{"line":282,"column":48},"end":{"line":282,"column":69}},{"start":{"line":282,"column":73},"end":{"line":282,"column":87}}],"line":282},"18":{"loc":{"start":{"line":293,"column":48},"end":{"line":293,"column":94}},"type":"cond-expr","locations":[{"start":{"line":293,"column":69},"end":{"line":293,"column":72}},{"start":{"line":293,"column":75},"end":{"line":293,"column":94}}],"line":293},"19":{"loc":{"start":{"line":298,"column":2},"end":{"line":301,"column":3}},"type":"if","locations":[{"start":{"line":298,"column":2},"end":{"line":301,"column":3}},{"start":{"line":298,"column":2},"end":{"line":301,"column":3}}],"line":298},"20":{"loc":{"start":{"line":305,"column":2},"end":{"line":308,"column":3}},"type":"if","locations":[{"start":{"line":305,"column":2},"end":{"line":308,"column":3}},{"start":{"line":305,"column":2},"end":{"line":308,"column":3}}],"line":305},"21":{"loc":{"start":{"line":327,"column":36},"end":{"line":327,"column":71}},"type":"binary-expr","locations":[{"start":{"line":327,"column":36},"end":{"line":327,"column":47}},{"start":{"line":327,"column":51},"end":{"line":327,"column":71}}],"line":327},"22":{"loc":{"start":{"line":327,"column":73},"end":{"line":327,"column":88}},"type":"binary-expr","locations":[{"start":{"line":327,"column":73},"end":{"line":327,"column":82}},{"start":{"line":327,"column":86},"end":{"line":327,"column":88}}],"line":327},"23":{"loc":{"start":{"line":327,"column":90},"end":{"line":327,"column":108}},"type":"binary-expr","locations":[{"start":{"line":327,"column":90},"end":{"line":327,"column":102}},{"start":{"line":327,"column":106},"end":{"line":327,"column":108}}],"line":327}},"s":{"0":1,"1":3,"2":1,"3":9,"4":8,"5":8,"6":8,"7":8,"8":8,"9":8,"10":1,"11":13,"12":2,"13":13,"14":13,"15":71,"16":71,"17":71,"18":3,"19":3,"20":13,"21":22,"22":1,"23":21,"24":1,"25":1,"26":1,"27":1,"28":7,"29":1,"30":1,"31":16,"32":8,"33":11,"34":11,"35":11,"36":1,"37":1,"38":1,"39":9,"40":9,"41":9,"42":65,"43":9,"44":14,"45":14,"46":13,"47":9,"48":9,"49":9,"50":5,"51":5,"52":5,"53":5,"54":2,"55":30,"56":31,"57":31,"58":50,"59":40,"60":46,"61":60,"62":1,"63":4,"64":2,"65":2,"66":1,"67":5,"68":2,"69":2,"70":1,"71":1,"72":1,"73":1,"74":1,"75":2},"f":{"0":3,"1":9,"2":1,"3":13,"4":2,"5":71,"6":3,"7":22,"8":1,"9":7,"10":16,"11":11,"12":1,"13":1,"14":9,"15":9,"16":9,"17":65,"18":14,"19":14,"20":13,"21":9,"22":9,"23":9,"24":5,"25":5,"26":2,"27":30,"28":31,"29":31,"30":50,"31":40,"32":46,"33":60,"34":4,"35":5,"36":1,"37":2},"b":{"0":[13,11],"1":[1,1],"2":[1,0],"3":[1,0],"4":[2,69],"5":[71,14],"6":[2,11],"7":[1,21],"8":[8,8],"9":[16,9],"10":[4,7],"11":[4,7],"12":[7],"13":[7],"14":[7],"15":[7],"16":[7],"17":[2,2],"18":[8,52],"19":[2,2],"20":[2,3],"21":[2,0],"22":[2,0],"23":[2,0]},"_coverageSchema":"1a1c01bbd47fc00a2c39e90264f33305004495a9","hash":"2cb24af43eece947e191603b2d60fb3ea84701b1"}
,"T:\\create-redux-pack\\src\\utils\\createAction.ts": {"path":"T:\\create-redux-pack\\src\\utils\\createAction.ts","statementMap":{"0":{"start":{"line":4,"column":28},"end":{"line":10,"column":5}},"1":{"start":{"line":8,"column":2},"end":{"line":10,"column":5}},"2":{"start":{"line":8,"column":48},"end":{"line":10,"column":3}}},"fnMap":{"0":{"name":"(anonymous_0)","decl":{"start":{"line":4,"column":28},"end":{"line":4,"column":29}},"loc":{"start":{"line":8,"column":2},"end":{"line":10,"column":5}},"line":8},"1":{"name":"(anonymous_1)","decl":{"start":{"line":8,"column":28},"end":{"line":8,"column":29}},"loc":{"start":{"line":8,"column":48},"end":{"line":10,"column":3}},"line":8}},"branchMap":{"0":{"loc":{"start":{"line":9,"column":13},"end":{"line":9,"column":55}},"type":"cond-expr","locations":[{"start":{"line":9,"column":29},"end":{"line":9,"column":48}},{"start":{"line":9,"column":51},"end":{"line":9,"column":55}}],"line":9}},"s":{"0":1,"1":30,"2":18},"f":{"0":30,"1":18},"b":{"0":[1,17]},"_coverageSchema":"1a1c01bbd47fc00a2c39e90264f33305004495a9","hash":"7168d16f28676848f376e9fda1d5ef24527bf404"}
,"T:\\create-redux-pack\\src\\utils\\createReducerCase.ts": {"path":"T:\\create-redux-pack\\src\\utils\\createReducerCase.ts","statementMap":{"0":{"start":{"line":3,"column":33},"end":{"line":10,"column":1}},"1":{"start":{"line":6,"column":2},"end":{"line":9,"column":5}},"2":{"start":{"line":6,"column":66},"end":{"line":9,"column":3}}},"fnMap":{"0":{"name":"(anonymous_0)","decl":{"start":{"line":3,"column":33},"end":{"line":3,"column":34}},"loc":{"start":{"line":5,"column":66},"end":{"line":10,"column":1}},"line":5},"1":{"name":"(anonymous_1)","decl":{"start":{"line":6,"column":9},"end":{"line":6,"column":10}},"loc":{"start":{"line":6,"column":66},"end":{"line":9,"column":3}},"line":6}},"branchMap":{"0":{"loc":{"start":{"line":7,"column":8},"end":{"line":7,"column":30}},"type":"cond-expr","locations":[{"start":{"line":7,"column":20},"end":{"line":7,"column":22}},{"start":{"line":7,"column":25},"end":{"line":7,"column":30}}],"line":7}},"s":{"0":1,"1":29,"2":13},"f":{"0":29,"1":13},"b":{"0":[2,11]},"_coverageSchema":"1a1c01bbd47fc00a2c39e90264f33305004495a9","hash":"e2d535bdcd0c531e6823d370b701d2802d5cc618"}
,"T:\\create-redux-pack\\src\\utils\\createSelector.ts": {"path":"T:\\create-redux-pack\\src\\utils\\createSelector.ts","statementMap":{"0":{"start":{"line":3,"column":30},"end":{"line":10,"column":1}},"1":{"start":{"line":7,"column":17},"end":{"line":7,"column":111}},"2":{"start":{"line":7,"column":71},"end":{"line":7,"column":93}},"3":{"start":{"line":8,"column":20},"end":{"line":8,"column":102}},"4":{"start":{"line":8,"column":70},"end":{"line":8,"column":88}},"5":{"start":{"line":9,"column":2},"end":{"line":9,"column":58}}},"fnMap":{"0":{"name":"(anonymous_0)","decl":{"start":{"line":3,"column":30},"end":{"line":3,"column":31}},"loc":{"start":{"line":6,"column":47},"end":{"line":10,"column":1}},"line":6},"1":{"name":"(anonymous_1)","decl":{"start":{"line":7,"column":55},"end":{"line":7,"column":56}},"loc":{"start":{"line":7,"column":71},"end":{"line":7,"column":93}},"line":7},"2":{"name":"(anonymous_2)","decl":{"start":{"line":8,"column":54},"end":{"line":8,"column":55}},"loc":{"start":{"line":8,"column":70},"end":{"line":8,"column":88}},"line":8}},"branchMap":{"0":{"loc":{"start":{"line":7,"column":17},"end":{"line":7,"column":111}},"type":"cond-expr","locations":[{"start":{"line":7,"column":55},"end":{"line":7,"column":93}},{"start":{"line":7,"column":96},"end":{"line":7,"column":111}}],"line":7},"1":{"loc":{"start":{"line":8,"column":20},"end":{"line":8,"column":102}},"type":"cond-expr","locations":[{"start":{"line":8,"column":54},"end":{"line":8,"column":88}},{"start":{"line":8,"column":91},"end":{"line":8,"column":102}}],"line":8}},"s":{"0":1,"1":6,"2":5,"3":6,"4":5,"5":6},"f":{"0":6,"1":5,"2":5},"b":{"0":[6,0],"1":[6,0]},"_coverageSchema":"1a1c01bbd47fc00a2c39e90264f33305004495a9","hash":"df3f539460d9ec9f3f31a74fb26946a3c48e2fb2"}
,"T:\\create-redux-pack\\src\\utils\\formatParams.ts": {"path":"T:\\create-redux-pack\\src\\utils\\formatParams.ts","statementMap":{"0":{"start":{"line":3,"column":38},"end":{"line":3,"column":63}},"1":{"start":{"line":5,"column":28},"end":{"line":16,"column":1}},"2":{"start":{"line":8,"column":2},"end":{"line":15,"column":3}},"3":{"start":{"line":9,"column":97},"end":{"line":9,"column":106}},"4":{"start":{"line":10,"column":4},"end":{"line":10,"column":51}},"5":{"start":{"line":10,"column":34},"end":{"line":10,"column":51}},"6":{"start":{"line":11,"column":17},"end":{"line":11,"column":85}},"7":{"start":{"line":12,"column":4},"end":{"line":12,"column":68}},"8":{"start":{"line":14,"column":4},"end":{"line":14,"column":56}}},"fnMap":{"0":{"name":"(anonymous_0)","decl":{"start":{"line":5,"column":28},"end":{"line":5,"column":29}},"loc":{"start":{"line":7,"column":94},"end":{"line":16,"column":1}},"line":7}},"branchMap":{"0":{"loc":{"start":{"line":9,"column":18},"end":{"line":9,"column":45}},"type":"default-arg","locations":[{"start":{"line":9,"column":31},"end":{"line":9,"column":45}}],"line":9},"1":{"loc":{"start":{"line":9,"column":47},"end":{"line":9,"column":81}},"type":"default-arg","locations":[{"start":{"line":9,"column":61},"end":{"line":9,"column":81}}],"line":9},"2":{"loc":{"start":{"line":10,"column":4},"end":{"line":10,"column":51}},"type":"if","locations":[{"start":{"line":10,"column":4},"end":{"line":10,"column":51}},{"start":{"line":10,"column":4},"end":{"line":10,"column":51}}],"line":10}},"s":{"0":1,"1":1,"2":10,"3":10,"4":9,"5":1,"6":8,"7":8,"8":1},"f":{"0":10},"b":{"0":[1],"1":[1],"2":[1,8]},"_coverageSchema":"1a1c01bbd47fc00a2c39e90264f33305004495a9","hash":"278545bd98c52d85044cabbc2464edc4dd2efd47"}
,"T:\\create-redux-pack\\src\\utils\\getReadableKey.ts": {"path":"T:\\create-redux-pack\\src\\utils\\getReadableKey.ts","statementMap":{"0":{"start":{"line":3,"column":30},"end":{"line":3,"column":110}},"1":{"start":{"line":3,"column":56},"end":{"line":3,"column":109}}},"fnMap":{"0":{"name":"(anonymous_0)","decl":{"start":{"line":3,"column":30},"end":{"line":3,"column":31}},"loc":{"start":{"line":3,"column":56},"end":{"line":3,"column":109}},"line":3}},"branchMap":{"0":{"loc":{"start":{"line":3,"column":56},"end":{"line":3,"column":109}},"type":"cond-expr","locations":[{"start":{"line":3,"column":78},"end":{"line":3,"column":81}},{"start":{"line":3,"column":84},"end":{"line":3,"column":109}}],"line":3}},"s":{"0":1,"1":22},"f":{"0":22},"b":{"0":[18,4]},"_coverageSchema":"1a1c01bbd47fc00a2c39e90264f33305004495a9","hash":"cb0e7587e4a0832cf0cfea261f63577bfe5643e1"}
,"T:\\create-redux-pack\\src\\utils\\hasCRPackName.ts": {"path":"T:\\create-redux-pack\\src\\utils\\hasCRPackName.ts","statementMap":{"0":{"start":{"line":1,"column":29},"end":{"line":1,"column":87}},"1":{"start":{"line":1,"column":56},"end":{"line":1,"column":87}}},"fnMap":{"0":{"name":"(anonymous_0)","decl":{"start":{"line":1,"column":29},"end":{"line":1,"column":30}},"loc":{"start":{"line":1,"column":56},"end":{"line":1,"column":87}},"line":1}},"branchMap":{},"s":{"0":1,"1":110},"f":{"0":110},"b":{},"_coverageSchema":"1a1c01bbd47fc00a2c39e90264f33305004495a9","hash":"0e0284430712cbe06eda20dc65d6176e0b61b290"}
,"T:\\create-redux-pack\\src\\utils\\index.ts": {"path":"T:\\create-redux-pack\\src\\utils\\index.ts","statementMap":{},"fnMap":{},"branchMap":{},"s":{},"f":{},"b":{},"_coverageSchema":"1a1c01bbd47fc00a2c39e90264f33305004495a9","hash":"4a6701f29e680a63308fc68d88c9cc8d4e2f8f93"}
,"T:\\create-redux-pack\\src\\utils\\makeKeysReadable.ts": {"path":"T:\\create-redux-pack\\src\\utils\\makeKeysReadable.ts","statementMap":{"0":{"start":{"line":3,"column":32},"end":{"line":23,"column":1}},"1":{"start":{"line":4,"column":2},"end":{"line":4,"column":52}},"2":{"start":{"line":4,"column":41},"end":{"line":4,"column":52}},"3":{"start":{"line":5,"column":17},"end":{"line":5,"column":27}},"4":{"start":{"line":6,"column":21},"end":{"line":20,"column":3}},"5":{"start":{"line":7,"column":17},"end":{"line":7,"column":64}},"6":{"start":{"line":8,"column":4},"end":{"line":8,"column":36}},"7":{"start":{"line":8,"column":22},"end":{"line":8,"column":36}},"8":{"start":{"line":9,"column":17},"end":{"line":9,"column":30}},"9":{"start":{"line":11,"column":4},"end":{"line":18,"column":7}},"10":{"start":{"line":12,"column":26},"end":{"line":12,"column":54}},"11":{"start":{"line":13,"column":6},"end":{"line":17,"column":7}},"12":{"start":{"line":14,"column":8},"end":{"line":14,"column":44}},"13":{"start":{"line":15,"column":8},"end":{"line":15,"column":23}},"14":{"start":{"line":16,"column":8},"end":{"line":16,"column":15}},"15":{"start":{"line":19,"column":4},"end":{"line":19,"column":16}},"16":{"start":{"line":22,"column":2},"end":{"line":22,"column":28}}},"fnMap":{"0":{"name":"(anonymous_0)","decl":{"start":{"line":3,"column":32},"end":{"line":3,"column":33}},"loc":{"start":{"line":3,"column":78},"end":{"line":23,"column":1}},"line":3},"1":{"name":"(anonymous_1)","decl":{"start":{"line":6,"column":21},"end":{"line":6,"column":22}},"loc":{"start":{"line":6,"column":38},"end":{"line":20,"column":3}},"line":6},"2":{"name":"(anonymous_2)","decl":{"start":{"line":11,"column":17},"end":{"line":11,"column":18}},"loc":{"start":{"line":11,"column":24},"end":{"line":18,"column":5}},"line":11}},"branchMap":{"0":{"loc":{"start":{"line":4,"column":2},"end":{"line":4,"column":52}},"type":"if","locations":[{"start":{"line":4,"column":2},"end":{"line":4,"column":52}},{"start":{"line":4,"column":2},"end":{"line":4,"column":52}}],"line":4},"1":{"loc":{"start":{"line":4,"column":8},"end":{"line":4,"column":38}},"type":"binary-expr","locations":[{"start":{"line":4,"column":8},"end":{"line":4,"column":11}},{"start":{"line":4,"column":15},"end":{"line":4,"column":38}}],"line":4},"2":{"loc":{"start":{"line":7,"column":29},"end":{"line":7,"column":41}},"type":"binary-expr","locations":[{"start":{"line":7,"column":29},"end":{"line":7,"column":35}},{"start":{"line":7,"column":39},"end":{"line":7,"column":41}}],"line":7},"3":{"loc":{"start":{"line":8,"column":4},"end":{"line":8,"column":36}},"type":"if","locations":[{"start":{"line":8,"column":4},"end":{"line":8,"column":36}},{"start":{"line":8,"column":4},"end":{"line":8,"column":36}}],"line":8},"4":{"loc":{"start":{"line":12,"column":26},"end":{"line":12,"column":54}},"type":"binary-expr","locations":[{"start":{"line":12,"column":26},"end":{"line":12,"column":48}},{"start":{"line":12,"column":52},"end":{"line":12,"column":54}}],"line":12},"5":{"loc":{"start":{"line":13,"column":6},"end":{"line":17,"column":7}},"type":"if","locations":[{"start":{"line":13,"column":6},"end":{"line":17,"column":7}},{"start":{"line":13,"column":6},"end":{"line":17,"column":7}}],"line":13}},"s":{"0":1,"1":4,"2":1,"3":3,"4":3,"5":10,"6":10,"7":6,"8":4,"9":4,"10":7,"11":7,"12":7,"13":7,"14":7,"15":4,"16":3},"f":{"0":4,"1":10,"2":7},"b":{"0":[1,3],"1":[4,4],"2":[10,1],"3":[6,4],"4":[7,0],"5":[7,0]},"_coverageSchema":"1a1c01bbd47fc00a2c39e90264f33305004495a9","hash":"e0d401ae9b0b8940ed78c98f373635987196c812"}
,"T:\\create-redux-pack\\src\\utils\\mergeGenerators.ts": {"path":"T:\\create-redux-pack\\src\\utils\\mergeGenerators.ts","statementMap":{"0":{"start":{"line":3,"column":31},"end":{"line":71,"column":1}},"1":{"start":{"line":6,"column":2},"end":{"line":70,"column":3}},"2":{"start":{"line":7,"column":20},"end":{"line":7,"column":114}},"3":{"start":{"line":7,"column":76},"end":{"line":7,"column":107}},"4":{"start":{"line":8,"column":82},"end":{"line":8,"column":92}},"5":{"start":{"line":8,"column":89},"end":{"line":8,"column":91}},"6":{"start":{"line":9,"column":4},"end":{"line":52,"column":5}},"7":{"start":{"line":10,"column":6},"end":{"line":51,"column":8}},"8":{"start":{"line":11,"column":25},"end":{"line":14,"column":97}},"9":{"start":{"line":12,"column":27},"end":{"line":12,"column":56}},"10":{"start":{"line":13,"column":24},"end":{"line":13,"column":41}},"11":{"start":{"line":14,"column":27},"end":{"line":14,"column":96}},"12":{"start":{"line":15,"column":29},"end":{"line":17,"column":9}},"13":{"start":{"line":16,"column":67},"end":{"line":16,"column":102}},"14":{"start":{"line":18,"column":8},"end":{"line":50,"column":10}},"15":{"start":{"line":19,"column":34},"end":{"line":48,"column":11}},"16":{"start":{"line":22,"column":38},"end":{"line":22,"column":102}},"17":{"start":{"line":22,"column":67},"end":{"line":22,"column":101}},"18":{"start":{"line":23,"column":14},"end":{"line":46,"column":16}},"19":{"start":{"line":25,"column":33},"end":{"line":25,"column":80}},"20":{"start":{"line":26,"column":39},"end":{"line":26,"column":60}},"21":{"start":{"line":27,"column":18},"end":{"line":39,"column":19}},"22":{"start":{"line":28,"column":20},"end":{"line":31,"column":22}},"23":{"start":{"line":32,"column":20},"end":{"line":38,"column":22}},"24":{"start":{"line":33,"column":39},"end":{"line":36,"column":23}},"25":{"start":{"line":40,"column":18},"end":{"line":43,"column":20}},"26":{"start":{"line":53,"column":19},"end":{"line":63,"column":5}},"27":{"start":{"line":54,"column":23},"end":{"line":61,"column":7}},"28":{"start":{"line":57,"column":10},"end":{"line":59,"column":75}},"29":{"start":{"line":58,"column":29},"end":{"line":58,"column":52}},"30":{"start":{"line":59,"column":37},"end":{"line":59,"column":68}},"31":{"start":{"line":64,"column":4},"end":{"line":67,"column":23}},"32":{"start":{"line":69,"column":4},"end":{"line":69,"column":75}}},"fnMap":{"0":{"name":"(anonymous_0)","decl":{"start":{"line":3,"column":31},"end":{"line":3,"column":32}},"loc":{"start":{"line":5,"column":8},"end":{"line":71,"column":1}},"line":5},"1":{"name":"(anonymous_1)","decl":{"start":{"line":7,"column":60},"end":{"line":7,"column":61}},"loc":{"start":{"line":7,"column":76},"end":{"line":7,"column":107}},"line":7},"2":{"name":"(anonymous_2)","decl":{"start":{"line":8,"column":82},"end":{"line":8,"column":83}},"loc":{"start":{"line":8,"column":89},"end":{"line":8,"column":91}},"line":8},"3":{"name":"(anonymous_3)","decl":{"start":{"line":10,"column":16},"end":{"line":10,"column":17}},"loc":{"start":{"line":10,"column":26},"end":{"line":51,"column":7}},"line":10},"4":{"name":"(anonymous_4)","decl":{"start":{"line":12,"column":18},"end":{"line":12,"column":19}},"loc":{"start":{"line":12,"column":27},"end":{"line":12,"column":56}},"line":12},"5":{"name":"(anonymous_5)","decl":{"start":{"line":13,"column":15},"end":{"line":13,"column":16}},"loc":{"start":{"line":13,"column":24},"end":{"line":13,"column":41}},"line":13},"6":{"name":"(anonymous_6)","decl":{"start":{"line":14,"column":18},"end":{"line":14,"column":19}},"loc":{"start":{"line":14,"column":27},"end":{"line":14,"column":96}},"line":14},"7":{"name":"(anonymous_7)","decl":{"start":{"line":16,"column":47},"end":{"line":16,"column":48}},"loc":{"start":{"line":16,"column":67},"end":{"line":16,"column":102}},"line":16},"8":{"name":"(anonymous_8)","decl":{"start":{"line":19,"column":10},"end":{"line":19,"column":11}},"loc":{"start":{"line":19,"column":34},"end":{"line":48,"column":11}},"line":19},"9":{"name":"(anonymous_9)","decl":{"start":{"line":21,"column":26},"end":{"line":21,"column":27}},"loc":{"start":{"line":21,"column":84},"end":{"line":47,"column":13}},"line":21},"10":{"name":"(anonymous_10)","decl":{"start":{"line":22,"column":54},"end":{"line":22,"column":55}},"loc":{"start":{"line":22,"column":67},"end":{"line":22,"column":101}},"line":22},"11":{"name":"(anonymous_11)","decl":{"start":{"line":24,"column":16},"end":{"line":24,"column":17}},"loc":{"start":{"line":24,"column":48},"end":{"line":44,"column":17}},"line":24},"12":{"name":"(anonymous_12)","decl":{"start":{"line":33,"column":22},"end":{"line":33,"column":23}},"loc":{"start":{"line":33,"column":39},"end":{"line":36,"column":23}},"line":33},"13":{"name":"(anonymous_13)","decl":{"start":{"line":54,"column":6},"end":{"line":54,"column":7}},"loc":{"start":{"line":54,"column":23},"end":{"line":61,"column":7}},"line":54},"14":{"name":"(anonymous_14)","decl":{"start":{"line":56,"column":15},"end":{"line":56,"column":16}},"loc":{"start":{"line":56,"column":58},"end":{"line":60,"column":9}},"line":56},"15":{"name":"(anonymous_15)","decl":{"start":{"line":58,"column":20},"end":{"line":58,"column":21}},"loc":{"start":{"line":58,"column":29},"end":{"line":58,"column":52}},"line":58},"16":{"name":"(anonymous_16)","decl":{"start":{"line":59,"column":20},"end":{"line":59,"column":21}},"loc":{"start":{"line":59,"column":37},"end":{"line":59,"column":68}},"line":59}},"branchMap":{"0":{"loc":{"start":{"line":9,"column":4},"end":{"line":52,"column":5}},"type":"if","locations":[{"start":{"line":9,"column":4},"end":{"line":52,"column":5}},{"start":{"line":9,"column":4},"end":{"line":52,"column":5}}],"line":9},"1":{"loc":{"start":{"line":14,"column":27},"end":{"line":14,"column":96}},"type":"binary-expr","locations":[{"start":{"line":14,"column":27},"end":{"line":14,"column":30}},{"start":{"line":14,"column":34},"end":{"line":14,"column":57}},{"start":{"line":14,"column":61},"end":{"line":14,"column":96}}],"line":14},"2":{"loc":{"start":{"line":21,"column":27},"end":{"line":21,"column":58}},"type":"default-arg","locations":[{"start":{"line":21,"column":56},"end":{"line":21,"column":58}}],"line":21},"3":{"loc":{"start":{"line":27,"column":18},"end":{"line":39,"column":19}},"type":"if","locations":[{"start":{"line":27,"column":18},"end":{"line":39,"column":19}},{"start":{"line":27,"column":18},"end":{"line":39,"column":19}}],"line":27},"4":{"loc":{"start":{"line":35,"column":28},"end":{"line":35,"column":103}},"type":"cond-expr","locations":[{"start":{"line":35,"column":74},"end":{"line":35,"column":98}},{"start":{"line":35,"column":101},"end":{"line":35,"column":103}}],"line":35},"5":{"loc":{"start":{"line":35,"column":28},"end":{"line":35,"column":71}},"type":"binary-expr","locations":[{"start":{"line":35,"column":28},"end":{"line":35,"column":39}},{"start":{"line":35,"column":43},"end":{"line":35,"column":71}}],"line":35}},"s":{"0":1,"1":3,"2":3,"3":6,"4":2,"5":0,"6":2,"7":2,"8":2,"9":4,"10":4,"11":4,"12":2,"13":4,"14":2,"15":6,"16":2,"17":4,"18":2,"19":4,"20":4,"21":4,"22":1,"23":1,"24":6,"25":4,"26":2,"27":14,"28":12,"29":24,"30":18,"31":2,"32":1},"f":{"0":3,"1":6,"2":0,"3":2,"4":4,"5":4,"6":4,"7":4,"8":6,"9":2,"10":4,"11":4,"12":6,"13":14,"14":12,"15":24,"16":18},"b":{"0":[2,0],"1":[4,4,4],"2":[0],"3":[1,3],"4":[5,1],"5":[6,3]},"_coverageSchema":"1a1c01bbd47fc00a2c39e90264f33305004495a9","hash":"47f2d598e96e664b5188afb081b4a3217e682170"}
,"T:\\create-redux-pack\\src\\utils\\mergeObjects.ts": {"path":"T:\\create-redux-pack\\src\\utils\\mergeObjects.ts","statementMap":{"0":{"start":{"line":1,"column":28},"end":{"line":12,"column":1}},"1":{"start":{"line":2,"column":21},"end":{"line":2,"column":34}},"2":{"start":{"line":3,"column":16},"end":{"line":9,"column":3}},"3":{"start":{"line":4,"column":4},"end":{"line":6,"column":7}},"4":{"start":{"line":5,"column":6},"end":{"line":5,"column":118}},"5":{"start":{"line":5,"column":58},"end":{"line":5,"column":118}},"6":{"start":{"line":7,"column":4},"end":{"line":7,"column":40}},"7":{"start":{"line":8,"column":4},"end":{"line":8,"column":18}},"8":{"start":{"line":10,"column":2},"end":{"line":10,"column":28}},"9":{"start":{"line":11,"column":2},"end":{"line":11,"column":20}}},"fnMap":{"0":{"name":"(anonymous_0)","decl":{"start":{"line":1,"column":28},"end":{"line":1,"column":29}},"loc":{"start":{"line":1,"column":95},"end":{"line":12,"column":1}},"line":1},"1":{"name":"(anonymous_1)","decl":{"start":{"line":3,"column":16},"end":{"line":3,"column":17}},"loc":{"start":{"line":3,"column":51},"end":{"line":9,"column":3}},"line":3},"2":{"name":"(anonymous_2)","decl":{"start":{"line":4,"column":32},"end":{"line":4,"column":33}},"loc":{"start":{"line":4,"column":41},"end":{"line":6,"column":5}},"line":4}},"branchMap":{"0":{"loc":{"start":{"line":5,"column":6},"end":{"line":5,"column":118}},"type":"if","locations":[{"start":{"line":5,"column":6},"end":{"line":5,"column":118}},{"start":{"line":5,"column":6},"end":{"line":5,"column":118}}],"line":5},"1":{"loc":{"start":{"line":5,"column":10},"end":{"line":5,"column":56}},"type":"binary-expr","locations":[{"start":{"line":5,"column":10},"end":{"line":5,"column":39}},{"start":{"line":5,"column":43},"end":{"line":5,"column":56}}],"line":5},"2":{"loc":{"start":{"line":7,"column":18},"end":{"line":7,"column":30}},"type":"binary-expr","locations":[{"start":{"line":7,"column":18},"end":{"line":7,"column":24}},{"start":{"line":7,"column":28},"end":{"line":7,"column":30}}],"line":7}},"s":{"0":1,"1":4,"2":4,"3":6,"4":18,"5":2,"6":6,"7":6,"8":4,"9":4},"f":{"0":4,"1":6,"2":18},"b":{"0":[2,16],"1":[18,2],"2":[6,0]},"_coverageSchema":"1a1c01bbd47fc00a2c39e90264f33305004495a9","hash":"861bd051f4511e488333dd6700048fdec7a5a32d"}
,"T:\\create-redux-pack\\src\\utils\\payloadMappers.ts": {"path":"T:\\create-redux-pack\\src\\utils\\payloadMappers.ts","statementMap":{"0":{"start":{"line":6,"column":27},"end":{"line":6,"column":81}},"1":{"start":{"line":6,"column":53},"end":{"line":6,"column":81}},"2":{"start":{"line":8,"column":14},"end":{"line":17,"column":1}},"3":{"start":{"line":9,"column":2},"end":{"line":9,"column":30}},"4":{"start":{"line":9,"column":19},"end":{"line":9,"column":30}},"5":{"start":{"line":10,"column":15},"end":{"line":14,"column":65}},"6":{"start":{"line":11,"column":4},"end":{"line":14,"column":65}},"7":{"start":{"line":14,"column":29},"end":{"line":14,"column":58}},"8":{"start":{"line":15,"column":16},"end":{"line":15,"column":53}},"9":{"start":{"line":16,"column":2},"end":{"line":16,"column":69}},"10":{"start":{"line":19,"column":29},"end":{"line":34,"column":1}},"11":{"start":{"line":28,"column":26},"end":{"line":28,"column":41}},"12":{"start":{"line":29,"column":16},"end":{"line":29,"column":43}},"13":{"start":{"line":30,"column":23},"end":{"line":30,"column":51}},"14":{"start":{"line":31,"column":23},"end":{"line":31,"column":89}},"15":{"start":{"line":32,"column":19},"end":{"line":32,"column":70}},"16":{"start":{"line":33,"column":2},"end":{"line":33,"column":92}},"17":{"start":{"line":36,"column":39},"end":{"line":57,"column":1}},"18":{"start":{"line":44,"column":15},"end":{"line":44,"column":69}},"19":{"start":{"line":44,"column":55},"end":{"line":44,"column":68}},"20":{"start":{"line":45,"column":2},"end":{"line":56,"column":5}},"21":{"start":{"line":46,"column":33},"end":{"line":46,"column":59}},"22":{"start":{"line":47,"column":4},"end":{"line":49,"column":5}},"23":{"start":{"line":48,"column":6},"end":{"line":48,"column":79}},"24":{"start":{"line":50,"column":18},"end":{"line":50,"column":38}},"25":{"start":{"line":51,"column":21},"end":{"line":51,"column":72}},"26":{"start":{"line":52,"column":4},"end":{"line":52,"column":69}},"27":{"start":{"line":53,"column":25},"end":{"line":53,"column":64}},"28":{"start":{"line":54,"column":23},"end":{"line":54,"column":57}},"29":{"start":{"line":55,"column":4},"end":{"line":55,"column":109}},"30":{"start":{"line":59,"column":26},"end":{"line":63,"column":1}},"31":{"start":{"line":60,"column":18},"end":{"line":60,"column":20}},"32":{"start":{"line":61,"column":2},"end":{"line":61,"column":53}},"33":{"start":{"line":62,"column":2},"end":{"line":62,"column":17}},"34":{"start":{"line":65,"column":32},"end":{"line":83,"column":1}},"35":{"start":{"line":71,"column":15},"end":{"line":71,"column":69}},"36":{"start":{"line":71,"column":55},"end":{"line":71,"column":68}},"37":{"start":{"line":72,"column":2},"end":{"line":82,"column":5}},"38":{"start":{"line":73,"column":33},"end":{"line":73,"column":59}},"39":{"start":{"line":74,"column":21},"end":{"line":74,"column":72}},"40":{"start":{"line":75,"column":4},"end":{"line":78,"column":5}},"41":{"start":{"line":76,"column":6},"end":{"line":76,"column":46}},"42":{"start":{"line":77,"column":6},"end":{"line":77,"column":13}},"43":{"start":{"line":79,"column":23},"end":{"line":79,"column":57}},"44":{"start":{"line":80,"column":4},"end":{"line":80,"column":40}},"45":{"start":{"line":81,"column":4},"end":{"line":81,"column":78}},"46":{"start":{"line":85,"column":29},"end":{"line":89,"column":1}},"47":{"start":{"line":86,"column":21},"end":{"line":86,"column":23}},"48":{"start":{"line":87,"column":2},"end":{"line":87,"column":52}},"49":{"start":{"line":88,"column":2},"end":{"line":88,"column":20}},"50":{"start":{"line":91,"column":22},"end":{"line":95,"column":4}},"51":{"start":{"line":92,"column":2},"end":{"line":95,"column":4}},"52":{"start":{"line":94,"column":6},"end":{"line":94,"column":119}},"53":{"start":{"line":97,"column":28},"end":{"line":115,"column":1}},"54":{"start":{"line":103,"column":15},"end":{"line":103,"column":69}},"55":{"start":{"line":103,"column":55},"end":{"line":103,"column":68}},"56":{"start":{"line":104,"column":2},"end":{"line":114,"column":5}},"57":{"start":{"line":105,"column":33},"end":{"line":105,"column":59}},"58":{"start":{"line":106,"column":4},"end":{"line":109,"column":5}},"59":{"start":{"line":107,"column":6},"end":{"line":107,"column":84}},"60":{"start":{"line":108,"column":6},"end":{"line":108,"column":13}},"61":{"start":{"line":110,"column":22},"end":{"line":110,"column":24}},"62":{"start":{"line":111,"column":23},"end":{"line":111,"column":57}},"63":{"start":{"line":112,"column":4},"end":{"line":112,"column":70}},"64":{"start":{"line":113,"column":4},"end":{"line":113,"column":93}},"65":{"start":{"line":117,"column":28},"end":{"line":125,"column":1}},"66":{"start":{"line":122,"column":20},"end":{"line":122,"column":22}},"67":{"start":{"line":123,"column":2},"end":{"line":123,"column":67}},"68":{"start":{"line":124,"column":2},"end":{"line":124,"column":19}},"69":{"start":{"line":127,"column":24},"end":{"line":127,"column":57}},"70":{"start":{"line":129,"column":21},"end":{"line":152,"column":3}},"71":{"start":{"line":129,"column":76},"end":{"line":129,"column":81}},"72":{"start":{"line":130,"column":2},"end":{"line":152,"column":3}},"73":{"start":{"line":131,"column":51},"end":{"line":131,"column":77}},"74":{"start":{"line":134,"column":8},"end":{"line":148,"column":9}},"75":{"start":{"line":135,"column":10},"end":{"line":140,"column":12}},"76":{"start":{"line":137,"column":61},"end":{"line":137,"column":79}},"77":{"start":{"line":142,"column":10},"end":{"line":147,"column":11}},"78":{"start":{"line":143,"column":12},"end":{"line":146,"column":14}},"79":{"start":{"line":144,"column":61},"end":{"line":144,"column":79}},"80":{"start":{"line":149,"column":8},"end":{"line":149,"column":42}},"81":{"start":{"line":154,"column":27},"end":{"line":196,"column":1}},"82":{"start":{"line":161,"column":15},"end":{"line":161,"column":69}},"83":{"start":{"line":161,"column":55},"end":{"line":161,"column":68}},"84":{"start":{"line":162,"column":2},"end":{"line":195,"column":5}},"85":{"start":{"line":163,"column":33},"end":{"line":163,"column":59}},"86":{"start":{"line":164,"column":21},"end":{"line":164,"column":72}},"87":{"start":{"line":165,"column":4},"end":{"line":169,"column":5}},"88":{"start":{"line":166,"column":21},"end":{"line":166,"column":79}},"89":{"start":{"line":166,"column":73},"end":{"line":166,"column":78}},"90":{"start":{"line":167,"column":6},"end":{"line":167,"column":62}},"91":{"start":{"line":168,"column":6},"end":{"line":168,"column":13}},"92":{"start":{"line":170,"column":27},"end":{"line":170,"column":29}},"93":{"start":{"line":171,"column":27},"end":{"line":191,"column":6}},"94":{"start":{"line":172,"column":26},"end":{"line":179,"column":10}},"95":{"start":{"line":173,"column":30},"end":{"line":173,"column":34}},"96":{"start":{"line":174,"column":8},"end":{"line":178,"column":10}},"97":{"start":{"line":175,"column":10},"end":{"line":175,"column":44}},"98":{"start":{"line":175,"column":26},"end":{"line":175,"column":44}},"99":{"start":{"line":176,"column":10},"end":{"line":176,"column":48}},"100":{"start":{"line":177,"column":10},"end":{"line":177,"column":28}},"101":{"start":{"line":180,"column":6},"end":{"line":190,"column":26}},"102":{"start":{"line":184,"column":37},"end":{"line":184,"column":91}},"103":{"start":{"line":185,"column":36},"end":{"line":185,"column":79}},"104":{"start":{"line":186,"column":35},"end":{"line":186,"column":71}},"105":{"start":{"line":187,"column":57},"end":{"line":187,"column":115}},"106":{"start":{"line":192,"column":23},"end":{"line":192,"column":57}},"107":{"start":{"line":193,"column":4},"end":{"line":193,"column":90}},"108":{"start":{"line":194,"column":4},"end":{"line":194,"column":61}}},"fnMap":{"0":{"name":"(anonymous_0)","decl":{"start":{"line":6,"column":27},"end":{"line":6,"column":28}},"loc":{"start":{"line":6,"column":53},"end":{"line":6,"column":81}},"line":6},"1":{"name":"(anonymous_1)","decl":{"start":{"line":8,"column":14},"end":{"line":8,"column":15}},"loc":{"start":{"line":8,"column":79},"end":{"line":17,"column":1}},"line":8},"2":{"name":"(anonymous_2)","decl":{"start":{"line":10,"column":15},"end":{"line":10,"column":16}},"loc":{"start":{"line":11,"column":4},"end":{"line":14,"column":65}},"line":11},"3":{"name":"(anonymous_3)","decl":{"start":{"line":14,"column":14},"end":{"line":14,"column":15}},"loc":{"start":{"line":14,"column":29},"end":{"line":14,"column":58}},"line":14},"4":{"name":"(anonymous_4)","decl":{"start":{"line":19,"column":29},"end":{"line":19,"column":30}},"loc":{"start":{"line":27,"column":11},"end":{"line":34,"column":1}},"line":27},"5":{"name":"(anonymous_5)","decl":{"start":{"line":36,"column":39},"end":{"line":36,"column":40}},"loc":{"start":{"line":43,"column":11},"end":{"line":57,"column":1}},"line":43},"6":{"name":"(anonymous_6)","decl":{"start":{"line":44,"column":46},"end":{"line":44,"column":47}},"loc":{"start":{"line":44,"column":55},"end":{"line":44,"column":68}},"line":44},"7":{"name":"(anonymous_7)","decl":{"start":{"line":45,"column":15},"end":{"line":45,"column":16}},"loc":{"start":{"line":45,"column":24},"end":{"line":56,"column":3}},"line":45},"8":{"name":"(anonymous_8)","decl":{"start":{"line":59,"column":26},"end":{"line":59,"column":27}},"loc":{"start":{"line":59,"column":98},"end":{"line":63,"column":1}},"line":59},"9":{"name":"(anonymous_9)","decl":{"start":{"line":65,"column":32},"end":{"line":65,"column":33}},"loc":{"start":{"line":70,"column":5},"end":{"line":83,"column":1}},"line":70},"10":{"name":"(anonymous_10)","decl":{"start":{"line":71,"column":46},"end":{"line":71,"column":47}},"loc":{"start":{"line":71,"column":55},"end":{"line":71,"column":68}},"line":71},"11":{"name":"(anonymous_11)","decl":{"start":{"line":72,"column":15},"end":{"line":72,"column":16}},"loc":{"start":{"line":72,"column":24},"end":{"line":82,"column":3}},"line":72},"12":{"name":"(anonymous_12)","decl":{"start":{"line":85,"column":29},"end":{"line":85,"column":30}},"loc":{"start":{"line":85,"column":113},"end":{"line":89,"column":1}},"line":85},"13":{"name":"(anonymous_13)","decl":{"start":{"line":91,"column":22},"end":{"line":91,"column":23}},"loc":{"start":{"line":92,"column":2},"end":{"line":95,"column":4}},"line":92},"14":{"name":"(anonymous_14)","decl":{"start":{"line":93,"column":9},"end":{"line":93,"column":10}},"loc":{"start":{"line":94,"column":6},"end":{"line":94,"column":119}},"line":94},"15":{"name":"(anonymous_15)","decl":{"start":{"line":97,"column":28},"end":{"line":97,"column":29}},"loc":{"start":{"line":102,"column":5},"end":{"line":115,"column":1}},"line":102},"16":{"name":"(anonymous_16)","decl":{"start":{"line":103,"column":46},"end":{"line":103,"column":47}},"loc":{"start":{"line":103,"column":55},"end":{"line":103,"column":68}},"line":103},"17":{"name":"(anonymous_17)","decl":{"start":{"line":104,"column":15},"end":{"line":104,"column":16}},"loc":{"start":{"line":104,"column":24},"end":{"line":114,"column":3}},"line":104},"18":{"name":"(anonymous_18)","decl":{"start":{"line":117,"column":28},"end":{"line":117,"column":29}},"loc":{"start":{"line":121,"column":26},"end":{"line":125,"column":1}},"line":121},"19":{"name":"(anonymous_19)","decl":{"start":{"line":129,"column":21},"end":{"line":129,"column":22}},"loc":{"start":{"line":130,"column":2},"end":{"line":152,"column":3}},"line":130},"20":{"name":"(anonymous_20)","decl":{"start":{"line":129,"column":60},"end":{"line":129,"column":61}},"loc":{"start":{"line":129,"column":76},"end":{"line":129,"column":81}},"line":129},"21":{"name":"(anonymous_21)","decl":{"start":{"line":131,"column":35},"end":{"line":131,"column":36}},"loc":{"start":{"line":131,"column":51},"end":{"line":131,"column":77}},"line":131},"22":{"name":"(anonymous_22)","decl":{"start":{"line":133,"column":11},"end":{"line":133,"column":12}},"loc":{"start":{"line":133,"column":31},"end":{"line":150,"column":7}},"line":133},"23":{"name":"(anonymous_23)","decl":{"start":{"line":137,"column":45},"end":{"line":137,"column":46}},"loc":{"start":{"line":137,"column":61},"end":{"line":137,"column":79}},"line":137},"24":{"name":"(anonymous_24)","decl":{"start":{"line":144,"column":45},"end":{"line":144,"column":46}},"loc":{"start":{"line":144,"column":61},"end":{"line":144,"column":79}},"line":144},"25":{"name":"(anonymous_25)","decl":{"start":{"line":154,"column":27},"end":{"line":154,"column":28}},"loc":{"start":{"line":160,"column":5},"end":{"line":196,"column":1}},"line":160},"26":{"name":"(anonymous_26)","decl":{"start":{"line":161,"column":46},"end":{"line":161,"column":47}},"loc":{"start":{"line":161,"column":55},"end":{"line":161,"column":68}},"line":161},"27":{"name":"(anonymous_27)","decl":{"start":{"line":162,"column":15},"end":{"line":162,"column":16}},"loc":{"start":{"line":162,"column":24},"end":{"line":195,"column":3}},"line":162},"28":{"name":"(anonymous_28)","decl":{"start":{"line":166,"column":57},"end":{"line":166,"column":58}},"loc":{"start":{"line":166,"column":73},"end":{"line":166,"column":78}},"line":166},"29":{"name":"(anonymous_29)","decl":{"start":{"line":171,"column":58},"end":{"line":171,"column":59}},"loc":{"start":{"line":171,"column":74},"end":{"line":191,"column":5}},"line":171},"30":{"name":"(anonymous_30)","decl":{"start":{"line":172,"column":27},"end":{"line":172,"column":28}},"loc":{"start":{"line":172,"column":33},"end":{"line":179,"column":7}},"line":172},"31":{"name":"(anonymous_31)","decl":{"start":{"line":174,"column":15},"end":{"line":174,"column":16}},"loc":{"start":{"line":174,"column":32},"end":{"line":178,"column":9}},"line":174},"32":{"name":"(anonymous_32)","decl":{"start":{"line":184,"column":19},"end":{"line":184,"column":20}},"loc":{"start":{"line":184,"column":37},"end":{"line":184,"column":91}},"line":184},"33":{"name":"(anonymous_33)","decl":{"start":{"line":185,"column":19},"end":{"line":185,"column":20}},"loc":{"start":{"line":185,"column":36},"end":{"line":185,"column":79}},"line":185},"34":{"name":"(anonymous_34)","decl":{"start":{"line":186,"column":23},"end":{"line":186,"column":24}},"loc":{"start":{"line":186,"column":35},"end":{"line":186,"column":71}},"line":186},"35":{"name":"(anonymous_35)","decl":{"start":{"line":187,"column":40},"end":{"line":187,"column":41}},"loc":{"start":{"line":187,"column":57},"end":{"line":187,"column":115}},"line":187}},"branchMap":{"0":{"loc":{"start":{"line":8,"column":15},"end":{"line":8,"column":28}},"type":"default-arg","locations":[{"start":{"line":8,"column":26},"end":{"line":8,"column":28}}],"line":8},"1":{"loc":{"start":{"line":8,"column":45},"end":{"line":8,"column":74}},"type":"default-arg","locations":[{"start":{"line":8,"column":65},"end":{"line":8,"column":74}}],"line":8},"2":{"loc":{"start":{"line":9,"column":2},"end":{"line":9,"column":30}},"type":"if","locations":[{"start":{"line":9,"column":2},"end":{"line":9,"column":30}},{"start":{"line":9,"column":2},"end":{"line":9,"column":30}}],"line":9},"3":{"loc":{"start":{"line":11,"column":5},"end":{"line":11,"column":15}},"type":"binary-expr","locations":[{"start":{"line":11,"column":5},"end":{"line":11,"column":9}},{"start":{"line":11,"column":13},"end":{"line":11,"column":15}}],"line":11},"4":{"loc":{"start":{"line":14,"column":29},"end":{"line":14,"column":58}},"type":"cond-expr","locations":[{"start":{"line":14,"column":44},"end":{"line":14,"column":52}},{"start":{"line":14,"column":55},"end":{"line":14,"column":58}}],"line":14},"5":{"loc":{"start":{"line":14,"column":29},"end":{"line":14,"column":41}},"type":"binary-expr","locations":[{"start":{"line":14,"column":29},"end":{"line":14,"column":32}},{"start":{"line":14,"column":36},"end":{"line":14,"column":41}}],"line":14},"6":{"loc":{"start":{"line":15,"column":16},"end":{"line":15,"column":53}},"type":"binary-expr","locations":[{"start":{"line":15,"column":16},"end":{"line":15,"column":32}},{"start":{"line":15,"column":36},"end":{"line":15,"column":53}}],"line":15},"7":{"loc":{"start":{"line":16,"column":9},"end":{"line":16,"column":68}},"type":"cond-expr","locations":[{"start":{"line":16,"column":48},"end":{"line":16,"column":60}},{"start":{"line":16,"column":63},"end":{"line":16,"column":68}}],"line":16},"8":{"loc":{"start":{"line":16,"column":9},"end":{"line":16,"column":45}},"type":"binary-expr","locations":[{"start":{"line":16,"column":9},"end":{"line":16,"column":28}},{"start":{"line":16,"column":32},"end":{"line":16,"column":45}}],"line":16},"9":{"loc":{"start":{"line":26,"column":2},"end":{"line":26,"column":13}},"type":"default-arg","locations":[{"start":{"line":26,"column":11},"end":{"line":26,"column":13}}],"line":26},"10":{"loc":{"start":{"line":29,"column":16},"end":{"line":29,"column":43}},"type":"binary-expr","locations":[{"start":{"line":29,"column":16},"end":{"line":29,"column":36}},{"start":{"line":29,"column":40},"end":{"line":29,"column":43}}],"line":29},"11":{"loc":{"start":{"line":31,"column":23},"end":{"line":31,"column":89}},"type":"cond-expr","locations":[{"start":{"line":31,"column":31},"end":{"line":31,"column":79}},{"start":{"line":31,"column":82},"end":{"line":31,"column":89}}],"line":31},"12":{"loc":{"start":{"line":33,"column":18},"end":{"line":33,"column":91}},"type":"cond-expr","locations":[{"start":{"line":33,"column":33},"end":{"line":33,"column":76}},{"start":{"line":33,"column":79},"end":{"line":33,"column":91}}],"line":33},"13":{"loc":{"start":{"line":42,"column":2},"end":{"line":42,"column":13}},"type":"default-arg","locations":[{"start":{"line":42,"column":11},"end":{"line":42,"column":13}}],"line":42},"14":{"loc":{"start":{"line":47,"column":4},"end":{"line":49,"column":5}},"type":"if","locations":[{"start":{"line":47,"column":4},"end":{"line":49,"column":5}},{"start":{"line":47,"column":4},"end":{"line":49,"column":5}}],"line":47},"15":{"loc":{"start":{"line":52,"column":46},"end":{"line":52,"column":65}},"type":"binary-expr","locations":[{"start":{"line":52,"column":46},"end":{"line":52,"column":59}},{"start":{"line":52,"column":63},"end":{"line":52,"column":65}}],"line":52},"16":{"loc":{"start":{"line":53,"column":25},"end":{"line":53,"column":64}},"type":"cond-expr","locations":[{"start":{"line":53,"column":33},"end":{"line":53,"column":54}},{"start":{"line":53,"column":57},"end":{"line":53,"column":64}}],"line":53},"17":{"loc":{"start":{"line":69,"column":2},"end":{"line":69,"column":13}},"type":"default-arg","locations":[{"start":{"line":69,"column":11},"end":{"line":69,"column":13}}],"line":69},"18":{"loc":{"start":{"line":75,"column":4},"end":{"line":78,"column":5}},"type":"if","locations":[{"start":{"line":75,"column":4},"end":{"line":78,"column":5}},{"start":{"line":75,"column":4},"end":{"line":78,"column":5}}],"line":75},"19":{"loc":{"start":{"line":80,"column":20},"end":{"line":80,"column":39}},"type":"binary-expr","locations":[{"start":{"line":80,"column":20},"end":{"line":80,"column":33}},{"start":{"line":80,"column":37},"end":{"line":80,"column":39}}],"line":80},"20":{"loc":{"start":{"line":94,"column":6},"end":{"line":94,"column":119}},"type":"cond-expr","locations":[{"start":{"line":94,"column":35},"end":{"line":94,"column":49}},{"start":{"line":94,"column":52},"end":{"line":94,"column":119}}],"line":94},"21":{"loc":{"start":{"line":94,"column":52},"end":{"line":94,"column":119}},"type":"cond-expr","locations":[{"start":{"line":94,"column":76},"end":{"line":94,"column":112}},{"start":{"line":94,"column":115},"end":{"line":94,"column":119}}],"line":94},"22":{"loc":{"start":{"line":94,"column":76},"end":{"line":94,"column":112}},"type":"binary-expr","locations":[{"start":{"line":94,"column":77},"end":{"line":94,"column":83}},{"start":{"line":94,"column":87},"end":{"line":94,"column":91}},{"start":{"line":94,"column":96},"end":{"line":94,"column":112}}],"line":94},"23":{"loc":{"start":{"line":101,"column":2},"end":{"line":101,"column":13}},"type":"default-arg","locations":[{"start":{"line":101,"column":11},"end":{"line":101,"column":13}}],"line":101},"24":{"loc":{"start":{"line":106,"column":4},"end":{"line":109,"column":5}},"type":"if","locations":[{"start":{"line":106,"column":4},"end":{"line":109,"column":5}},{"start":{"line":106,"column":4},"end":{"line":109,"column":5}}],"line":106},"25":{"loc":{"start":{"line":129,"column":51},"end":{"line":129,"column":81}},"type":"default-arg","locations":[{"start":{"line":129,"column":60},"end":{"line":129,"column":81}}],"line":129},"26":{"loc":{"start":{"line":131,"column":59},"end":{"line":131,"column":70}},"type":"binary-expr","locations":[{"start":{"line":131,"column":59},"end":{"line":131,"column":64}},{"start":{"line":131,"column":68},"end":{"line":131,"column":70}}],"line":131},"27":{"loc":{"start":{"line":134,"column":8},"end":{"line":148,"column":9}},"type":"if","locations":[{"start":{"line":134,"column":8},"end":{"line":148,"column":9}},{"start":{"line":134,"column":8},"end":{"line":148,"column":9}}],"line":134},"28":{"loc":{"start":{"line":137,"column":62},"end":{"line":137,"column":73}},"type":"binary-expr","locations":[{"start":{"line":137,"column":62},"end":{"line":137,"column":67}},{"start":{"line":137,"column":71},"end":{"line":137,"column":73}}],"line":137},"29":{"loc":{"start":{"line":142,"column":10},"end":{"line":147,"column":11}},"type":"if","locations":[{"start":{"line":142,"column":10},"end":{"line":147,"column":11}},{"start":{"line":142,"column":10},"end":{"line":147,"column":11}}],"line":142},"30":{"loc":{"start":{"line":144,"column":62},"end":{"line":144,"column":73}},"type":"binary-expr","locations":[{"start":{"line":144,"column":62},"end":{"line":144,"column":67}},{"start":{"line":144,"column":71},"end":{"line":144,"column":73}}],"line":144},"31":{"loc":{"start":{"line":159,"column":2},"end":{"line":159,"column":13}},"type":"default-arg","locations":[{"start":{"line":159,"column":11},"end":{"line":159,"column":13}}],"line":159},"32":{"loc":{"start":{"line":165,"column":4},"end":{"line":169,"column":5}},"type":"if","locations":[{"start":{"line":165,"column":4},"end":{"line":169,"column":5}},{"start":{"line":165,"column":4},"end":{"line":169,"column":5}}],"line":165},"33":{"loc":{"start":{"line":166,"column":21},"end":{"line":166,"column":79}},"type":"binary-expr","locations":[{"start":{"line":166,"column":21},"end":{"line":166,"column":52}},{"start":{"line":166,"column":57},"end":{"line":166,"column":78}}],"line":166},"34":{"loc":{"start":{"line":175,"column":10},"end":{"line":175,"column":44}},"type":"if","locations":[{"start":{"line":175,"column":10},"end":{"line":175,"column":44}},{"start":{"line":175,"column":10},"end":{"line":175,"column":44}}],"line":175},"35":{"loc":{"start":{"line":180,"column":13},"end":{"line":190,"column":25}},"type":"cond-expr","locations":[{"start":{"line":181,"column":10},"end":{"line":189,"column":11}},{"start":{"line":190,"column":10},"end":{"line":190,"column":25}}],"line":180},"36":{"loc":{"start":{"line":180,"column":13},"end":{"line":180,"column":67}},"type":"binary-expr","locations":[{"start":{"line":180,"column":13},"end":{"line":180,"column":28}},{"start":{"line":180,"column":32},"end":{"line":180,"column":67}}],"line":180},"37":{"loc":{"start":{"line":184,"column":37},"end":{"line":184,"column":91}},"type":"cond-expr","locations":[{"start":{"line":184,"column":53},"end":{"line":184,"column":64}},{"start":{"line":184,"column":67},"end":{"line":184,"column":91}}],"line":184},"38":{"loc":{"start":{"line":185,"column":36},"end":{"line":185,"column":79}},"type":"binary-expr","locations":[{"start":{"line":185,"column":36},"end":{"line":185,"column":49}},{"start":{"line":185,"column":53},"end":{"line":185,"column":79}}],"line":185}},"s":{"0":1,"1":60,"2":1,"3":17,"4":0,"5":17,"6":27,"7":30,"8":17,"9":17,"10":1,"11":17,"12":17,"13":17,"14":17,"15":17,"16":17,"17":1,"18":15,"19":27,"20":15,"21":27,"22":27,"23":17,"24":10,"25":10,"26":10,"27":10,"28":10,"29":10,"30":1,"31":9,"32":9,"33":9,"34":1,"35":13,"36":11,"37":13,"38":11,"39":11,"40":11,"41":7,"42":7,"43":4,"44":4,"45":4,"46":1,"47":9,"48":9,"49":9,"50":1,"51":7,"52":24,"53":1,"54":13,"55":11,"56":13,"57":11,"58":11,"59":7,"60":7,"61":4,"62":4,"63":4,"64":4,"65":1,"66":9,"67":9,"68":9,"69":1,"70":1,"71":4,"72":10,"73":23,"74":12,"75":2,"76":4,"77":10,"78":1,"79":1,"80":12,"81":1,"82":13,"83":11,"84":13,"85":11,"86":11,"87":11,"88":7,"89":12,"90":7,"91":7,"92":4,"93":4,"94":6,"95":6,"96":6,"97":29,"98":26,"99":3,"100":3,"101":6,"102":24,"103":2,"104":4,"105":8,"106":4,"107":4,"108":4},"f":{"0":60,"1":17,"2":27,"3":30,"4":17,"5":15,"6":27,"7":27,"8":9,"9":13,"10":11,"11":11,"12":9,"13":7,"14":24,"15":13,"16":11,"17":11,"18":9,"19":10,"20":4,"21":23,"22":12,"23":4,"24":1,"25":13,"26":11,"27":11,"28":12,"29":6,"30":6,"31":29,"32":24,"33":2,"34":4,"35":8},"b":{"0":[5],"1":[10],"2":[0,17],"3":[27,0],"4":[28,2],"5":[30,2],"6":[17,10],"7":[9,8],"8":[17,8],"9":[0],"10":[17,6],"11":[17,0],"12":[2,15],"13":[5],"14":[17,10],"15":[10,7],"16":[0,10],"17":[9],"18":[7,4],"19":[4,4],"20":[12,12],"21":[0,12],"22":[0,0,0],"23":[9],"24":[7,4],"25":[3],"26":[23,1],"27":[2,10],"28":[4,0],"29":[1,9],"30":[1,0],"31":[9],"32":[7,4],"33":[7,6],"34":[26,3],"35":[6,0],"36":[6,6],"37":[8,16],"38":[2,1]},"_coverageSchema":"1a1c01bbd47fc00a2c39e90264f33305004495a9","hash":"3701a40997fbd9abc93a85b7ce8a78efd5cc5f71"}
,"T:\\create-redux-pack\\src\\utils\\resetAction.ts": {"path":"T:\\create-redux-pack\\src\\utils\\resetAction.ts","statementMap":{"0":{"start":{"line":3,"column":26},"end":{"line":3,"column":62}},"1":{"start":{"line":5,"column":27},"end":{"line":5,"column":102}}},"fnMap":{},"branchMap":{},"s":{"0":1,"1":1},"f":{},"b":{},"_coverageSchema":"1a1c01bbd47fc00a2c39e90264f33305004495a9","hash":"60277dc3b314cc8c3385728d73b1a7bb60a79885"}
}
