TN:
SF:src\index.ts
FN:38,(anonymous_0)
FN:41,(anonymous_1)
FN:73,(anonymous_2)
FN:84,(anonymous_3)
FN:89,(anonymous_4)
FN:98,(anonymous_5)
FN:114,(anonymous_6)
FN:123,(anonymous_7)
FN:128,(anonymous_8)
FN:147,(anonymous_9)
FN:164,(anonymous_10)
FN:169,(anonymous_11)
FN:200,(anonymous_12)
FN:203,(anonymous_13)
FN:209,(anonymous_14)
FN:217,(anonymous_15)
FN:222,(anonymous_16)
FN:227,(anonymous_17)
FN:231,(anonymous_18)
FN:233,(anonymous_19)
FN:236,(anonymous_20)
FN:243,(anonymous_21)
FN:253,(anonymous_22)
FN:264,(anonymous_23)
FN:268,(anonymous_24)
FN:272,(anonymous_25)
FN:281,(anonymous_26)
FN:287,(anonymous_27)
FN:288,(anonymous_28)
FN:289,(anonymous_29)
FN:290,(anonymous_30)
FN:291,(anonymous_31)
FN:292,(anonymous_32)
FN:293,(anonymous_33)
FN:297,(anonymous_34)
FN:304,(anonymous_35)
FN:313,(anonymous_36)
FN:322,(anonymous_37)
FNF:38
FNH:38
FNDA:3,(anonymous_0)
FNDA:9,(anonymous_1)
FNDA:1,(anonymous_2)
FNDA:13,(anonymous_3)
FNDA:2,(anonymous_4)
FNDA:71,(anonymous_5)
FNDA:3,(anonymous_6)
FNDA:22,(anonymous_7)
FNDA:1,(anonymous_8)
FNDA:7,(anonymous_9)
FNDA:16,(anonymous_10)
FNDA:11,(anonymous_11)
FNDA:1,(anonymous_12)
FNDA:1,(anonymous_13)
FNDA:9,(anonymous_14)
FNDA:9,(anonymous_15)
FNDA:9,(anonymous_16)
FNDA:65,(anonymous_17)
FNDA:14,(anonymous_18)
FNDA:14,(anonymous_19)
FNDA:13,(anonymous_20)
FNDA:9,(anonymous_21)
FNDA:9,(anonymous_22)
FNDA:9,(anonymous_23)
FNDA:5,(anonymous_24)
FNDA:5,(anonymous_25)
FNDA:2,(anonymous_26)
FNDA:30,(anonymous_27)
FNDA:31,(anonymous_28)
FNDA:31,(anonymous_29)
FNDA:50,(anonymous_30)
FNDA:40,(anonymous_31)
FNDA:46,(anonymous_32)
FNDA:60,(anonymous_33)
FNDA:4,(anonymous_34)
FNDA:5,(anonymous_35)
FNDA:1,(anonymous_36)
FNDA:2,(anonymous_37)
DA:38,3
DA:40,1
DA:44,9
DA:45,8
DA:47,8
DA:52,8
DA:58,8
DA:60,8
DA:72,8
DA:77,1
DA:88,13
DA:90,2
DA:96,13
DA:97,13
DA:100,71
DA:103,71
DA:104,71
DA:115,3
DA:116,3
DA:123,13
DA:124,22
DA:125,21
DA:142,1
DA:143,1
DA:144,1
DA:145,1
DA:147,7
DA:161,1
DA:162,1
DA:165,16
DA:166,8
DA:174,11
DA:186,11
DA:197,11
DA:201,1
DA:204,1
DA:205,1
DA:212,9
DA:217,9
DA:227,65
DA:228,9
DA:231,14
DA:233,14
DA:236,13
DA:247,9
DA:256,9
DA:267,9
DA:268,5
DA:273,5
DA:278,5
DA:279,5
DA:281,2
DA:287,30
DA:288,31
DA:289,31
DA:290,50
DA:291,40
DA:292,46
DA:293,60
DA:297,1
DA:298,4
DA:299,2
DA:300,2
DA:304,1
DA:305,5
DA:306,2
DA:307,2
DA:313,1
DA:314,1
DA:318,1
DA:319,1
DA:322,1
DA:327,2
LF:73
LH:73
BRDA:88,0,0,13
BRDA:88,0,1,11
BRDA:92,1,0,1
BRDA:92,1,1,1
BRDA:92,2,0,1
BRDA:92,2,1,0
BRDA:92,3,0,1
BRDA:92,3,1,0
BRDA:100,4,0,2
BRDA:100,4,1,69
BRDA:100,5,0,71
BRDA:100,5,1,14
BRDA:109,6,0,2
BRDA:109,6,1,11
BRDA:124,7,0,1
BRDA:124,7,1,21
BRDA:165,8,0,8
BRDA:165,8,1,8
BRDA:165,9,0,16
BRDA:165,9,1,9
BRDA:176,10,0,4
BRDA:176,10,1,7
BRDA:188,11,0,4
BRDA:188,11,1,7
BRDA:225,12,0,7
BRDA:245,13,0,7
BRDA:246,14,0,7
BRDA:255,15,0,7
BRDA:266,16,0,7
BRDA:282,17,0,2
BRDA:282,17,1,2
BRDA:293,18,0,8
BRDA:293,18,1,52
BRDA:298,19,0,2
BRDA:298,19,1,2
BRDA:305,20,0,2
BRDA:305,20,1,3
BRDA:327,21,0,2
BRDA:327,21,1,0
BRDA:327,22,0,2
BRDA:327,22,1,0
BRDA:327,23,0,2
BRDA:327,23,1,0
BRF:43
BRH:38
end_of_record
TN:
SF:src\utils\createAction.ts
FN:4,(anonymous_0)
FN:8,(anonymous_1)
FNF:2
FNH:2
FNDA:30,(anonymous_0)
FNDA:18,(anonymous_1)
DA:4,1
DA:8,30
LF:2
LH:2
BRDA:9,0,0,1
BRDA:9,0,1,17
BRF:2
BRH:2
end_of_record
TN:
SF:src\utils\createReducerCase.ts
FN:3,(anonymous_0)
FN:6,(anonymous_1)
FNF:2
FNH:2
FNDA:29,(anonymous_0)
FNDA:13,(anonymous_1)
DA:3,1
DA:6,29
LF:2
LH:2
BRDA:7,0,0,2
BRDA:7,0,1,11
BRF:2
BRH:2
end_of_record
TN:
SF:src\utils\createSelector.ts
FN:3,(anonymous_0)
FN:7,(anonymous_1)
FN:8,(anonymous_2)
FNF:3
FNH:3
FNDA:6,(anonymous_0)
FNDA:5,(anonymous_1)
FNDA:5,(anonymous_2)
DA:3,1
DA:7,6
DA:8,6
DA:9,6
LF:4
LH:4
BRDA:7,0,0,6
BRDA:7,0,1,0
BRDA:8,1,0,6
BRDA:8,1,1,0
BRF:4
BRH:2
end_of_record
TN:
SF:src\utils\formatParams.ts
FN:5,(anonymous_0)
FNF:1
FNH:1
FNDA:10,(anonymous_0)
DA:3,1
DA:5,1
DA:8,10
DA:9,10
DA:10,9
DA:11,8
DA:12,8
DA:14,1
LF:8
LH:8
BRDA:9,0,0,1
BRDA:9,1,0,1
BRDA:10,2,0,1
BRDA:10,2,1,8
BRF:4
BRH:4
end_of_record
TN:
SF:src\utils\getReadableKey.ts
FN:3,(anonymous_0)
FNF:1
FNH:1
FNDA:22,(anonymous_0)
DA:3,22
LF:1
LH:1
BRDA:3,0,0,18
BRDA:3,0,1,4
BRF:2
BRH:2
end_of_record
TN:
SF:src\utils\hasCRPackName.ts
FN:1,(anonymous_0)
FNF:1
FNH:1
FNDA:110,(anonymous_0)
DA:1,110
LF:1
LH:1
BRF:0
BRH:0
end_of_record
TN:
SF:src\utils\index.ts
FNF:0
FNH:0
LF:0
LH:0
BRF:0
BRH:0
end_of_record
TN:
SF:src\utils\makeKeysReadable.ts
FN:3,(anonymous_0)
FN:6,(anonymous_1)
FN:11,(anonymous_2)
FNF:3
FNH:3
FNDA:4,(anonymous_0)
FNDA:10,(anonymous_1)
FNDA:7,(anonymous_2)
DA:3,1
DA:4,4
DA:5,3
DA:6,3
DA:7,10
DA:8,10
DA:9,4
DA:11,4
DA:12,7
DA:13,7
DA:14,7
DA:15,7
DA:16,7
DA:19,4
DA:22,3
LF:15
LH:15
BRDA:4,0,0,1
BRDA:4,0,1,3
BRDA:4,1,0,4
BRDA:4,1,1,4
BRDA:7,2,0,10
BRDA:7,2,1,1
BRDA:8,3,0,6
BRDA:8,3,1,4
BRDA:12,4,0,7
BRDA:12,4,1,0
BRDA:13,5,0,7
BRDA:13,5,1,0
BRF:12
BRH:10
end_of_record
TN:
SF:src\utils\mergeGenerators.ts
FN:3,(anonymous_0)
FN:7,(anonymous_1)
FN:8,(anonymous_2)
FN:10,(anonymous_3)
FN:12,(anonymous_4)
FN:13,(anonymous_5)
FN:14,(anonymous_6)
FN:16,(anonymous_7)
FN:19,(anonymous_8)
FN:21,(anonymous_9)
FN:22,(anonymous_10)
FN:24,(anonymous_11)
FN:33,(anonymous_12)
FN:54,(anonymous_13)
FN:56,(anonymous_14)
FN:58,(anonymous_15)
FN:59,(anonymous_16)
FNF:17
FNH:16
FNDA:3,(anonymous_0)
FNDA:6,(anonymous_1)
FNDA:0,(anonymous_2)
FNDA:2,(anonymous_3)
FNDA:4,(anonymous_4)
FNDA:4,(anonymous_5)
FNDA:4,(anonymous_6)
FNDA:4,(anonymous_7)
FNDA:6,(anonymous_8)
FNDA:2,(anonymous_9)
FNDA:4,(anonymous_10)
FNDA:4,(anonymous_11)
FNDA:6,(anonymous_12)
FNDA:14,(anonymous_13)
FNDA:12,(anonymous_14)
FNDA:24,(anonymous_15)
FNDA:18,(anonymous_16)
DA:3,1
DA:6,3
DA:7,6
DA:8,2
DA:9,2
DA:10,2
DA:11,2
DA:12,4
DA:13,4
DA:14,4
DA:15,2
DA:16,4
DA:18,2
DA:19,6
DA:22,4
DA:23,2
DA:25,4
DA:26,4
DA:27,4
DA:28,1
DA:32,1
DA:33,6
DA:40,4
DA:53,2
DA:54,14
DA:57,12
DA:58,24
DA:59,18
DA:64,2
DA:69,1
LF:30
LH:30
BRDA:9,0,0,2
BRDA:9,0,1,0
BRDA:14,1,0,4
BRDA:14,1,1,4
BRDA:14,1,2,4
BRDA:21,2,0,0
BRDA:27,3,0,1
BRDA:27,3,1,3
BRDA:35,4,0,5
BRDA:35,4,1,1
BRDA:35,5,0,6
BRDA:35,5,1,3
BRF:12
BRH:10
end_of_record
TN:
SF:src\utils\mergeObjects.ts
FN:1,(anonymous_0)
FN:3,(anonymous_1)
FN:4,(anonymous_2)
FNF:3
FNH:3
FNDA:4,(anonymous_0)
FNDA:6,(anonymous_1)
FNDA:18,(anonymous_2)
DA:1,1
DA:2,4
DA:3,4
DA:4,6
DA:5,18
DA:7,6
DA:8,6
DA:10,4
DA:11,4
LF:9
LH:9
BRDA:5,0,0,2
BRDA:5,0,1,16
BRDA:5,1,0,18
BRDA:5,1,1,2
BRDA:7,2,0,6
BRDA:7,2,1,0
BRF:6
BRH:5
end_of_record
TN:
SF:src\utils\payloadMappers.ts
FN:6,(anonymous_0)
FN:8,(anonymous_1)
FN:10,(anonymous_2)
FN:14,(anonymous_3)
FN:19,(anonymous_4)
FN:36,(anonymous_5)
FN:44,(anonymous_6)
FN:45,(anonymous_7)
FN:59,(anonymous_8)
FN:65,(anonymous_9)
FN:71,(anonymous_10)
FN:72,(anonymous_11)
FN:85,(anonymous_12)
FN:91,(anonymous_13)
FN:93,(anonymous_14)
FN:97,(anonymous_15)
FN:103,(anonymous_16)
FN:104,(anonymous_17)
FN:117,(anonymous_18)
FN:129,(anonymous_19)
FN:129,(anonymous_20)
FN:131,(anonymous_21)
FN:133,(anonymous_22)
FN:137,(anonymous_23)
FN:144,(anonymous_24)
FN:154,(anonymous_25)
FN:161,(anonymous_26)
FN:162,(anonymous_27)
FN:166,(anonymous_28)
FN:171,(anonymous_29)
FN:172,(anonymous_30)
FN:174,(anonymous_31)
FN:184,(anonymous_32)
FN:185,(anonymous_33)
FN:186,(anonymous_34)
FN:187,(anonymous_35)
FNF:36
FNH:36
FNDA:60,(anonymous_0)
FNDA:17,(anonymous_1)
FNDA:27,(anonymous_2)
FNDA:30,(anonymous_3)
FNDA:17,(anonymous_4)
FNDA:15,(anonymous_5)
FNDA:27,(anonymous_6)
FNDA:27,(anonymous_7)
FNDA:9,(anonymous_8)
FNDA:13,(anonymous_9)
FNDA:11,(anonymous_10)
FNDA:11,(anonymous_11)
FNDA:9,(anonymous_12)
FNDA:7,(anonymous_13)
FNDA:24,(anonymous_14)
FNDA:13,(anonymous_15)
FNDA:11,(anonymous_16)
FNDA:11,(anonymous_17)
FNDA:9,(anonymous_18)
FNDA:10,(anonymous_19)
FNDA:4,(anonymous_20)
FNDA:23,(anonymous_21)
FNDA:12,(anonymous_22)
FNDA:4,(anonymous_23)
FNDA:1,(anonymous_24)
FNDA:13,(anonymous_25)
FNDA:11,(anonymous_26)
FNDA:11,(anonymous_27)
FNDA:12,(anonymous_28)
FNDA:6,(anonymous_29)
FNDA:6,(anonymous_30)
FNDA:29,(anonymous_31)
FNDA:24,(anonymous_32)
FNDA:2,(anonymous_33)
FNDA:4,(anonymous_34)
FNDA:8,(anonymous_35)
DA:6,60
DA:8,1
DA:9,17
DA:10,17
DA:11,27
DA:14,30
DA:15,17
DA:16,17
DA:19,1
DA:28,17
DA:29,17
DA:30,17
DA:31,17
DA:32,17
DA:33,17
DA:36,1
DA:44,27
DA:45,15
DA:46,27
DA:47,27
DA:48,17
DA:50,10
DA:51,10
DA:52,10
DA:53,10
DA:54,10
DA:55,10
DA:59,1
DA:60,9
DA:61,9
DA:62,9
DA:65,1
DA:71,13
DA:72,13
DA:73,11
DA:74,11
DA:75,11
DA:76,7
DA:77,7
DA:79,4
DA:80,4
DA:81,4
DA:85,1
DA:86,9
DA:87,9
DA:88,9
DA:91,1
DA:92,7
DA:94,24
DA:97,1
DA:103,13
DA:104,13
DA:105,11
DA:106,11
DA:107,7
DA:108,7
DA:110,4
DA:111,4
DA:112,4
DA:113,4
DA:117,1
DA:122,9
DA:123,9
DA:124,9
DA:127,1
DA:129,4
DA:130,10
DA:131,23
DA:134,12
DA:135,2
DA:137,4
DA:142,10
DA:143,1
DA:144,1
DA:149,12
DA:154,1
DA:161,13
DA:162,13
DA:163,11
DA:164,11
DA:165,11
DA:166,12
DA:167,7
DA:168,7
DA:170,4
DA:171,4
DA:172,6
DA:173,6
DA:174,6
DA:175,29
DA:176,3
DA:177,3
DA:180,6
DA:184,24
DA:185,2
DA:186,4
DA:187,8
DA:192,4
DA:193,4
DA:194,4
LF:100
LH:100
BRDA:8,0,0,5
BRDA:8,1,0,10
BRDA:9,2,0,0
BRDA:9,2,1,17
BRDA:11,3,0,27
BRDA:11,3,1,0
BRDA:14,4,0,28
BRDA:14,4,1,2
BRDA:14,5,0,30
BRDA:14,5,1,2
BRDA:15,6,0,17
BRDA:15,6,1,10
BRDA:16,7,0,9
BRDA:16,7,1,8
BRDA:16,8,0,17
BRDA:16,8,1,8
BRDA:26,9,0,0
BRDA:29,10,0,17
BRDA:29,10,1,6
BRDA:31,11,0,17
BRDA:31,11,1,0
BRDA:33,12,0,2
BRDA:33,12,1,15
BRDA:42,13,0,5
BRDA:47,14,0,17
BRDA:47,14,1,10
BRDA:52,15,0,10
BRDA:52,15,1,7
BRDA:53,16,0,0
BRDA:53,16,1,10
BRDA:69,17,0,9
BRDA:75,18,0,7
BRDA:75,18,1,4
BRDA:80,19,0,4
BRDA:80,19,1,4
BRDA:94,20,0,12
BRDA:94,20,1,12
BRDA:94,21,0,0
BRDA:94,21,1,12
BRDA:94,22,0,0
BRDA:94,22,1,0
BRDA:94,22,2,0
BRDA:101,23,0,9
BRDA:106,24,0,7
BRDA:106,24,1,4
BRDA:129,25,0,3
BRDA:131,26,0,23
BRDA:131,26,1,1
BRDA:134,27,0,2
BRDA:134,27,1,10
BRDA:137,28,0,4
BRDA:137,28,1,0
BRDA:142,29,0,1
BRDA:142,29,1,9
BRDA:144,30,0,1
BRDA:144,30,1,0
BRDA:159,31,0,9
BRDA:165,32,0,7
BRDA:165,32,1,4
BRDA:166,33,0,7
BRDA:166,33,1,6
BRDA:175,34,0,26
BRDA:175,34,1,3
BRDA:180,35,0,6
BRDA:180,35,1,0
BRDA:180,36,0,6
BRDA:180,36,1,6
BRDA:184,37,0,8
BRDA:184,37,1,16
BRDA:185,38,0,2
BRDA:185,38,1,1
BRF:71
BRH:59
end_of_record
TN:
SF:src\utils\resetAction.ts
FNF:0
FNH:0
DA:3,1
DA:5,1
LF:2
LH:2
BRF:0
BRH:0
end_of_record
