TN:
SF:src\index.ts
FN:29,(anonymous_0)
FN:30,(anonymous_1)
FN:31,(anonymous_2)
FN:32,(anonymous_3)
FN:33,(anonymous_4)
FN:34,(anonymous_5)
FN:35,(anonymous_6)
FN:37,(anonymous_7)
FN:46,(anonymous_8)
FN:78,(anonymous_9)
FN:83,(anonymous_10)
FN:92,(anonymous_11)
FN:108,(anonymous_12)
FN:117,(anonymous_13)
FN:123,(anonymous_14)
FN:145,(anonymous_15)
FN:168,(anonymous_16)
FN:173,(anonymous_17)
FN:205,(anonymous_18)
FN:208,(anonymous_19)
FN:214,(anonymous_20)
FN:215,(anonymous_21)
FN:216,(anonymous_22)
FN:219,(anonymous_23)
FN:221,(anonymous_24)
FN:226,(anonymous_25)
FN:231,(anonymous_26)
FN:233,(anonymous_27)
FN:234,(anonymous_28)
FN:235,(anonymous_29)
FN:236,(anonymous_30)
FN:237,(anonymous_31)
FN:240,(anonymous_32)
FN:249,(anonymous_33)
FN:258,(anonymous_34)
FN:262,(anonymous_35)
FN:270,(anonymous_36)
FN:279,(anonymous_37)
FN:283,(anonymous_38)
FN:288,(anonymous_39)
FN:291,(anonymous_40)
FN:310,(anonymous_41)
FN:326,(anonymous_42)
FN:333,(anonymous_43)
FN:340,(anonymous_44)
FN:342,(anonymous_45)
FN:343,(anonymous_46)
FN:346,(anonymous_47)
FN:350,(anonymous_48)
FN:356,(anonymous_49)
FN:365,(anonymous_50)
FNF:51
FNH:51
FNDA:27,(anonymous_0)
FNDA:27,(anonymous_1)
FNDA:43,(anonymous_2)
FNDA:35,(anonymous_3)
FNDA:38,(anonymous_4)
FNDA:22,(anonymous_5)
FNDA:3,(anonymous_6)
FNDA:6,(anonymous_7)
FNDA:5,(anonymous_8)
FNDA:12,(anonymous_9)
FNDA:2,(anonymous_10)
FNDA:63,(anonymous_11)
FNDA:3,(anonymous_12)
FNDA:18,(anonymous_13)
FNDA:1,(anonymous_14)
FNDA:7,(anonymous_15)
FNDA:13,(anonymous_16)
FNDA:8,(anonymous_17)
FNDA:1,(anonymous_18)
FNDA:1,(anonymous_19)
FNDA:6,(anonymous_20)
FNDA:5,(anonymous_21)
FNDA:4,(anonymous_22)
FNDA:3,(anonymous_23)
FNDA:6,(anonymous_24)
FNDA:6,(anonymous_25)
FNDA:48,(anonymous_26)
FNDA:12,(anonymous_27)
FNDA:12,(anonymous_28)
FNDA:12,(anonymous_29)
FNDA:2,(anonymous_30)
FNDA:6,(anonymous_31)
FNDA:12,(anonymous_32)
FNDA:11,(anonymous_33)
FNDA:4,(anonymous_34)
FNDA:6,(anonymous_35)
FNDA:2,(anonymous_36)
FNDA:11,(anonymous_37)
FNDA:4,(anonymous_38)
FNDA:3,(anonymous_39)
FNDA:4,(anonymous_40)
FNDA:2,(anonymous_41)
FNDA:3,(anonymous_42)
FNDA:2,(anonymous_43)
FNDA:2,(anonymous_44)
FNDA:1,(anonymous_45)
FNDA:1,(anonymous_46)
FNDA:3,(anonymous_47)
FNDA:3,(anonymous_48)
FNDA:1,(anonymous_49)
FNDA:2,(anonymous_50)
DA:27,1
DA:29,27
DA:30,27
DA:31,43
DA:32,35
DA:33,38
DA:34,22
DA:35,3
DA:37,1
DA:41,6
DA:42,6
DA:45,1
DA:49,5
DA:50,5
DA:52,5
DA:53,5
DA:55,5
DA:62,5
DA:82,12
DA:84,2
DA:90,12
DA:91,12
DA:94,63
DA:97,63
DA:98,63
DA:109,3
DA:110,3
DA:117,12
DA:118,18
DA:119,17
DA:136,1
DA:137,1
DA:139,1
DA:144,1
DA:146,7
DA:147,7
DA:148,7
DA:165,1
DA:166,1
DA:169,13
DA:170,7
DA:178,8
DA:190,8
DA:202,8
DA:206,1
DA:209,1
DA:210,1
DA:214,6
DA:215,5
DA:216,4
DA:219,3
DA:221,6
DA:231,48
DA:232,6
DA:233,12
DA:234,12
DA:235,12
DA:237,6
DA:238,2
DA:241,12
DA:253,11
DA:258,4
DA:265,6
DA:270,2
DA:282,11
DA:283,4
DA:288,3
DA:292,4
DA:293,4
DA:310,2
DA:326,1
DA:327,3
DA:328,2
DA:329,2
DA:333,1
DA:334,2
DA:335,2
DA:336,2
DA:340,1
DA:341,2
DA:342,1
DA:343,1
DA:346,1
DA:350,3
DA:356,1
DA:357,1
DA:361,1
DA:362,1
DA:365,1
DA:384,2
LF:90
LH:90
BRDA:82,0,0,12
BRDA:82,0,1,10
BRDA:86,1,0,1
BRDA:86,1,1,1
BRDA:86,2,0,1
BRDA:86,2,1,0
BRDA:86,3,0,1
BRDA:86,3,1,0
BRDA:94,4,0,2
BRDA:94,4,1,61
BRDA:94,5,0,63
BRDA:94,5,1,14
BRDA:103,6,0,2
BRDA:103,6,1,10
BRDA:118,7,0,1
BRDA:118,7,1,17
BRDA:151,8,0,6
BRDA:151,8,1,1
BRDA:152,9,0,7
BRDA:152,9,1,0
BRDA:169,10,0,7
BRDA:169,10,1,6
BRDA:169,11,0,13
BRDA:169,11,1,8
BRDA:180,12,0,2
BRDA:180,12,1,6
BRDA:192,13,0,2
BRDA:192,13,1,6
BRDA:217,14,0,0
BRDA:217,14,1,4
BRDA:229,15,0,5
BRDA:237,16,0,2
BRDA:237,16,1,1
BRDA:251,17,0,10
BRDA:252,18,0,9
BRDA:258,19,0,4
BRDA:258,19,1,2
BRDA:264,20,0,5
BRDA:281,21,0,9
BRDA:295,22,0,4
BRDA:295,22,1,0
BRDA:297,23,0,2
BRDA:297,23,1,2
BRDA:298,24,0,2
BRDA:298,24,1,0
BRDA:312,25,0,2
BRDA:312,25,1,2
BRDA:327,26,0,2
BRDA:327,26,1,1
BRDA:334,27,0,2
BRDA:334,27,1,0
BRDA:351,28,0,1
BRDA:351,28,1,2
BRF:53
BRH:46
end_of_record
